
                            < M A T L A B (R) >
                  Copyright 1984-2014 The MathWorks, Inc.
                   R2014b (8.4.0.150421) 64-bit (glnxa64)
                             September 15, 2014

 
To get started, type one of these: helpwin, helpdesk, or demo.
For product information, visit www.mathworks.com.
 
    ----------------------------------------------------
	Your MATLAB license will expire in 43 days.
	Please contact your system administrator or
	MathWorks to renew this license.
    ----------------------------------------------------

x0_EZ_range1 =

  Columns 1 through 3

  -1.500000000000000  -1.490000000000000  -1.480000000000000

  Columns 4 through 6

  -1.470000000000000  -1.460000000000000  -1.450000000000000

  Columns 7 through 9

  -1.440000000000000  -1.430000000000000  -1.420000000000000

  Columns 10 through 12

  -1.410000000000000  -1.400000000000000  -1.390000000000000

  Columns 13 through 15

  -1.380000000000000  -1.370000000000000  -1.360000000000000

  Columns 16 through 18

  -1.350000000000000  -1.340000000000000  -1.330000000000000

  Columns 19 through 21

  -1.320000000000000  -1.310000000000000  -1.300000000000000

  Columns 22 through 24

  -1.290000000000000  -1.280000000000000  -1.270000000000000

  Columns 25 through 27

  -1.260000000000000  -1.250000000000000  -1.240000000000000

  Columns 28 through 30

  -1.230000000000000  -1.220000000000000  -1.210000000000000

  Columns 31 through 33

  -1.200000000000000  -1.190000000000000  -1.180000000000000

  Columns 34 through 36

  -1.170000000000000  -1.160000000000000  -1.150000000000000

  Columns 37 through 39

  -1.140000000000000  -1.130000000000000  -1.120000000000000

  Columns 40 through 42

  -1.110000000000000  -1.100000000000000  -1.090000000000000

  Columns 43 through 45

  -1.080000000000000  -1.070000000000000  -1.060000000000000

  Columns 46 through 48

  -1.050000000000000  -1.040000000000000  -1.030000000000000

  Columns 49 through 51

  -1.020000000000000  -1.010000000000000  -1.000000000000000

  Columns 1 through 3

  -1.500000000000000  -1.490000000000000  -1.480000000000000

  Columns 4 through 6

  -1.470000000000000  -1.460000000000000  -1.450000000000000

  Columns 7 through 9

  -1.440000000000000  -1.430000000000000  -1.420000000000000

  Columns 10 through 12

  -1.410000000000000  -1.400000000000000  -1.390000000000000

  Columns 13 through 15

  -1.380000000000000  -1.370000000000000  -1.360000000000000

  Columns 16 through 18

  -1.350000000000000  -1.340000000000000  -1.330000000000000

  Columns 19 through 21

  -1.320000000000000  -1.310000000000000  -1.300000000000000

  Columns 22 through 24

  -1.290000000000000  -1.280000000000000  -1.270000000000000

  Columns 25 through 27

  -1.260000000000000  -1.250000000000000  -1.240000000000000

  Columns 28 through 30

  -1.230000000000000  -1.220000000000000  -1.210000000000000

  Columns 31 through 33

  -1.200000000000000  -1.190000000000000  -1.180000000000000

  Columns 34 through 36

  -1.170000000000000  -1.160000000000000  -1.150000000000000

  Columns 37 through 39

  -1.140000000000000  -1.130000000000000  -1.120000000000000

  Columns 40 through 42

  -1.110000000000000  -1.100000000000000  -1.090000000000000

  Columns 43 through 45

  -1.080000000000000  -1.070000000000000  -1.060000000000000

  Columns 46 through 48

  -1.050000000000000  -1.040000000000000  -1.030000000000000

  Columns 49 through 51

  -1.020000000000000  -1.010000000000000  -1.000000000000000

Processing original EZ = 23

Equation solved.

fsolve completed because the vector of function values is near zero
as measured by the selected value of the function tolerance, and
the problem appears regular as measured by the gradient.



Exit flag: 1
con2cov: iterations = 35309, max. relative error = 1.198143e-15
stability1 = 213.924367 at x0(EZ) = -1.500000

Equation solved.

fsolve completed because the vector of function values is near zero
as measured by the selected value of the function tolerance, and
the problem appears regular as measured by the gradient.



Exit flag: 1
con2cov: iterations = 35299, max. relative error = 1.197587e-15
stability1 = 213.842367 at x0(EZ) = -1.490000

Equation solved.

fsolve completed because the vector of function values is near zero
as measured by the selected value of the function tolerance, and
the problem appears regular as measured by the gradient.



Exit flag: 1
con2cov: iterations = 35288, max. relative error = 1.198084e-15
stability1 = 213.760341 at x0(EZ) = -1.480000

Equation solved.

fsolve completed because the vector of function values is near zero
as measured by the selected value of the function tolerance, and
the problem appears regular as measured by the gradient.



Exit flag: 1
con2cov: iterations = 35277, max. relative error = 1.198589e-15
stability1 = 213.678291 at x0(EZ) = -1.470000

Equation solved.

fsolve completed because the vector of function values is near zero
as measured by the selected value of the function tolerance, and
the problem appears regular as measured by the gradient.



Exit flag: 1
con2cov: iterations = 35267, max. relative error = 1.198053e-15
stability1 = 213.596216 at x0(EZ) = -1.460000

Equation solved.

fsolve completed because the vector of function values is near zero
as measured by the selected value of the function tolerance, and
the problem appears regular as measured by the gradient.



Exit flag: 1
con2cov: iterations = 35256, max. relative error = 1.198573e-15
stability1 = 213.514116 at x0(EZ) = -1.450000

Equation solved.

fsolve completed because the vector of function values is near zero
as measured by the selected value of the function tolerance, and
the problem appears regular as measured by the gradient.



Exit flag: 1
con2cov: iterations = 35245, max. relative error = 1.199100e-15
stability1 = 213.431992 at x0(EZ) = -1.440000

Equation solved.

fsolve completed because the vector of function values is near zero
as measured by the selected value of the function tolerance, and
the problem appears regular as measured by the gradient.



Exit flag: 1
con2cov: iterations = 35235, max. relative error = 1.198585e-15
stability1 = 213.349843 at x0(EZ) = -1.430000

Equation solved.

fsolve completed because the vector of function values is near zero
as measured by the selected value of the function tolerance, and
the problem appears regular as measured by the gradient.



Exit flag: 1
con2cov: iterations = 35224, max. relative error = 1.199126e-15
stability1 = 213.267671 at x0(EZ) = -1.420000

Equation solved.

fsolve completed because the vector of function values is near zero
as measured by the selected value of the function tolerance, and
the problem appears regular as measured by the gradient.



Exit flag: 1
con2cov: iterations = 35214, max. relative error = 1.198624e-15
stability1 = 213.185476 at x0(EZ) = -1.410000

Equation solved.

fsolve completed because the vector of function values is near zero
as measured by the selected value of the function tolerance, and
the problem appears regular as measured by the gradient.



Exit flag: 1
con2cov: iterations = 35203, max. relative error = 1.199180e-15
stability1 = 213.103258 at x0(EZ) = -1.400000

Equation solved.

fsolve completed because the vector of function values is near zero
as measured by the selected value of the function tolerance, and
the problem appears regular as measured by the gradient.



Exit flag: 1
con2cov: iterations = 35192, max. relative error = 1.199743e-15
stability1 = 213.021016 at x0(EZ) = -1.390000

Equation solved.

fsolve completed because the vector of function values is near zero
as measured by the selected value of the function tolerance, and
the problem appears regular as measured by the gradient.



Exit flag: 1
con2cov: iterations = 35182, max. relative error = 1.199261e-15
stability1 = 212.938752 at x0(EZ) = -1.380000

Equation solved, inaccuracy possible.

The vector of function values is near zero, as measured by the selected value
of the function tolerance. However, the last step was ineffective.



Exit flag: 3
con2cov: iterations = 35171, max. relative error = 1.199838e-15
stability1 = 212.856466 at x0(EZ) = -1.370000

Equation solved.

fsolve completed because the vector of function values is near zero
as measured by the selected value of the function tolerance, and
the problem appears regular as measured by the gradient.



Exit flag: 1
con2cov: iterations = 35161, max. relative error = 1.199370e-15
stability1 = 212.774158 at x0(EZ) = -1.360000

Equation solved.

fsolve completed because the vector of function values is near zero
as measured by the selected value of the function tolerance, and
the problem appears regular as measured by the gradient.



Exit flag: 1
con2cov: iterations = 35150, max. relative error = 1.199961e-15
stability1 = 212.691829 at x0(EZ) = -1.350000

Equation solved.

fsolve completed because the vector of function values is near zero
as measured by the selected value of the function tolerance, and
the problem appears regular as measured by the gradient.



Exit flag: 1
con2cov: iterations = 35140, max. relative error = 1.199506e-15
stability1 = 212.609479 at x0(EZ) = -1.340000

Equation solved.

fsolve completed because the vector of function values is near zero
as measured by the selected value of the function tolerance, and
the problem appears regular as measured by the gradient.



Exit flag: 1
con2cov: iterations = 35129, max. relative error = 1.200111e-15
stability1 = 212.527107 at x0(EZ) = -1.330000

Equation solved.

fsolve completed because the vector of function values is near zero
as measured by the selected value of the function tolerance, and
the problem appears regular as measured by the gradient.



Exit flag: 1
con2cov: iterations = 35119, max. relative error = 1.199668e-15
stability1 = 212.444716 at x0(EZ) = -1.320000

Equation solved.

fsolve completed because the vector of function values is near zero
as measured by the selected value of the function tolerance, and
the problem appears regular as measured by the gradient.



Exit flag: 1
con2cov: iterations = 35108, max. relative error = 1.200287e-15
stability1 = 212.362304 at x0(EZ) = -1.310000

Equation solved.

fsolve completed because the vector of function values is near zero
as measured by the selected value of the function tolerance, and
the problem appears regular as measured by the gradient.



Exit flag: 1
con2cov: iterations = 35098, max. relative error = 1.199857e-15
stability1 = 212.279873 at x0(EZ) = -1.300000

Equation solved.

fsolve completed because the vector of function values is near zero
as measured by the selected value of the function tolerance, and
the problem appears regular as measured by the gradient.



Exit flag: 1
con2cov: iterations = 35087, max. relative error = 1.200490e-15
stability1 = 212.197422 at x0(EZ) = -1.290000

Equation solved.

fsolve completed because the vector of function values is near zero
as measured by the selected value of the function tolerance, and
the problem appears regular as measured by the gradient.



Exit flag: 1
con2cov: iterations = 35077, max. relative error = 1.200073e-15
stability1 = 212.114953 at x0(EZ) = -1.280000

Equation solved.

fsolve completed because the vector of function values is near zero
as measured by the selected value of the function tolerance, and
the problem appears regular as measured by the gradient.



Exit flag: 1
con2cov: iterations = 35066, max. relative error = 1.200719e-15
stability1 = 212.032465 at x0(EZ) = -1.270000

Equation solved.

fsolve completed because the vector of function values is near zero
as measured by the selected value of the function tolerance, and
the problem appears regular as measured by the gradient.



Exit flag: 1
con2cov: iterations = 35056, max. relative error = 1.200314e-15
stability1 = 211.949959 at x0(EZ) = -1.260000

Equation solved, inaccuracy possible.

The vector of function values is near zero, as measured by the selected value
of the function tolerance. However, the last step was ineffective.



Exit flag: 3
con2cov: iterations = 35045, max. relative error = 1.200974e-15
stability1 = 211.867436 at x0(EZ) = -1.250000

Equation solved.

fsolve completed because the vector of function values is near zero
as measured by the selected value of the function tolerance, and
the problem appears regular as measured by the gradient.



Exit flag: 1
con2cov: iterations = 35035, max. relative error = 1.200582e-15
stability1 = 211.784896 at x0(EZ) = -1.240000

Equation solved.

fsolve completed because the vector of function values is near zero
as measured by the selected value of the function tolerance, and
the problem appears regular as measured by the gradient.



Exit flag: 1
con2cov: iterations = 35024, max. relative error = 1.201255e-15
stability1 = 211.702339 at x0(EZ) = -1.230000

Equation solved.

fsolve completed because the vector of function values is near zero
as measured by the selected value of the function tolerance, and
the problem appears regular as measured by the gradient.



Exit flag: 1
con2cov: iterations = 35014, max. relative error = 1.200875e-15
[Warning: stability1 is not a real number or is NaN at x0(EZ) = -1.220000] 
[> In mainK11 at 87
  In run at 63] 

Equation solved.

fsolve completed because the vector of function values is near zero
as measured by the selected value of the function tolerance, and
the problem appears regular as measured by the gradient.



con2cov: iterations = 35023, max. relative error = 1.201217e-15
Fine stability1 = 211.694082 at x0(EZ) = -1.229000

Equation solved.

fsolve completed because the vector of function values is near zero
as measured by the selected value of the function tolerance, and
the problem appears regular as measured by the gradient.



con2cov: iterations = 35022, max. relative error = 1.201178e-15
Fine stability1 = 211.685825 at x0(EZ) = -1.228000

Equation solved.

fsolve completed because the vector of function values is near zero
as measured by the selected value of the function tolerance, and
the problem appears regular as measured by the gradient.



con2cov: iterations = 35021, max. relative error = 1.201140e-15
Fine stability1 = 211.677568 at x0(EZ) = -1.227000

Equation solved.

fsolve completed because the vector of function values is near zero
as measured by the selected value of the function tolerance, and
the problem appears regular as measured by the gradient.



con2cov: iterations = 35020, max. relative error = 1.201102e-15
Fine stability1 = 211.669311 at x0(EZ) = -1.226000

Equation solved.

fsolve completed because the vector of function values is near zero
as measured by the selected value of the function tolerance, and
the problem appears regular as measured by the gradient.



con2cov: iterations = 35019, max. relative error = 1.201064e-15
Fine stability1 = 211.661054 at x0(EZ) = -1.225000

Equation solved.

fsolve completed because the vector of function values is near zero
as measured by the selected value of the function tolerance, and
the problem appears regular as measured by the gradient.



con2cov: iterations = 35018, max. relative error = 1.201026e-15
Fine stability1 = 211.652797 at x0(EZ) = -1.224000

Equation solved.

fsolve completed because the vector of function values is near zero
as measured by the selected value of the function tolerance, and
the problem appears regular as measured by the gradient.



con2cov: iterations = 35017, max. relative error = 1.200989e-15
Fine stability1 = 211.644539 at x0(EZ) = -1.223000

Equation solved.

fsolve completed because the vector of function values is near zero
as measured by the selected value of the function tolerance, and
the problem appears regular as measured by the gradient.



con2cov: iterations = 35016, max. relative error = 1.200951e-15
Fine stability1 = 211.636281 at x0(EZ) = -1.222000

Equation solved.

fsolve completed because the vector of function values is near zero
as measured by the selected value of the function tolerance, and
the problem appears regular as measured by the gradient.



con2cov: iterations = 35015, max. relative error = 1.200913e-15
Fine stability1 = 211.628023 at x0(EZ) = -1.221000
Processing original EZ = 27

Equation solved.

fsolve completed because the vector of function values is near zero
as measured by the selected value of the function tolerance, and
the problem appears regular as measured by the gradient.



Exit flag: 1
con2cov: iterations = 35242, max. relative error = 1.174388e-15
stability1 = 213.830577 at x0(EZ) = -1.500000

Equation solved.

fsolve completed because the vector of function values is near zero
as measured by the selected value of the function tolerance, and
the problem appears regular as measured by the gradient.



Exit flag: 1
con2cov: iterations = 35230, max. relative error = 1.174632e-15
stability1 = 213.747572 at x0(EZ) = -1.490000

Equation solved.

fsolve completed because the vector of function values is near zero
as measured by the selected value of the function tolerance, and
the problem appears regular as measured by the gradient.



Exit flag: 1
con2cov: iterations = 35219, max. relative error = 1.173854e-15
stability1 = 213.664543 at x0(EZ) = -1.480000

Equation solved.

fsolve completed because the vector of function values is near zero
as measured by the selected value of the function tolerance, and
the problem appears regular as measured by the gradient.



Exit flag: 1
con2cov: iterations = 35207, max. relative error = 1.174105e-15
stability1 = 213.581489 at x0(EZ) = -1.470000

Equation solved.

fsolve completed because the vector of function values is near zero
as measured by the selected value of the function tolerance, and
the problem appears regular as measured by the gradient.



Exit flag: 1
con2cov: iterations = 35195, max. relative error = 1.174361e-15
stability1 = 213.498413 at x0(EZ) = -1.460000

Equation solved.

fsolve completed because the vector of function values is near zero
as measured by the selected value of the function tolerance, and
the problem appears regular as measured by the gradient.



Exit flag: 1
con2cov: iterations = 35184, max. relative error = 1.173592e-15
stability1 = 213.415312 at x0(EZ) = -1.450000

Equation solved.

fsolve completed because the vector of function values is near zero
as measured by the selected value of the function tolerance, and
the problem appears regular as measured by the gradient.



Exit flag: 1
con2cov: iterations = 35172, max. relative error = 1.173854e-15
stability1 = 213.332188 at x0(EZ) = -1.440000

Equation solved.

fsolve completed because the vector of function values is near zero
as measured by the selected value of the function tolerance, and
the problem appears regular as measured by the gradient.



Exit flag: 1
con2cov: iterations = 35161, max. relative error = 1.173092e-15
stability1 = 213.249041 at x0(EZ) = -1.430000

Equation solved.

fsolve completed because the vector of function values is near zero
as measured by the selected value of the function tolerance, and
the problem appears regular as measured by the gradient.



Exit flag: 1
con2cov: iterations = 35149, max. relative error = 1.173361e-15
stability1 = 213.165870 at x0(EZ) = -1.420000

Equation solved.

fsolve completed because the vector of function values is near zero
as measured by the selected value of the function tolerance, and
the problem appears regular as measured by the gradient.



Exit flag: 1
con2cov: iterations = 35137, max. relative error = 1.173634e-15
stability1 = 213.082676 at x0(EZ) = -1.410000

Equation solved.

fsolve completed because the vector of function values is near zero
as measured by the selected value of the function tolerance, and
the problem appears regular as measured by the gradient.



Exit flag: 1
con2cov: iterations = 35126, max. relative error = 1.172881e-15
stability1 = 212.999459 at x0(EZ) = -1.400000

Equation solved.

fsolve completed because the vector of function values is near zero
as measured by the selected value of the function tolerance, and
the problem appears regular as measured by the gradient.



Exit flag: 1
con2cov: iterations = 35114, max. relative error = 1.173161e-15
stability1 = 212.916219 at x0(EZ) = -1.390000

Equation solved.

fsolve completed because the vector of function values is near zero
as measured by the selected value of the function tolerance, and
the problem appears regular as measured by the gradient.



Exit flag: 1
con2cov: iterations = 35103, max. relative error = 1.172414e-15
stability1 = 212.832957 at x0(EZ) = -1.380000

Equation solved.

fsolve completed because the vector of function values is near zero
as measured by the selected value of the function tolerance, and
the problem appears regular as measured by the gradient.



Exit flag: 1
con2cov: iterations = 35091, max. relative error = 1.172700e-15
stability1 = 212.749671 at x0(EZ) = -1.370000

Equation solved.

fsolve completed because the vector of function values is near zero
as measured by the selected value of the function tolerance, and
the problem appears regular as measured by the gradient.



Exit flag: 1
con2cov: iterations = 35080, max. relative error = 1.171959e-15
stability1 = 212.666364 at x0(EZ) = -1.360000

Equation solved.

fsolve completed because the vector of function values is near zero
as measured by the selected value of the function tolerance, and
the problem appears regular as measured by the gradient.



Exit flag: 1
con2cov: iterations = 35068, max. relative error = 1.172252e-15
stability1 = 212.583033 at x0(EZ) = -1.350000

Equation solved.

fsolve completed because the vector of function values is near zero
as measured by the selected value of the function tolerance, and
the problem appears regular as measured by the gradient.



Exit flag: 1
con2cov: iterations = 35056, max. relative error = 1.172548e-15
stability1 = 212.499681 at x0(EZ) = -1.340000

Equation solved.

fsolve completed because the vector of function values is near zero
as measured by the selected value of the function tolerance, and
the problem appears regular as measured by the gradient.



Exit flag: 1
con2cov: iterations = 35045, max. relative error = 1.171816e-15
stability1 = 212.416306 at x0(EZ) = -1.330000

Equation solved.

fsolve completed because the vector of function values is near zero
as measured by the selected value of the function tolerance, and
the problem appears regular as measured by the gradient.



Exit flag: 1
con2cov: iterations = 35033, max. relative error = 1.172118e-15
stability1 = 212.332909 at x0(EZ) = -1.320000

Equation solved.

fsolve completed because the vector of function values is near zero
as measured by the selected value of the function tolerance, and
the problem appears regular as measured by the gradient.



Exit flag: 1
con2cov: iterations = 35022, max. relative error = 1.171392e-15
stability1 = 212.249490 at x0(EZ) = -1.310000

Equation solved.

fsolve completed because the vector of function values is near zero
as measured by the selected value of the function tolerance, and
the problem appears regular as measured by the gradient.



Exit flag: 1
con2cov: iterations = 35010, max. relative error = 1.171701e-15
stability1 = 212.166050 at x0(EZ) = -1.300000

Equation solved, inaccuracy possible.

The vector of function values is near zero, as measured by the selected value
of the function tolerance. However, the last step was ineffective.



Exit flag: 3
con2cov: iterations = 34999, max. relative error = 1.170981e-15
stability1 = 212.082588 at x0(EZ) = -1.290000

Equation solved.

fsolve completed because the vector of function values is near zero
as measured by the selected value of the function tolerance, and
the problem appears regular as measured by the gradient.



Exit flag: 1
con2cov: iterations = 34987, max. relative error = 1.171295e-15
stability1 = 211.999104 at x0(EZ) = -1.280000

Equation solved.

fsolve completed because the vector of function values is near zero
as measured by the selected value of the function tolerance, and
the problem appears regular as measured by the gradient.



Exit flag: 1
con2cov: iterations = 34976, max. relative error = 1.170581e-15
stability1 = 211.915599 at x0(EZ) = -1.270000

Equation solved.

fsolve completed because the vector of function values is near zero
as measured by the selected value of the function tolerance, and
the problem appears regular as measured by the gradient.



Exit flag: 1
con2cov: iterations = 34964, max. relative error = 1.170902e-15
stability1 = 211.832073 at x0(EZ) = -1.260000

Equation solved.

fsolve completed because the vector of function values is near zero
as measured by the selected value of the function tolerance, and
the problem appears regular as measured by the gradient.



Exit flag: 1
con2cov: iterations = 34953, max. relative error = 1.170193e-15
stability1 = 211.748526 at x0(EZ) = -1.250000

Equation solved.

fsolve completed because the vector of function values is near zero
as measured by the selected value of the function tolerance, and
the problem appears regular as measured by the gradient.



Exit flag: 1
con2cov: iterations = 34941, max. relative error = 1.170519e-15
stability1 = 211.664958 at x0(EZ) = -1.240000

Equation solved.

fsolve completed because the vector of function values is near zero
as measured by the selected value of the function tolerance, and
the problem appears regular as measured by the gradient.



Exit flag: 1
con2cov: iterations = 34930, max. relative error = 1.169816e-15
stability1 = 211.581370 at x0(EZ) = -1.230000

Equation solved.

fsolve completed because the vector of function values is near zero
as measured by the selected value of the function tolerance, and
the problem appears regular as measured by the gradient.



Exit flag: 1
con2cov: iterations = 34918, max. relative error = 1.170149e-15
stability1 = 211.497760 at x0(EZ) = -1.220000

Equation solved.

fsolve completed because the vector of function values is near zero
as measured by the selected value of the function tolerance, and
the problem appears regular as measured by the gradient.



Exit flag: 1
con2cov: iterations = 34907, max. relative error = 1.169450e-15
stability1 = 211.414131 at x0(EZ) = -1.210000

Equation solved.

fsolve completed because the vector of function values is near zero
as measured by the selected value of the function tolerance, and
the problem appears regular as measured by the gradient.



Exit flag: 1
con2cov: iterations = 34895, max. relative error = 1.169789e-15
stability1 = 211.330481 at x0(EZ) = -1.200000

Equation solved.

fsolve completed because the vector of function values is near zero
as measured by the selected value of the function tolerance, and
the problem appears regular as measured by the gradient.



Exit flag: 1
con2cov: iterations = 34884, max. relative error = 1.169096e-15
stability1 = 211.246811 at x0(EZ) = -1.190000

Equation solved.

fsolve completed because the vector of function values is near zero
as measured by the selected value of the function tolerance, and
the problem appears regular as measured by the gradient.



Exit flag: 1
con2cov: iterations = 34872, max. relative error = 1.169440e-15
stability1 = 211.163121 at x0(EZ) = -1.180000

Equation solved.

fsolve completed because the vector of function values is near zero
as measured by the selected value of the function tolerance, and
the problem appears regular as measured by the gradient.



Exit flag: 1
con2cov: iterations = 34861, max. relative error = 1.168752e-15
stability1 = 211.079412 at x0(EZ) = -1.170000

Equation solved.

fsolve completed because the vector of function values is near zero
as measured by the selected value of the function tolerance, and
the problem appears regular as measured by the gradient.



Exit flag: 1
con2cov: iterations = 34850, max. relative error = 1.168067e-15
stability1 = 210.995683 at x0(EZ) = -1.160000

Equation solved.

fsolve completed because the vector of function values is near zero
as measured by the selected value of the function tolerance, and
the problem appears regular as measured by the gradient.



Exit flag: 1
con2cov: iterations = 34838, max. relative error = 1.168419e-15
stability1 = 210.911934 at x0(EZ) = -1.150000

Equation solved.

fsolve completed because the vector of function values is near zero
as measured by the selected value of the function tolerance, and
the problem appears regular as measured by the gradient.



Exit flag: 1
con2cov: iterations = 34827, max. relative error = 1.167739e-15
stability1 = 210.828167 at x0(EZ) = -1.140000

Equation solved.

fsolve completed because the vector of function values is near zero
as measured by the selected value of the function tolerance, and
the problem appears regular as measured by the gradient.



Exit flag: 1
con2cov: iterations = 34815, max. relative error = 1.168097e-15
stability1 = 210.744380 at x0(EZ) = -1.130000

Equation solved.

fsolve completed because the vector of function values is near zero
as measured by the selected value of the function tolerance, and
the problem appears regular as measured by the gradient.



Exit flag: 1
con2cov: iterations = 34804, max. relative error = 1.167422e-15
stability1 = 210.660575 at x0(EZ) = -1.120000

Equation solved.

fsolve completed because the vector of function values is near zero
as measured by the selected value of the function tolerance, and
the problem appears regular as measured by the gradient.



Exit flag: 1
con2cov: iterations = 34793, max. relative error = 1.166749e-15
stability1 = 210.576751 at x0(EZ) = -1.110000

Equation solved, inaccuracy possible.

The vector of function values is near zero, as measured by the selected value
of the function tolerance. However, the last step was ineffective.



Exit flag: 3
con2cov: iterations = 34781, max. relative error = 1.167114e-15
stability1 = 210.492908 at x0(EZ) = -1.100000

Equation solved.

fsolve completed because the vector of function values is near zero
as measured by the selected value of the function tolerance, and
the problem appears regular as measured by the gradient.



Exit flag: 1
con2cov: iterations = 34770, max. relative error = 1.166446e-15
stability1 = 210.409047 at x0(EZ) = -1.090000

Equation solved.

fsolve completed because the vector of function values is near zero
as measured by the selected value of the function tolerance, and
the problem appears regular as measured by the gradient.



Exit flag: 1
con2cov: iterations = 34758, max. relative error = 1.166817e-15
stability1 = 210.325169 at x0(EZ) = -1.080000

Equation solved.

fsolve completed because the vector of function values is near zero
as measured by the selected value of the function tolerance, and
the problem appears regular as measured by the gradient.



Exit flag: 1
con2cov: iterations = 34747, max. relative error = 1.166153e-15
stability1 = 210.241272 at x0(EZ) = -1.070000

Equation solved.

fsolve completed because the vector of function values is near zero
as measured by the selected value of the function tolerance, and
the problem appears regular as measured by the gradient.



Exit flag: 1
con2cov: iterations = 34736, max. relative error = 1.165493e-15
stability1 = 210.157358 at x0(EZ) = -1.060000

Equation solved.

fsolve completed because the vector of function values is near zero
as measured by the selected value of the function tolerance, and
the problem appears regular as measured by the gradient.



Exit flag: 1
con2cov: iterations = 34724, max. relative error = 1.165870e-15
stability1 = 210.073427 at x0(EZ) = -1.050000

Equation solved, inaccuracy possible.

The vector of function values is near zero, as measured by the selected value
of the function tolerance. However, the last step was ineffective.



Exit flag: 3
con2cov: iterations = 34713, max. relative error = 1.165214e-15
stability1 = 209.989478 at x0(EZ) = -1.040000

Equation solved.

fsolve completed because the vector of function values is near zero
as measured by the selected value of the function tolerance, and
the problem appears regular as measured by the gradient.



Exit flag: 1
con2cov: iterations = 34701, max. relative error = 1.165597e-15
stability1 = 209.905512 at x0(EZ) = -1.030000

Equation solved.

fsolve completed because the vector of function values is near zero
as measured by the selected value of the function tolerance, and
the problem appears regular as measured by the gradient.



Exit flag: 1
con2cov: iterations = 34690, max. relative error = 1.164945e-15
stability1 = 209.821530 at x0(EZ) = -1.020000

Equation solved.

fsolve completed because the vector of function values is near zero
as measured by the selected value of the function tolerance, and
the problem appears regular as measured by the gradient.



Exit flag: 1
con2cov: iterations = 34679, max. relative error = 1.164295e-15
stability1 = 209.737531 at x0(EZ) = -1.010000

Equation solved.

fsolve completed because the vector of function values is near zero
as measured by the selected value of the function tolerance, and
the problem appears regular as measured by the gradient.



Exit flag: 1
con2cov: iterations = 34667, max. relative error = 1.164685e-15
stability1 = 209.653516 at x0(EZ) = -1.000000
Processing original EZ = 72

Equation solved.

fsolve completed because the vector of function values is near zero
as measured by the selected value of the function tolerance, and
the problem appears regular as measured by the gradient.



Exit flag: 1
con2cov: iterations = 35348, max. relative error = 1.154338e-15
stability1 = 214.090282 at x0(EZ) = -1.500000

Equation solved.

fsolve completed because the vector of function values is near zero
as measured by the selected value of the function tolerance, and
the problem appears regular as measured by the gradient.



Exit flag: 1
con2cov: iterations = 35338, max. relative error = 1.154319e-15
stability1 = 214.010440 at x0(EZ) = -1.490000

Equation solved.

fsolve completed because the vector of function values is near zero
as measured by the selected value of the function tolerance, and
the problem appears regular as measured by the gradient.



Exit flag: 1
con2cov: iterations = 35328, max. relative error = 1.154308e-15
stability1 = 213.930575 at x0(EZ) = -1.480000

Equation solved.

fsolve completed because the vector of function values is near zero
as measured by the selected value of the function tolerance, and
the problem appears regular as measured by the gradient.



Exit flag: 1
con2cov: iterations = 35318, max. relative error = 1.154306e-15
stability1 = 213.850687 at x0(EZ) = -1.470000

Equation solved.

fsolve completed because the vector of function values is near zero
as measured by the selected value of the function tolerance, and
the problem appears regular as measured by the gradient.



Exit flag: 1
con2cov: iterations = 35307, max. relative error = 1.155320e-15
stability1 = 213.770776 at x0(EZ) = -1.460000

Equation solved.

fsolve completed because the vector of function values is near zero
as measured by the selected value of the function tolerance, and
the problem appears regular as measured by the gradient.



Exit flag: 1
con2cov: iterations = 35297, max. relative error = 1.155334e-15
stability1 = 213.690841 at x0(EZ) = -1.450000

Equation solved.

fsolve completed because the vector of function values is near zero
as measured by the selected value of the function tolerance, and
the problem appears regular as measured by the gradient.



Exit flag: 1
con2cov: iterations = 35287, max. relative error = 1.155355e-15
stability1 = 213.610885 at x0(EZ) = -1.440000

Equation solved.

fsolve completed because the vector of function values is near zero
as measured by the selected value of the function tolerance, and
the problem appears regular as measured by the gradient.



Exit flag: 1
con2cov: iterations = 35277, max. relative error = 1.155385e-15
stability1 = 213.530906 at x0(EZ) = -1.430000

Equation solved.

fsolve completed because the vector of function values is near zero
as measured by the selected value of the function tolerance, and
the problem appears regular as measured by the gradient.



Exit flag: 1
con2cov: iterations = 35267, max. relative error = 1.155422e-15
stability1 = 213.450905 at x0(EZ) = -1.420000

Equation solved.

fsolve completed because the vector of function values is near zero
as measured by the selected value of the function tolerance, and
the problem appears regular as measured by the gradient.



Exit flag: 1
con2cov: iterations = 35257, max. relative error = 1.155467e-15
stability1 = 213.370883 at x0(EZ) = -1.410000

Equation solved.

fsolve completed because the vector of function values is near zero
as measured by the selected value of the function tolerance, and
the problem appears regular as measured by the gradient.



Exit flag: 1
con2cov: iterations = 35247, max. relative error = 1.155520e-15
stability1 = 213.290839 at x0(EZ) = -1.400000

Equation solved.

fsolve completed because the vector of function values is near zero
as measured by the selected value of the function tolerance, and
the problem appears regular as measured by the gradient.



Exit flag: 1
con2cov: iterations = 35237, max. relative error = 1.155581e-15
stability1 = 213.210774 at x0(EZ) = -1.390000

Equation solved.

fsolve completed because the vector of function values is near zero
as measured by the selected value of the function tolerance, and
the problem appears regular as measured by the gradient.



Exit flag: 1
con2cov: iterations = 35227, max. relative error = 1.155649e-15
stability1 = 213.130688 at x0(EZ) = -1.380000

Equation solved.

fsolve completed because the vector of function values is near zero
as measured by the selected value of the function tolerance, and
the problem appears regular as measured by the gradient.



Exit flag: 1
con2cov: iterations = 35217, max. relative error = 1.155726e-15
stability1 = 213.050582 at x0(EZ) = -1.370000

Equation solved.

fsolve completed because the vector of function values is near zero
as measured by the selected value of the function tolerance, and
the problem appears regular as measured by the gradient.



Exit flag: 1
con2cov: iterations = 35207, max. relative error = 1.155810e-15
stability1 = 212.970455 at x0(EZ) = -1.360000

Equation solved, inaccuracy possible.

The vector of function values is near zero, as measured by the selected value
of the function tolerance. However, the last step was ineffective.



Exit flag: 3
con2cov: iterations = 35197, max. relative error = 1.155902e-15
stability1 = 212.890309 at x0(EZ) = -1.350000

Equation solved.

fsolve completed because the vector of function values is near zero
as measured by the selected value of the function tolerance, and
the problem appears regular as measured by the gradient.



Exit flag: 1
con2cov: iterations = 35186, max. relative error = 1.157017e-15
stability1 = 212.810143 at x0(EZ) = -1.340000

Equation solved.

fsolve completed because the vector of function values is near zero
as measured by the selected value of the function tolerance, and
the problem appears regular as measured by the gradient.



Exit flag: 1
con2cov: iterations = 35176, max. relative error = 1.157125e-15
stability1 = 212.729958 at x0(EZ) = -1.330000

Equation solved.

fsolve completed because the vector of function values is near zero
as measured by the selected value of the function tolerance, and
the problem appears regular as measured by the gradient.



Exit flag: 1
con2cov: iterations = 35166, max. relative error = 1.157240e-15
stability1 = 212.649754 at x0(EZ) = -1.320000

Equation solved.

fsolve completed because the vector of function values is near zero
as measured by the selected value of the function tolerance, and
the problem appears regular as measured by the gradient.



Exit flag: 1
con2cov: iterations = 35156, max. relative error = 1.157363e-15
stability1 = 212.569532 at x0(EZ) = -1.310000

Equation solved.

fsolve completed because the vector of function values is near zero
as measured by the selected value of the function tolerance, and
the problem appears regular as measured by the gradient.



Exit flag: 1
con2cov: iterations = 35146, max. relative error = 1.157494e-15
stability1 = 212.489291 at x0(EZ) = -1.300000

Equation solved.

fsolve completed because the vector of function values is near zero
as measured by the selected value of the function tolerance, and
the problem appears regular as measured by the gradient.



Exit flag: 1
con2cov: iterations = 35136, max. relative error = 1.157633e-15
stability1 = 212.409033 at x0(EZ) = -1.290000

Equation solved.

fsolve completed because the vector of function values is near zero
as measured by the selected value of the function tolerance, and
the problem appears regular as measured by the gradient.



Exit flag: 1
con2cov: iterations = 35126, max. relative error = 1.157780e-15
stability1 = 212.328757 at x0(EZ) = -1.280000

Equation solved.

fsolve completed because the vector of function values is near zero
as measured by the selected value of the function tolerance, and
the problem appears regular as measured by the gradient.



Exit flag: 1
con2cov: iterations = 35117, max. relative error = 1.156915e-15
stability1 = 212.248465 at x0(EZ) = -1.270000

Equation solved.

fsolve completed because the vector of function values is near zero
as measured by the selected value of the function tolerance, and
the problem appears regular as measured by the gradient.



Exit flag: 1
con2cov: iterations = 35107, max. relative error = 1.157076e-15
stability1 = 212.168156 at x0(EZ) = -1.260000

Equation solved.

fsolve completed because the vector of function values is near zero
as measured by the selected value of the function tolerance, and
the problem appears regular as measured by the gradient.



Exit flag: 1
con2cov: iterations = 35097, max. relative error = 1.157245e-15
stability1 = 212.087831 at x0(EZ) = -1.250000

Equation solved.

fsolve completed because the vector of function values is near zero
as measured by the selected value of the function tolerance, and
the problem appears regular as measured by the gradient.



Exit flag: 1
con2cov: iterations = 35087, max. relative error = 1.157421e-15
stability1 = 212.007490 at x0(EZ) = -1.240000

Equation solved.

fsolve completed because the vector of function values is near zero
as measured by the selected value of the function tolerance, and
the problem appears regular as measured by the gradient.



Exit flag: 1
con2cov: iterations = 35077, max. relative error = 1.157605e-15
stability1 = 211.927134 at x0(EZ) = -1.230000

Equation solved, inaccuracy possible.

The vector of function values is near zero, as measured by the selected value
of the function tolerance. However, the last step was ineffective.



Exit flag: 3
con2cov: iterations = 35067, max. relative error = 1.157797e-15
[Warning: stability1 is not a real number or is NaN at x0(EZ) = -1.220000] 
[> In mainK11 at 87
  In run at 63] 

Equation solved.

fsolve completed because the vector of function values is near zero
as measured by the selected value of the function tolerance, and
the problem appears regular as measured by the gradient.



con2cov: iterations = 35076, max. relative error = 1.157624e-15
Fine stability1 = 211.919097 at x0(EZ) = -1.229000

Equation solved.

fsolve completed because the vector of function values is near zero
as measured by the selected value of the function tolerance, and
the problem appears regular as measured by the gradient.



con2cov: iterations = 35075, max. relative error = 1.157643e-15
Fine stability1 = 211.911061 at x0(EZ) = -1.228000

Equation solved.

fsolve completed because the vector of function values is near zero
as measured by the selected value of the function tolerance, and
the problem appears regular as measured by the gradient.



con2cov: iterations = 35074, max. relative error = 1.157662e-15
Fine stability1 = 211.903024 at x0(EZ) = -1.227000

Equation solved, inaccuracy possible.

The vector of function values is near zero, as measured by the selected value
of the function tolerance. However, the last step was ineffective.



con2cov: iterations = 35073, max. relative error = 1.157681e-15
Fine stability1 = 211.894987 at x0(EZ) = -1.226000

Equation solved, inaccuracy possible.

The vector of function values is near zero, as measured by the selected value
of the function tolerance. However, the last step was ineffective.



con2cov: iterations = 35072, max. relative error = 1.157700e-15
Fine stability1 = 211.886950 at x0(EZ) = -1.225000

Equation solved.

fsolve completed because the vector of function values is near zero
as measured by the selected value of the function tolerance, and
the problem appears regular as measured by the gradient.



con2cov: iterations = 35071, max. relative error = 1.157719e-15
Fine stability1 = 211.878913 at x0(EZ) = -1.224000

Equation solved, inaccuracy possible.

The vector of function values is near zero, as measured by the selected value
of the function tolerance. However, the last step was ineffective.



con2cov: iterations = 35070, max. relative error = 1.157739e-15
Fine stability1 = 211.870876 at x0(EZ) = -1.223000

Equation solved, inaccuracy possible.

The vector of function values is near zero, as measured by the selected value
of the function tolerance. However, the last step was ineffective.



con2cov: iterations = 35069, max. relative error = 1.157758e-15
Fine stability1 = 211.862838 at x0(EZ) = -1.222000

Equation solved, inaccuracy possible.

The vector of function values is near zero, as measured by the selected value
of the function tolerance. However, the last step was ineffective.



con2cov: iterations = 35068, max. relative error = 1.157777e-15
Fine stability1 = 211.854801 at x0(EZ) = -1.221000
Processing original EZ = 76

Equation solved.

fsolve completed because the vector of function values is near zero
as measured by the selected value of the function tolerance, and
the problem appears regular as measured by the gradient.



Exit flag: 1
con2cov: iterations = 35289, max. relative error = 1.157634e-15
stability1 = 213.846895 at x0(EZ) = -1.500000

Equation solved.

fsolve completed because the vector of function values is near zero
as measured by the selected value of the function tolerance, and
the problem appears regular as measured by the gradient.



Exit flag: 1
con2cov: iterations = 35278, max. relative error = 1.157848e-15
stability1 = 213.764095 at x0(EZ) = -1.490000

Equation solved.

fsolve completed because the vector of function values is near zero
as measured by the selected value of the function tolerance, and
the problem appears regular as measured by the gradient.



Exit flag: 1
con2cov: iterations = 35267, max. relative error = 1.158068e-15
stability1 = 213.681271 at x0(EZ) = -1.480000

Equation solved.

fsolve completed because the vector of function values is near zero
as measured by the selected value of the function tolerance, and
the problem appears regular as measured by the gradient.



Exit flag: 1
con2cov: iterations = 35256, max. relative error = 1.158296e-15
stability1 = 213.598422 at x0(EZ) = -1.470000

Equation solved.

fsolve completed because the vector of function values is near zero
as measured by the selected value of the function tolerance, and
the problem appears regular as measured by the gradient.



Exit flag: 1
con2cov: iterations = 35245, max. relative error = 1.158529e-15
stability1 = 213.515550 at x0(EZ) = -1.460000

Equation solved.

fsolve completed because the vector of function values is near zero
as measured by the selected value of the function tolerance, and
the problem appears regular as measured by the gradient.



Exit flag: 1
con2cov: iterations = 35234, max. relative error = 1.158770e-15
stability1 = 213.432654 at x0(EZ) = -1.450000

Equation solved.

fsolve completed because the vector of function values is near zero
as measured by the selected value of the function tolerance, and
the problem appears regular as measured by the gradient.



Exit flag: 1
con2cov: iterations = 35223, max. relative error = 1.159017e-15
stability1 = 213.349735 at x0(EZ) = -1.440000

Equation solved.

fsolve completed because the vector of function values is near zero
as measured by the selected value of the function tolerance, and
the problem appears regular as measured by the gradient.



Exit flag: 1
con2cov: iterations = 35212, max. relative error = 1.159271e-15
stability1 = 213.266792 at x0(EZ) = -1.430000

Equation solved.

fsolve completed because the vector of function values is near zero
as measured by the selected value of the function tolerance, and
the problem appears regular as measured by the gradient.



Exit flag: 1
con2cov: iterations = 35201, max. relative error = 1.159531e-15
stability1 = 213.183826 at x0(EZ) = -1.420000

Equation solved.

fsolve completed because the vector of function values is near zero
as measured by the selected value of the function tolerance, and
the problem appears regular as measured by the gradient.



Exit flag: 1
con2cov: iterations = 35191, max. relative error = 1.158783e-15
stability1 = 213.100836 at x0(EZ) = -1.410000

Equation solved.

fsolve completed because the vector of function values is near zero
as measured by the selected value of the function tolerance, and
the problem appears regular as measured by the gradient.



Exit flag: 1
con2cov: iterations = 35180, max. relative error = 1.159056e-15
stability1 = 213.017823 at x0(EZ) = -1.400000

Equation solved.

fsolve completed because the vector of function values is near zero
as measured by the selected value of the function tolerance, and
the problem appears regular as measured by the gradient.



Exit flag: 1
con2cov: iterations = 35169, max. relative error = 1.159336e-15
stability1 = 212.934788 at x0(EZ) = -1.390000

Equation solved.

fsolve completed because the vector of function values is near zero
as measured by the selected value of the function tolerance, and
the problem appears regular as measured by the gradient.



Exit flag: 1
con2cov: iterations = 35158, max. relative error = 1.159622e-15
stability1 = 212.851729 at x0(EZ) = -1.380000

Equation solved.

fsolve completed because the vector of function values is near zero
as measured by the selected value of the function tolerance, and
the problem appears regular as measured by the gradient.



Exit flag: 1
con2cov: iterations = 35147, max. relative error = 1.159915e-15
stability1 = 212.768648 at x0(EZ) = -1.370000

Equation solved.

fsolve completed because the vector of function values is near zero
as measured by the selected value of the function tolerance, and
the problem appears regular as measured by the gradient.



Exit flag: 1
con2cov: iterations = 35136, max. relative error = 1.160215e-15
stability1 = 212.685544 at x0(EZ) = -1.360000

Equation solved.

fsolve completed because the vector of function values is near zero
as measured by the selected value of the function tolerance, and
the problem appears regular as measured by the gradient.



Exit flag: 1
con2cov: iterations = 35125, max. relative error = 1.160521e-15
stability1 = 212.602417 at x0(EZ) = -1.350000

Equation solved.

fsolve completed because the vector of function values is near zero
as measured by the selected value of the function tolerance, and
the problem appears regular as measured by the gradient.



Exit flag: 1
con2cov: iterations = 35114, max. relative error = 1.160833e-15
stability1 = 212.519268 at x0(EZ) = -1.340000

Equation solved.

fsolve completed because the vector of function values is near zero
as measured by the selected value of the function tolerance, and
the problem appears regular as measured by the gradient.



Exit flag: 1
con2cov: iterations = 35104, max. relative error = 1.160133e-15
stability1 = 212.436096 at x0(EZ) = -1.330000

Equation solved.

fsolve completed because the vector of function values is near zero
as measured by the selected value of the function tolerance, and
the problem appears regular as measured by the gradient.



Exit flag: 1
con2cov: iterations = 35093, max. relative error = 1.160458e-15
stability1 = 212.352903 at x0(EZ) = -1.320000

Equation solved.

fsolve completed because the vector of function values is near zero
as measured by the selected value of the function tolerance, and
the problem appears regular as measured by the gradient.



Exit flag: 1
con2cov: iterations = 35082, max. relative error = 1.160790e-15
stability1 = 212.269687 at x0(EZ) = -1.310000

Equation solved.

fsolve completed because the vector of function values is near zero
as measured by the selected value of the function tolerance, and
the problem appears regular as measured by the gradient.



Exit flag: 1
con2cov: iterations = 35071, max. relative error = 1.161128e-15
stability1 = 212.186450 at x0(EZ) = -1.300000

Equation solved.

fsolve completed because the vector of function values is near zero
as measured by the selected value of the function tolerance, and
the problem appears regular as measured by the gradient.



Exit flag: 1
con2cov: iterations = 35060, max. relative error = 1.161473e-15
stability1 = 212.103191 at x0(EZ) = -1.290000

Equation solved, inaccuracy possible.

The vector of function values is near zero, as measured by the selected value
of the function tolerance. However, the last step was ineffective.



Exit flag: 3
con2cov: iterations = 35050, max. relative error = 1.160803e-15
stability1 = 212.019910 at x0(EZ) = -1.280000

Equation solved.

fsolve completed because the vector of function values is near zero
as measured by the selected value of the function tolerance, and
the problem appears regular as measured by the gradient.



Exit flag: 1
con2cov: iterations = 35039, max. relative error = 1.161160e-15
stability1 = 211.936607 at x0(EZ) = -1.270000

Equation solved.

fsolve completed because the vector of function values is near zero
as measured by the selected value of the function tolerance, and
the problem appears regular as measured by the gradient.



Exit flag: 1
con2cov: iterations = 35028, max. relative error = 1.161524e-15
stability1 = 211.853283 at x0(EZ) = -1.260000

Equation solved.

fsolve completed because the vector of function values is near zero
as measured by the selected value of the function tolerance, and
the problem appears regular as measured by the gradient.



Exit flag: 1
con2cov: iterations = 35017, max. relative error = 1.161894e-15
stability1 = 211.769938 at x0(EZ) = -1.250000

Equation solved.

fsolve completed because the vector of function values is near zero
as measured by the selected value of the function tolerance, and
the problem appears regular as measured by the gradient.



Exit flag: 1
con2cov: iterations = 35006, max. relative error = 1.162271e-15
stability1 = 211.686572 at x0(EZ) = -1.240000

Equation solved.

fsolve completed because the vector of function values is near zero
as measured by the selected value of the function tolerance, and
the problem appears regular as measured by the gradient.



Exit flag: 1
con2cov: iterations = 34996, max. relative error = 1.161630e-15
stability1 = 211.603185 at x0(EZ) = -1.230000

Equation solved.

fsolve completed because the vector of function values is near zero
as measured by the selected value of the function tolerance, and
the problem appears regular as measured by the gradient.



Exit flag: 1
con2cov: iterations = 34985, max. relative error = 1.162019e-15
stability1 = 211.519778 at x0(EZ) = -1.220000

Equation solved.

fsolve completed because the vector of function values is near zero
as measured by the selected value of the function tolerance, and
the problem appears regular as measured by the gradient.



Exit flag: 1
con2cov: iterations = 34974, max. relative error = 1.162415e-15
stability1 = 211.436349 at x0(EZ) = -1.210000

Equation solved.

fsolve completed because the vector of function values is near zero
as measured by the selected value of the function tolerance, and
the problem appears regular as measured by the gradient.



Exit flag: 1
con2cov: iterations = 34963, max. relative error = 1.162817e-15
stability1 = 211.352901 at x0(EZ) = -1.200000

Equation solved.

fsolve completed because the vector of function values is near zero
as measured by the selected value of the function tolerance, and
the problem appears regular as measured by the gradient.



Exit flag: 1
con2cov: iterations = 34953, max. relative error = 1.162199e-15
stability1 = 211.269431 at x0(EZ) = -1.190000

Equation solved.

fsolve completed because the vector of function values is near zero
as measured by the selected value of the function tolerance, and
the problem appears regular as measured by the gradient.



Exit flag: 1
con2cov: iterations = 34942, max. relative error = 1.162614e-15
stability1 = 211.185942 at x0(EZ) = -1.180000

Equation solved.

fsolve completed because the vector of function values is near zero
as measured by the selected value of the function tolerance, and
the problem appears regular as measured by the gradient.



Exit flag: 1
con2cov: iterations = 34931, max. relative error = 1.163035e-15
stability1 = 211.102433 at x0(EZ) = -1.170000

Equation solved.

fsolve completed because the vector of function values is near zero
as measured by the selected value of the function tolerance, and
the problem appears regular as measured by the gradient.



Exit flag: 1
con2cov: iterations = 34921, max. relative error = 1.162434e-15
stability1 = 211.018904 at x0(EZ) = -1.160000

Equation solved.

fsolve completed because the vector of function values is near zero
as measured by the selected value of the function tolerance, and
the problem appears regular as measured by the gradient.



Exit flag: 1
con2cov: iterations = 34910, max. relative error = 1.162868e-15
stability1 = 210.935355 at x0(EZ) = -1.150000

Equation solved.

fsolve completed because the vector of function values is near zero
as measured by the selected value of the function tolerance, and
the problem appears regular as measured by the gradient.



Exit flag: 1
con2cov: iterations = 34899, max. relative error = 1.163307e-15
stability1 = 210.851787 at x0(EZ) = -1.140000

Equation solved.

fsolve completed because the vector of function values is near zero
as measured by the selected value of the function tolerance, and
the problem appears regular as measured by the gradient.



Exit flag: 1
con2cov: iterations = 34888, max. relative error = 1.163753e-15
stability1 = 210.768200 at x0(EZ) = -1.130000

Equation solved.

fsolve completed because the vector of function values is near zero
as measured by the selected value of the function tolerance, and
the problem appears regular as measured by the gradient.



Exit flag: 1
con2cov: iterations = 34878, max. relative error = 1.163176e-15
stability1 = 210.684593 at x0(EZ) = -1.120000

Equation solved.

fsolve completed because the vector of function values is near zero
as measured by the selected value of the function tolerance, and
the problem appears regular as measured by the gradient.



Exit flag: 1
con2cov: iterations = 34867, max. relative error = 1.163634e-15
stability1 = 210.600968 at x0(EZ) = -1.110000

Equation solved.

fsolve completed because the vector of function values is near zero
as measured by the selected value of the function tolerance, and
the problem appears regular as measured by the gradient.



Exit flag: 1
con2cov: iterations = 34856, max. relative error = 1.164099e-15
stability1 = 210.517324 at x0(EZ) = -1.100000

Equation solved.

fsolve completed because the vector of function values is near zero
as measured by the selected value of the function tolerance, and
the problem appears regular as measured by the gradient.



Exit flag: 1
con2cov: iterations = 34846, max. relative error = 1.163539e-15
stability1 = 210.433661 at x0(EZ) = -1.090000

Equation solved.

fsolve completed because the vector of function values is near zero
as measured by the selected value of the function tolerance, and
the problem appears regular as measured by the gradient.



Exit flag: 1
con2cov: iterations = 34835, max. relative error = 1.164015e-15
stability1 = 210.349980 at x0(EZ) = -1.080000

Equation solved.

fsolve completed because the vector of function values is near zero
as measured by the selected value of the function tolerance, and
the problem appears regular as measured by the gradient.



Exit flag: 1
con2cov: iterations = 34824, max. relative error = 1.164499e-15
stability1 = 210.266281 at x0(EZ) = -1.070000

Equation solved.

fsolve completed because the vector of function values is near zero
as measured by the selected value of the function tolerance, and
the problem appears regular as measured by the gradient.



Exit flag: 1
con2cov: iterations = 34814, max. relative error = 1.163955e-15
stability1 = 210.182564 at x0(EZ) = -1.060000

Equation solved.

fsolve completed because the vector of function values is near zero
as measured by the selected value of the function tolerance, and
the problem appears regular as measured by the gradient.



Exit flag: 1
con2cov: iterations = 34803, max. relative error = 1.164451e-15
stability1 = 210.098829 at x0(EZ) = -1.050000

Equation solved.

fsolve completed because the vector of function values is near zero
as measured by the selected value of the function tolerance, and
the problem appears regular as measured by the gradient.



Exit flag: 1
con2cov: iterations = 34793, max. relative error = 1.163919e-15
stability1 = 210.015077 at x0(EZ) = -1.040000

Equation solved.

fsolve completed because the vector of function values is near zero
as measured by the selected value of the function tolerance, and
the problem appears regular as measured by the gradient.



Exit flag: 1
con2cov: iterations = 34782, max. relative error = 1.164426e-15
stability1 = 209.931307 at x0(EZ) = -1.030000

Equation solved.

fsolve completed because the vector of function values is near zero
as measured by the selected value of the function tolerance, and
the problem appears regular as measured by the gradient.



Exit flag: 1
con2cov: iterations = 34771, max. relative error = 1.164940e-15
stability1 = 209.847520 at x0(EZ) = -1.020000

Equation solved.

fsolve completed because the vector of function values is near zero
as measured by the selected value of the function tolerance, and
the problem appears regular as measured by the gradient.



Exit flag: 1
con2cov: iterations = 34761, max. relative error = 1.164425e-15
stability1 = 209.763716 at x0(EZ) = -1.010000

Equation solved.

fsolve completed because the vector of function values is near zero
as measured by the selected value of the function tolerance, and
the problem appears regular as measured by the gradient.



Exit flag: 1
con2cov: iterations = 34750, max. relative error = 1.164951e-15
stability1 = 209.679896 at x0(EZ) = -1.000000
Processing original EZ = 78

Equation solved, inaccuracy possible.

The vector of function values is near zero, as measured by the selected value
of the function tolerance. However, the last step was ineffective.



Exit flag: 3
con2cov: iterations = 35395, max. relative error = 1.151615e-15
stability1 = 213.787486 at x0(EZ) = -1.500000

Equation solved.

fsolve completed because the vector of function values is near zero
as measured by the selected value of the function tolerance, and
the problem appears regular as measured by the gradient.



Exit flag: 1
con2cov: iterations = 35386, max. relative error = 1.151370e-15
stability1 = 213.703603 at x0(EZ) = -1.490000

Equation solved.

fsolve completed because the vector of function values is near zero
as measured by the selected value of the function tolerance, and
the problem appears regular as measured by the gradient.



Exit flag: 1
con2cov: iterations = 35377, max. relative error = 1.151138e-15
stability1 = 213.619693 at x0(EZ) = -1.480000

Equation solved.

fsolve completed because the vector of function values is near zero
as measured by the selected value of the function tolerance, and
the problem appears regular as measured by the gradient.



Exit flag: 1
con2cov: iterations = 35367, max. relative error = 1.151924e-15
stability1 = 213.535758 at x0(EZ) = -1.470000

Equation solved.

fsolve completed because the vector of function values is near zero
as measured by the selected value of the function tolerance, and
the problem appears regular as measured by the gradient.



Exit flag: 1
con2cov: iterations = 35358, max. relative error = 1.151716e-15
stability1 = 213.451798 at x0(EZ) = -1.460000

Equation solved.

fsolve completed because the vector of function values is near zero
as measured by the selected value of the function tolerance, and
the problem appears regular as measured by the gradient.



Exit flag: 1
con2cov: iterations = 35349, max. relative error = 1.151521e-15
stability1 = 213.367812 at x0(EZ) = -1.450000

Equation solved.

fsolve completed because the vector of function values is near zero
as measured by the selected value of the function tolerance, and
the problem appears regular as measured by the gradient.



Exit flag: 1
con2cov: iterations = 35340, max. relative error = 1.151338e-15
stability1 = 213.283802 at x0(EZ) = -1.440000

Equation solved.

fsolve completed because the vector of function values is near zero
as measured by the selected value of the function tolerance, and
the problem appears regular as measured by the gradient.



Exit flag: 1
con2cov: iterations = 35330, max. relative error = 1.152174e-15
stability1 = 213.199769 at x0(EZ) = -1.430000

Equation solved.

fsolve completed because the vector of function values is near zero
as measured by the selected value of the function tolerance, and
the problem appears regular as measured by the gradient.



Exit flag: 1
con2cov: iterations = 35321, max. relative error = 1.152015e-15
stability1 = 213.115712 at x0(EZ) = -1.420000

Equation solved.

fsolve completed because the vector of function values is near zero
as measured by the selected value of the function tolerance, and
the problem appears regular as measured by the gradient.



Exit flag: 1
con2cov: iterations = 35312, max. relative error = 1.151868e-15
stability1 = 213.031632 at x0(EZ) = -1.410000

Equation solved.

fsolve completed because the vector of function values is near zero
as measured by the selected value of the function tolerance, and
the problem appears regular as measured by the gradient.



Exit flag: 1
con2cov: iterations = 35303, max. relative error = 1.151733e-15
stability1 = 212.947530 at x0(EZ) = -1.400000

Equation solved.

fsolve completed because the vector of function values is near zero
as measured by the selected value of the function tolerance, and
the problem appears regular as measured by the gradient.



Exit flag: 1
con2cov: iterations = 35293, max. relative error = 1.152618e-15
stability1 = 212.863406 at x0(EZ) = -1.390000

Equation solved.

fsolve completed because the vector of function values is near zero
as measured by the selected value of the function tolerance, and
the problem appears regular as measured by the gradient.



Exit flag: 1
con2cov: iterations = 35284, max. relative error = 1.152507e-15
stability1 = 212.779262 at x0(EZ) = -1.380000

Equation solved.

fsolve completed because the vector of function values is near zero
as measured by the selected value of the function tolerance, and
the problem appears regular as measured by the gradient.



Exit flag: 1
con2cov: iterations = 35275, max. relative error = 1.152408e-15
stability1 = 212.695097 at x0(EZ) = -1.370000

Equation solved.

fsolve completed because the vector of function values is near zero
as measured by the selected value of the function tolerance, and
the problem appears regular as measured by the gradient.



Exit flag: 1
con2cov: iterations = 35266, max. relative error = 1.152320e-15
[Warning: stability1 is not a real number or is NaN at x0(EZ) = -1.360000] 
[> In mainK11 at 87
  In run at 63] 

Equation solved.

fsolve completed because the vector of function values is near zero
as measured by the selected value of the function tolerance, and
the problem appears regular as measured by the gradient.



con2cov: iterations = 35274, max. relative error = 1.152499e-15
Fine stability1 = 212.686679 at x0(EZ) = -1.369000

Equation solved.

fsolve completed because the vector of function values is near zero
as measured by the selected value of the function tolerance, and
the problem appears regular as measured by the gradient.



con2cov: iterations = 35273, max. relative error = 1.152591e-15
Fine stability1 = 212.678261 at x0(EZ) = -1.368000

Equation solved.

fsolve completed because the vector of function values is near zero
as measured by the selected value of the function tolerance, and
the problem appears regular as measured by the gradient.



con2cov: iterations = 35272, max. relative error = 1.152683e-15
Fine stability1 = 212.669843 at x0(EZ) = -1.367000

Equation solved.

fsolve completed because the vector of function values is near zero
as measured by the selected value of the function tolerance, and
the problem appears regular as measured by the gradient.



con2cov: iterations = 35271, max. relative error = 1.152775e-15
Fine stability1 = 212.661425 at x0(EZ) = -1.366000

Equation solved, inaccuracy possible.

The vector of function values is near zero, as measured by the selected value
of the function tolerance. However, the last step was ineffective.



con2cov: iterations = 35270, max. relative error = 1.152867e-15
Fine stability1 = 212.653007 at x0(EZ) = -1.365000

Equation solved.

fsolve completed because the vector of function values is near zero
as measured by the selected value of the function tolerance, and
the problem appears regular as measured by the gradient.



con2cov: iterations = 35269, max. relative error = 1.152960e-15
Fine stability1 = 212.644588 at x0(EZ) = -1.364000

Equation solved.

fsolve completed because the vector of function values is near zero
as measured by the selected value of the function tolerance, and
the problem appears regular as measured by the gradient.



con2cov: iterations = 35269, max. relative error = 1.152042e-15
Fine stability1 = 212.636169 at x0(EZ) = -1.363000

Equation solved.

fsolve completed because the vector of function values is near zero
as measured by the selected value of the function tolerance, and
the problem appears regular as measured by the gradient.



con2cov: iterations = 35268, max. relative error = 1.152135e-15
Fine stability1 = 212.627750 at x0(EZ) = -1.362000

Equation solved.

fsolve completed because the vector of function values is near zero
as measured by the selected value of the function tolerance, and
the problem appears regular as measured by the gradient.



con2cov: iterations = 35267, max. relative error = 1.152227e-15
Fine stability1 = 212.619331 at x0(EZ) = -1.361000
Saved StabilityMatrix_K11_EZ23_to_78.mat successfully.
