
                            < M A T L A B (R) >
                  Copyright 1984-2014 The MathWorks, Inc.
                   R2014b (8.4.0.150421) 64-bit (glnxa64)
                             September 15, 2014

 
To get started, type one of these: helpwin, helpdesk, or demo.
For product information, visit www.mathworks.com.
 
    ----------------------------------------------------
	Your MATLAB license will expire in 43 days.
	Please contact your system administrator or
	MathWorks to renew this license.
    ----------------------------------------------------

x0_EZ_range1 =

  Columns 1 through 3

  -1.500000000000000  -1.490000000000000  -1.480000000000000

  Columns 4 through 6

  -1.470000000000000  -1.460000000000000  -1.450000000000000

  Columns 7 through 9

  -1.440000000000000  -1.430000000000000  -1.420000000000000

  Columns 10 through 12

  -1.410000000000000  -1.400000000000000  -1.390000000000000

  Columns 13 through 15

  -1.380000000000000  -1.370000000000000  -1.360000000000000

  Columns 16 through 18

  -1.350000000000000  -1.340000000000000  -1.330000000000000

  Columns 19 through 21

  -1.320000000000000  -1.310000000000000  -1.300000000000000

  Columns 22 through 24

  -1.290000000000000  -1.280000000000000  -1.270000000000000

  Columns 25 through 27

  -1.260000000000000  -1.250000000000000  -1.240000000000000

  Columns 28 through 30

  -1.230000000000000  -1.220000000000000  -1.210000000000000

  Columns 31 through 33

  -1.200000000000000  -1.190000000000000  -1.180000000000000

  Columns 34 through 36

  -1.170000000000000  -1.160000000000000  -1.150000000000000

  Columns 37 through 39

  -1.140000000000000  -1.130000000000000  -1.120000000000000

  Columns 40 through 42

  -1.110000000000000  -1.100000000000000  -1.090000000000000

  Columns 43 through 45

  -1.080000000000000  -1.070000000000000  -1.060000000000000

  Columns 46 through 48

  -1.050000000000000  -1.040000000000000  -1.030000000000000

  Columns 49 through 51

  -1.020000000000000  -1.010000000000000  -1.000000000000000

  Columns 1 through 3

  -1.500000000000000  -1.490000000000000  -1.480000000000000

  Columns 4 through 6

  -1.470000000000000  -1.460000000000000  -1.450000000000000

  Columns 7 through 9

  -1.440000000000000  -1.430000000000000  -1.420000000000000

  Columns 10 through 12

  -1.410000000000000  -1.400000000000000  -1.390000000000000

  Columns 13 through 15

  -1.380000000000000  -1.370000000000000  -1.360000000000000

  Columns 16 through 18

  -1.350000000000000  -1.340000000000000  -1.330000000000000

  Columns 19 through 21

  -1.320000000000000  -1.310000000000000  -1.300000000000000

  Columns 22 through 24

  -1.290000000000000  -1.280000000000000  -1.270000000000000

  Columns 25 through 27

  -1.260000000000000  -1.250000000000000  -1.240000000000000

  Columns 28 through 30

  -1.230000000000000  -1.220000000000000  -1.210000000000000

  Columns 31 through 33

  -1.200000000000000  -1.190000000000000  -1.180000000000000

  Columns 34 through 36

  -1.170000000000000  -1.160000000000000  -1.150000000000000

  Columns 37 through 39

  -1.140000000000000  -1.130000000000000  -1.120000000000000

  Columns 40 through 42

  -1.110000000000000  -1.100000000000000  -1.090000000000000

  Columns 43 through 45

  -1.080000000000000  -1.070000000000000  -1.060000000000000

  Columns 46 through 48

  -1.050000000000000  -1.040000000000000  -1.030000000000000

  Columns 49 through 51

  -1.020000000000000  -1.010000000000000  -1.000000000000000

Processing original EZ = 23

Equation solved.

fsolve completed because the vector of function values is near zero
as measured by the selected value of the function tolerance, and
the problem appears regular as measured by the gradient.



Exit flag: 1
con2cov: iterations = 35308, max. relative error = 1.201582e-15
stability1 = 213.036628 at x0(EZ) = -1.500000

Equation solved.

fsolve completed because the vector of function values is near zero
as measured by the selected value of the function tolerance, and
the problem appears regular as measured by the gradient.



Exit flag: 1
con2cov: iterations = 35297, max. relative error = 1.202043e-15
stability1 = 212.955188 at x0(EZ) = -1.490000

Equation solved.

fsolve completed because the vector of function values is near zero
as measured by the selected value of the function tolerance, and
the problem appears regular as measured by the gradient.



Exit flag: 1
con2cov: iterations = 35286, max. relative error = 1.202511e-15
stability1 = 212.873723 at x0(EZ) = -1.480000

Equation solved.

fsolve completed because the vector of function values is near zero
as measured by the selected value of the function tolerance, and
the problem appears regular as measured by the gradient.



Exit flag: 1
con2cov: iterations = 35275, max. relative error = 1.202987e-15
stability1 = 212.792233 at x0(EZ) = -1.470000

Equation solved.

fsolve completed because the vector of function values is near zero
as measured by the selected value of the function tolerance, and
the problem appears regular as measured by the gradient.



Exit flag: 1
con2cov: iterations = 35265, max. relative error = 1.202418e-15
stability1 = 212.710719 at x0(EZ) = -1.460000

Equation solved.

fsolve completed because the vector of function values is near zero
as measured by the selected value of the function tolerance, and
the problem appears regular as measured by the gradient.



Exit flag: 1
con2cov: iterations = 35254, max. relative error = 1.202908e-15
stability1 = 212.629180 at x0(EZ) = -1.450000

Equation solved.

fsolve completed because the vector of function values is near zero
as measured by the selected value of the function tolerance, and
the problem appears regular as measured by the gradient.



Exit flag: 1
con2cov: iterations = 35244, max. relative error = 1.202352e-15
stability1 = 212.547618 at x0(EZ) = -1.440000

Equation solved.

fsolve completed because the vector of function values is near zero
as measured by the selected value of the function tolerance, and
the problem appears regular as measured by the gradient.



Exit flag: 1
con2cov: iterations = 35233, max. relative error = 1.202856e-15
stability1 = 212.466031 at x0(EZ) = -1.430000

Equation solved.

fsolve completed because the vector of function values is near zero
as measured by the selected value of the function tolerance, and
the problem appears regular as measured by the gradient.



Exit flag: 1
con2cov: iterations = 35222, max. relative error = 1.203367e-15
stability1 = 212.384421 at x0(EZ) = -1.420000

Equation solved.

fsolve completed because the vector of function values is near zero
as measured by the selected value of the function tolerance, and
the problem appears regular as measured by the gradient.



Exit flag: 1
con2cov: iterations = 35212, max. relative error = 1.202831e-15
stability1 = 212.302788 at x0(EZ) = -1.410000

Equation solved.

fsolve completed because the vector of function values is near zero
as measured by the selected value of the function tolerance, and
the problem appears regular as measured by the gradient.



Exit flag: 1
con2cov: iterations = 35201, max. relative error = 1.203356e-15
stability1 = 212.221132 at x0(EZ) = -1.400000

Equation solved.

fsolve completed because the vector of function values is near zero
as measured by the selected value of the function tolerance, and
the problem appears regular as measured by the gradient.



Exit flag: 1
con2cov: iterations = 35190, max. relative error = 1.203889e-15
stability1 = 212.139454 at x0(EZ) = -1.390000

Equation solved.

fsolve completed because the vector of function values is near zero
as measured by the selected value of the function tolerance, and
the problem appears regular as measured by the gradient.



Exit flag: 1
con2cov: iterations = 35180, max. relative error = 1.203372e-15
stability1 = 212.057753 at x0(EZ) = -1.380000

Equation solved.

fsolve completed because the vector of function values is near zero
as measured by the selected value of the function tolerance, and
the problem appears regular as measured by the gradient.



Exit flag: 1
con2cov: iterations = 35169, max. relative error = 1.203918e-15
stability1 = 211.976030 at x0(EZ) = -1.370000

Equation solved.

fsolve completed because the vector of function values is near zero
as measured by the selected value of the function tolerance, and
the problem appears regular as measured by the gradient.



Exit flag: 1
con2cov: iterations = 35159, max. relative error = 1.203415e-15
stability1 = 211.894286 at x0(EZ) = -1.360000

Equation solved, inaccuracy possible.

The vector of function values is near zero, as measured by the selected value
of the function tolerance. However, the last step was ineffective.



Exit flag: 3
con2cov: iterations = 35148, max. relative error = 1.203975e-15
stability1 = 211.812521 at x0(EZ) = -1.350000

Equation solved.

fsolve completed because the vector of function values is near zero
as measured by the selected value of the function tolerance, and
the problem appears regular as measured by the gradient.



Exit flag: 1
con2cov: iterations = 35138, max. relative error = 1.203484e-15
stability1 = 211.730734 at x0(EZ) = -1.340000

Equation solved.

fsolve completed because the vector of function values is near zero
as measured by the selected value of the function tolerance, and
the problem appears regular as measured by the gradient.



Exit flag: 1
con2cov: iterations = 35127, max. relative error = 1.204057e-15
stability1 = 211.648927 at x0(EZ) = -1.330000

Equation solved.

fsolve completed because the vector of function values is near zero
as measured by the selected value of the function tolerance, and
the problem appears regular as measured by the gradient.



Exit flag: 1
con2cov: iterations = 35116, max. relative error = 1.204638e-15
stability1 = 211.567100 at x0(EZ) = -1.320000

Equation solved.

fsolve completed because the vector of function values is near zero
as measured by the selected value of the function tolerance, and
the problem appears regular as measured by the gradient.



Exit flag: 1
con2cov: iterations = 35106, max. relative error = 1.204166e-15
stability1 = 211.485253 at x0(EZ) = -1.310000

Equation solved.

fsolve completed because the vector of function values is near zero
as measured by the selected value of the function tolerance, and
the problem appears regular as measured by the gradient.



Exit flag: 1
con2cov: iterations = 35095, max. relative error = 1.204760e-15
stability1 = 211.403386 at x0(EZ) = -1.300000

Equation solved.

fsolve completed because the vector of function values is near zero
as measured by the selected value of the function tolerance, and
the problem appears regular as measured by the gradient.



Exit flag: 1
con2cov: iterations = 35085, max. relative error = 1.204300e-15
stability1 = 211.321501 at x0(EZ) = -1.290000

Equation solved.

fsolve completed because the vector of function values is near zero
as measured by the selected value of the function tolerance, and
the problem appears regular as measured by the gradient.



Exit flag: 1
con2cov: iterations = 35074, max. relative error = 1.204907e-15
stability1 = 211.239597 at x0(EZ) = -1.280000

Equation solved.

fsolve completed because the vector of function values is near zero
as measured by the selected value of the function tolerance, and
the problem appears regular as measured by the gradient.



Exit flag: 1
con2cov: iterations = 35064, max. relative error = 1.204461e-15
stability1 = 211.157674 at x0(EZ) = -1.270000

Equation solved.

fsolve completed because the vector of function values is near zero
as measured by the selected value of the function tolerance, and
the problem appears regular as measured by the gradient.



Exit flag: 1
con2cov: iterations = 35053, max. relative error = 1.205081e-15
stability1 = 211.075734 at x0(EZ) = -1.260000

Equation solved.

fsolve completed because the vector of function values is near zero
as measured by the selected value of the function tolerance, and
the problem appears regular as measured by the gradient.



Exit flag: 1
con2cov: iterations = 35043, max. relative error = 1.204646e-15
stability1 = 210.993777 at x0(EZ) = -1.250000

Equation solved, inaccuracy possible.

The vector of function values is near zero, as measured by the selected value
of the function tolerance. However, the last step was ineffective.



Exit flag: 3
con2cov: iterations = 35032, max. relative error = 1.205280e-15
stability1 = 210.911802 at x0(EZ) = -1.240000

Equation solved.

fsolve completed because the vector of function values is near zero
as measured by the selected value of the function tolerance, and
the problem appears regular as measured by the gradient.



Exit flag: 1
con2cov: iterations = 35022, max. relative error = 1.204857e-15
[Warning: stability1 is not a real number or is NaN at x0(EZ) = -1.230000] 
[> In mainK58 at 87
  In run at 63] 

Equation solved, inaccuracy possible.

The vector of function values is near zero, as measured by the selected value
of the function tolerance. However, the last step was ineffective.



con2cov: iterations = 35031, max. relative error = 1.205237e-15
Fine stability1 = 210.903604 at x0(EZ) = -1.239000

Equation solved, inaccuracy possible.

The vector of function values is near zero, as measured by the selected value
of the function tolerance. However, the last step was ineffective.



con2cov: iterations = 35030, max. relative error = 1.205195e-15
Fine stability1 = 210.895405 at x0(EZ) = -1.238000

Equation solved, inaccuracy possible.

The vector of function values is near zero, as measured by the selected value
of the function tolerance. However, the last step was ineffective.



con2cov: iterations = 35029, max. relative error = 1.205152e-15
Fine stability1 = 210.887207 at x0(EZ) = -1.237000

Equation solved, inaccuracy possible.

The vector of function values is near zero, as measured by the selected value
of the function tolerance. However, the last step was ineffective.



con2cov: iterations = 35028, max. relative error = 1.205110e-15
Fine stability1 = 210.879008 at x0(EZ) = -1.236000

Equation solved.

fsolve completed because the vector of function values is near zero
as measured by the selected value of the function tolerance, and
the problem appears regular as measured by the gradient.



con2cov: iterations = 35027, max. relative error = 1.205068e-15
Fine stability1 = 210.870809 at x0(EZ) = -1.235000

Equation solved.

fsolve completed because the vector of function values is near zero
as measured by the selected value of the function tolerance, and
the problem appears regular as measured by the gradient.



con2cov: iterations = 35026, max. relative error = 1.205025e-15
Fine stability1 = 210.862609 at x0(EZ) = -1.234000

Equation solved.

fsolve completed because the vector of function values is near zero
as measured by the selected value of the function tolerance, and
the problem appears regular as measured by the gradient.



con2cov: iterations = 35025, max. relative error = 1.204983e-15
Fine stability1 = 210.854410 at x0(EZ) = -1.233000

Equation solved.

fsolve completed because the vector of function values is near zero
as measured by the selected value of the function tolerance, and
the problem appears regular as measured by the gradient.



con2cov: iterations = 35024, max. relative error = 1.204941e-15
Fine stability1 = 210.846211 at x0(EZ) = -1.232000

Equation solved.

fsolve completed because the vector of function values is near zero
as measured by the selected value of the function tolerance, and
the problem appears regular as measured by the gradient.



con2cov: iterations = 35023, max. relative error = 1.204899e-15
Fine stability1 = 210.838011 at x0(EZ) = -1.231000
Processing original EZ = 27

Equation solved.

fsolve completed because the vector of function values is near zero
as measured by the selected value of the function tolerance, and
the problem appears regular as measured by the gradient.



Exit flag: 1
con2cov: iterations = 35243, max. relative error = 1.146973e-15
stability1 = 212.918556 at x0(EZ) = -1.500000

Equation solved.

fsolve completed because the vector of function values is near zero
as measured by the selected value of the function tolerance, and
the problem appears regular as measured by the gradient.



Exit flag: 1
con2cov: iterations = 35231, max. relative error = 1.146727e-15
stability1 = 212.835791 at x0(EZ) = -1.490000

Equation solved.

fsolve completed because the vector of function values is near zero
as measured by the selected value of the function tolerance, and
the problem appears regular as measured by the gradient.



Exit flag: 1
con2cov: iterations = 35219, max. relative error = 1.146484e-15
stability1 = 212.753002 at x0(EZ) = -1.480000

Equation solved.

fsolve completed because the vector of function values is near zero
as measured by the selected value of the function tolerance, and
the problem appears regular as measured by the gradient.



Exit flag: 1
con2cov: iterations = 35208, max. relative error = 1.145240e-15
stability1 = 212.670190 at x0(EZ) = -1.470000

Equation solved.

fsolve completed because the vector of function values is near zero
as measured by the selected value of the function tolerance, and
the problem appears regular as measured by the gradient.



Exit flag: 1
con2cov: iterations = 35196, max. relative error = 1.145000e-15
stability1 = 212.587354 at x0(EZ) = -1.460000

Equation solved.

fsolve completed because the vector of function values is near zero
as measured by the selected value of the function tolerance, and
the problem appears regular as measured by the gradient.



Exit flag: 1
con2cov: iterations = 35185, max. relative error = 1.143761e-15
stability1 = 212.504494 at x0(EZ) = -1.450000

Equation solved.

fsolve completed because the vector of function values is near zero
as measured by the selected value of the function tolerance, and
the problem appears regular as measured by the gradient.



Exit flag: 1
con2cov: iterations = 35173, max. relative error = 1.143525e-15
stability1 = 212.421611 at x0(EZ) = -1.440000

Equation solved.

fsolve completed because the vector of function values is near zero
as measured by the selected value of the function tolerance, and
the problem appears regular as measured by the gradient.



Exit flag: 1
con2cov: iterations = 35161, max. relative error = 1.143292e-15
stability1 = 212.338705 at x0(EZ) = -1.430000

Equation solved.

fsolve completed because the vector of function values is near zero
as measured by the selected value of the function tolerance, and
the problem appears regular as measured by the gradient.



Exit flag: 1
con2cov: iterations = 35150, max. relative error = 1.142059e-15
stability1 = 212.255775 at x0(EZ) = -1.420000

Equation solved.

fsolve completed because the vector of function values is near zero
as measured by the selected value of the function tolerance, and
the problem appears regular as measured by the gradient.



Exit flag: 1
con2cov: iterations = 35138, max. relative error = 1.141829e-15
stability1 = 212.172822 at x0(EZ) = -1.410000

Equation solved.

fsolve completed because the vector of function values is near zero
as measured by the selected value of the function tolerance, and
the problem appears regular as measured by the gradient.



Exit flag: 1
con2cov: iterations = 35127, max. relative error = 1.140600e-15
stability1 = 212.089846 at x0(EZ) = -1.400000

Equation solved.

fsolve completed because the vector of function values is near zero
as measured by the selected value of the function tolerance, and
the problem appears regular as measured by the gradient.



Exit flag: 1
con2cov: iterations = 35115, max. relative error = 1.140374e-15
stability1 = 212.006848 at x0(EZ) = -1.390000

Equation solved.

fsolve completed because the vector of function values is near zero
as measured by the selected value of the function tolerance, and
the problem appears regular as measured by the gradient.



Exit flag: 1
con2cov: iterations = 35104, max. relative error = 1.139150e-15
stability1 = 211.923826 at x0(EZ) = -1.380000

Equation solved.

fsolve completed because the vector of function values is near zero
as measured by the selected value of the function tolerance, and
the problem appears regular as measured by the gradient.



Exit flag: 1
con2cov: iterations = 35092, max. relative error = 1.138927e-15
stability1 = 211.840782 at x0(EZ) = -1.370000

Equation solved.

fsolve completed because the vector of function values is near zero
as measured by the selected value of the function tolerance, and
the problem appears regular as measured by the gradient.



Exit flag: 1
con2cov: iterations = 35081, max. relative error = 1.137706e-15
stability1 = 211.757716 at x0(EZ) = -1.360000

Equation solved.

fsolve completed because the vector of function values is near zero
as measured by the selected value of the function tolerance, and
the problem appears regular as measured by the gradient.



Exit flag: 1
con2cov: iterations = 35069, max. relative error = 1.137487e-15
stability1 = 211.674627 at x0(EZ) = -1.350000

Equation solved.

fsolve completed because the vector of function values is near zero
as measured by the selected value of the function tolerance, and
the problem appears regular as measured by the gradient.



Exit flag: 1
con2cov: iterations = 35057, max. relative error = 1.137270e-15
stability1 = 211.591516 at x0(EZ) = -1.340000

Equation solved.

fsolve completed because the vector of function values is near zero
as measured by the selected value of the function tolerance, and
the problem appears regular as measured by the gradient.



Exit flag: 1
con2cov: iterations = 35046, max. relative error = 1.136055e-15
stability1 = 211.508383 at x0(EZ) = -1.330000

Equation solved.

fsolve completed because the vector of function values is near zero
as measured by the selected value of the function tolerance, and
the problem appears regular as measured by the gradient.



Exit flag: 1
con2cov: iterations = 35034, max. relative error = 1.135841e-15
stability1 = 211.425227 at x0(EZ) = -1.320000

Equation solved.

fsolve completed because the vector of function values is near zero
as measured by the selected value of the function tolerance, and
the problem appears regular as measured by the gradient.



Exit flag: 1
con2cov: iterations = 35023, max. relative error = 1.134630e-15
stability1 = 211.342051 at x0(EZ) = -1.310000

Equation solved.

fsolve completed because the vector of function values is near zero
as measured by the selected value of the function tolerance, and
the problem appears regular as measured by the gradient.



Exit flag: 1
con2cov: iterations = 35011, max. relative error = 1.134418e-15
stability1 = 211.258852 at x0(EZ) = -1.300000

Equation solved.

fsolve completed because the vector of function values is near zero
as measured by the selected value of the function tolerance, and
the problem appears regular as measured by the gradient.



Exit flag: 1
con2cov: iterations = 35000, max. relative error = 1.133211e-15
stability1 = 211.175632 at x0(EZ) = -1.290000

Equation solved.

fsolve completed because the vector of function values is near zero
as measured by the selected value of the function tolerance, and
the problem appears regular as measured by the gradient.



Exit flag: 1
con2cov: iterations = 34988, max. relative error = 1.133003e-15
stability1 = 211.092390 at x0(EZ) = -1.280000

Equation solved.

fsolve completed because the vector of function values is near zero
as measured by the selected value of the function tolerance, and
the problem appears regular as measured by the gradient.



Exit flag: 1
con2cov: iterations = 34977, max. relative error = 1.131799e-15
stability1 = 211.009127 at x0(EZ) = -1.270000

Equation solved.

fsolve completed because the vector of function values is near zero
as measured by the selected value of the function tolerance, and
the problem appears regular as measured by the gradient.



Exit flag: 1
con2cov: iterations = 34965, max. relative error = 1.131594e-15
stability1 = 210.925844 at x0(EZ) = -1.260000

Equation solved.

fsolve completed because the vector of function values is near zero
as measured by the selected value of the function tolerance, and
the problem appears regular as measured by the gradient.



Exit flag: 1
con2cov: iterations = 34954, max. relative error = 1.130393e-15
stability1 = 210.842539 at x0(EZ) = -1.250000

Equation solved.

fsolve completed because the vector of function values is near zero
as measured by the selected value of the function tolerance, and
the problem appears regular as measured by the gradient.



Exit flag: 1
con2cov: iterations = 34943, max. relative error = 1.129195e-15
stability1 = 210.759213 at x0(EZ) = -1.240000

Equation solved.

fsolve completed because the vector of function values is near zero
as measured by the selected value of the function tolerance, and
the problem appears regular as measured by the gradient.



Exit flag: 1
con2cov: iterations = 34931, max. relative error = 1.128994e-15
stability1 = 210.675867 at x0(EZ) = -1.230000

Equation solved.

fsolve completed because the vector of function values is near zero
as measured by the selected value of the function tolerance, and
the problem appears regular as measured by the gradient.



Exit flag: 1
con2cov: iterations = 34920, max. relative error = 1.127798e-15
stability1 = 210.592501 at x0(EZ) = -1.220000

Equation solved.

fsolve completed because the vector of function values is near zero
as measured by the selected value of the function tolerance, and
the problem appears regular as measured by the gradient.



Exit flag: 1
con2cov: iterations = 34908, max. relative error = 1.127600e-15
stability1 = 210.509114 at x0(EZ) = -1.210000

Equation solved.

fsolve completed because the vector of function values is near zero
as measured by the selected value of the function tolerance, and
the problem appears regular as measured by the gradient.



Exit flag: 1
con2cov: iterations = 34897, max. relative error = 1.126549e-15
stability1 = 210.425707 at x0(EZ) = -1.200000

Equation solved.

fsolve completed because the vector of function values is near zero
as measured by the selected value of the function tolerance, and
the problem appears regular as measured by the gradient.



Exit flag: 1
con2cov: iterations = 34885, max. relative error = 1.127226e-15
stability1 = 210.342280 at x0(EZ) = -1.190000

Equation solved.

fsolve completed because the vector of function values is near zero
as measured by the selected value of the function tolerance, and
the problem appears regular as measured by the gradient.



Exit flag: 1
con2cov: iterations = 34874, max. relative error = 1.126911e-15
stability1 = 210.258833 at x0(EZ) = -1.180000

Equation solved.

fsolve completed because the vector of function values is near zero
as measured by the selected value of the function tolerance, and
the problem appears regular as measured by the gradient.



Exit flag: 1
con2cov: iterations = 34862, max. relative error = 1.127598e-15
stability1 = 210.175367 at x0(EZ) = -1.170000

Equation solved.

fsolve completed because the vector of function values is near zero
as measured by the selected value of the function tolerance, and
the problem appears regular as measured by the gradient.



Exit flag: 1
con2cov: iterations = 34851, max. relative error = 1.127290e-15
stability1 = 210.091881 at x0(EZ) = -1.160000

Equation solved.

fsolve completed because the vector of function values is near zero
as measured by the selected value of the function tolerance, and
the problem appears regular as measured by the gradient.



Exit flag: 1
con2cov: iterations = 34840, max. relative error = 1.126986e-15
stability1 = 210.008376 at x0(EZ) = -1.150000

Equation solved.

fsolve completed because the vector of function values is near zero
as measured by the selected value of the function tolerance, and
the problem appears regular as measured by the gradient.



Exit flag: 1
con2cov: iterations = 34828, max. relative error = 1.127685e-15
stability1 = 209.924852 at x0(EZ) = -1.140000

Equation solved.

fsolve completed because the vector of function values is near zero
as measured by the selected value of the function tolerance, and
the problem appears regular as measured by the gradient.



Exit flag: 1
con2cov: iterations = 34817, max. relative error = 1.127388e-15
stability1 = 209.841309 at x0(EZ) = -1.130000

Equation solved.

fsolve completed because the vector of function values is near zero
as measured by the selected value of the function tolerance, and
the problem appears regular as measured by the gradient.



Exit flag: 1
con2cov: iterations = 34805, max. relative error = 1.128095e-15
stability1 = 209.757748 at x0(EZ) = -1.120000

Equation solved.

fsolve completed because the vector of function values is near zero
as measured by the selected value of the function tolerance, and
the problem appears regular as measured by the gradient.



Exit flag: 1
con2cov: iterations = 34794, max. relative error = 1.127806e-15
stability1 = 209.674168 at x0(EZ) = -1.110000

Equation solved, inaccuracy possible.

The vector of function values is near zero, as measured by the selected value
of the function tolerance. However, the last step was ineffective.



Exit flag: 3
con2cov: iterations = 34783, max. relative error = 1.127520e-15
stability1 = 209.590570 at x0(EZ) = -1.100000

Equation solved.

fsolve completed because the vector of function values is near zero
as measured by the selected value of the function tolerance, and
the problem appears regular as measured by the gradient.



Exit flag: 1
con2cov: iterations = 34771, max. relative error = 1.128239e-15
stability1 = 209.506954 at x0(EZ) = -1.090000

Equation solved.

fsolve completed because the vector of function values is near zero
as measured by the selected value of the function tolerance, and
the problem appears regular as measured by the gradient.



Exit flag: 1
con2cov: iterations = 34760, max. relative error = 1.127960e-15
stability1 = 209.423320 at x0(EZ) = -1.080000

Equation solved.

fsolve completed because the vector of function values is near zero
as measured by the selected value of the function tolerance, and
the problem appears regular as measured by the gradient.



Exit flag: 1
con2cov: iterations = 34749, max. relative error = 1.127685e-15
stability1 = 209.339668 at x0(EZ) = -1.070000

Equation solved.

fsolve completed because the vector of function values is near zero
as measured by the selected value of the function tolerance, and
the problem appears regular as measured by the gradient.



Exit flag: 1
con2cov: iterations = 34737, max. relative error = 1.128415e-15
stability1 = 209.255999 at x0(EZ) = -1.060000

Equation solved.

fsolve completed because the vector of function values is near zero
as measured by the selected value of the function tolerance, and
the problem appears regular as measured by the gradient.



Exit flag: 1
con2cov: iterations = 34726, max. relative error = 1.128147e-15
stability1 = 209.172313 at x0(EZ) = -1.050000

Equation solved.

fsolve completed because the vector of function values is near zero
as measured by the selected value of the function tolerance, and
the problem appears regular as measured by the gradient.



Exit flag: 1
con2cov: iterations = 34714, max. relative error = 1.128886e-15
stability1 = 209.088609 at x0(EZ) = -1.040000

Equation solved.

fsolve completed because the vector of function values is near zero
as measured by the selected value of the function tolerance, and
the problem appears regular as measured by the gradient.



Exit flag: 1
con2cov: iterations = 34703, max. relative error = 1.128625e-15
stability1 = 209.004889 at x0(EZ) = -1.030000

Equation solved, inaccuracy possible.

The vector of function values is near zero, as measured by the selected value
of the function tolerance. However, the last step was ineffective.



Exit flag: 3
con2cov: iterations = 34692, max. relative error = 1.128367e-15
stability1 = 208.921153 at x0(EZ) = -1.020000

Equation solved.

fsolve completed because the vector of function values is near zero
as measured by the selected value of the function tolerance, and
the problem appears regular as measured by the gradient.



Exit flag: 1
con2cov: iterations = 34680, max. relative error = 1.129117e-15
stability1 = 208.837400 at x0(EZ) = -1.010000

Equation solved, inaccuracy possible.

The vector of function values is near zero, as measured by the selected value
of the function tolerance. However, the last step was ineffective.



Exit flag: 3
con2cov: iterations = 34669, max. relative error = 1.128866e-15
stability1 = 208.753631 at x0(EZ) = -1.000000
Processing original EZ = 72

Equation solved.

fsolve completed because the vector of function values is near zero
as measured by the selected value of the function tolerance, and
the problem appears regular as measured by the gradient.



Exit flag: 1
con2cov: iterations = 35349, max. relative error = 1.130448e-15
stability1 = 213.156841 at x0(EZ) = -1.500000

Equation solved.

fsolve completed because the vector of function values is near zero
as measured by the selected value of the function tolerance, and
the problem appears regular as measured by the gradient.



Exit flag: 1
con2cov: iterations = 35339, max. relative error = 1.130439e-15
stability1 = 213.076971 at x0(EZ) = -1.490000

Equation solved.

fsolve completed because the vector of function values is near zero
as measured by the selected value of the function tolerance, and
the problem appears regular as measured by the gradient.



Exit flag: 1
con2cov: iterations = 35329, max. relative error = 1.130438e-15
stability1 = 212.997077 at x0(EZ) = -1.480000

Equation solved.

fsolve completed because the vector of function values is near zero
as measured by the selected value of the function tolerance, and
the problem appears regular as measured by the gradient.



Exit flag: 1
con2cov: iterations = 35318, max. relative error = 1.131433e-15
stability1 = 212.917160 at x0(EZ) = -1.470000

Equation solved.

fsolve completed because the vector of function values is near zero
as measured by the selected value of the function tolerance, and
the problem appears regular as measured by the gradient.



Exit flag: 1
con2cov: iterations = 35308, max. relative error = 1.131448e-15
stability1 = 212.837220 at x0(EZ) = -1.460000

Equation solved.

fsolve completed because the vector of function values is near zero
as measured by the selected value of the function tolerance, and
the problem appears regular as measured by the gradient.



Exit flag: 1
con2cov: iterations = 35298, max. relative error = 1.131471e-15
stability1 = 212.757258 at x0(EZ) = -1.450000

Equation solved.

fsolve completed because the vector of function values is near zero
as measured by the selected value of the function tolerance, and
the problem appears regular as measured by the gradient.



Exit flag: 1
con2cov: iterations = 35288, max. relative error = 1.131501e-15
stability1 = 212.677273 at x0(EZ) = -1.440000

Equation solved.

fsolve completed because the vector of function values is near zero
as measured by the selected value of the function tolerance, and
the problem appears regular as measured by the gradient.



Exit flag: 1
con2cov: iterations = 35278, max. relative error = 1.131540e-15
stability1 = 212.597265 at x0(EZ) = -1.430000

Equation solved.

fsolve completed because the vector of function values is near zero
as measured by the selected value of the function tolerance, and
the problem appears regular as measured by the gradient.



Exit flag: 1
con2cov: iterations = 35268, max. relative error = 1.131586e-15
stability1 = 212.517236 at x0(EZ) = -1.420000

Equation solved.

fsolve completed because the vector of function values is near zero
as measured by the selected value of the function tolerance, and
the problem appears regular as measured by the gradient.



Exit flag: 1
con2cov: iterations = 35258, max. relative error = 1.131640e-15
stability1 = 212.437184 at x0(EZ) = -1.410000

Equation solved.

fsolve completed because the vector of function values is near zero
as measured by the selected value of the function tolerance, and
the problem appears regular as measured by the gradient.



Exit flag: 1
con2cov: iterations = 35248, max. relative error = 1.131702e-15
stability1 = 212.357112 at x0(EZ) = -1.400000

Equation solved.

fsolve completed because the vector of function values is near zero
as measured by the selected value of the function tolerance, and
the problem appears regular as measured by the gradient.



Exit flag: 1
con2cov: iterations = 35238, max. relative error = 1.131772e-15
stability1 = 212.277018 at x0(EZ) = -1.390000

Equation solved.

fsolve completed because the vector of function values is near zero
as measured by the selected value of the function tolerance, and
the problem appears regular as measured by the gradient.



Exit flag: 1
con2cov: iterations = 35228, max. relative error = 1.131849e-15
stability1 = 212.196904 at x0(EZ) = -1.380000

Equation solved.

fsolve completed because the vector of function values is near zero
as measured by the selected value of the function tolerance, and
the problem appears regular as measured by the gradient.



Exit flag: 1
con2cov: iterations = 35218, max. relative error = 1.131934e-15
stability1 = 212.116769 at x0(EZ) = -1.370000

Equation solved.

fsolve completed because the vector of function values is near zero
as measured by the selected value of the function tolerance, and
the problem appears regular as measured by the gradient.



Exit flag: 1
con2cov: iterations = 35208, max. relative error = 1.132027e-15
stability1 = 212.036614 at x0(EZ) = -1.360000

Equation solved, inaccuracy possible.

The vector of function values is near zero, as measured by the selected value
of the function tolerance. However, the last step was ineffective.



Exit flag: 3
con2cov: iterations = 35198, max. relative error = 1.132127e-15
stability1 = 211.956439 at x0(EZ) = -1.350000

Equation solved.

fsolve completed because the vector of function values is near zero
as measured by the selected value of the function tolerance, and
the problem appears regular as measured by the gradient.



Exit flag: 1
con2cov: iterations = 35188, max. relative error = 1.132235e-15
stability1 = 211.876244 at x0(EZ) = -1.340000

Equation solved.

fsolve completed because the vector of function values is near zero
as measured by the selected value of the function tolerance, and
the problem appears regular as measured by the gradient.



Exit flag: 1
con2cov: iterations = 35178, max. relative error = 1.132351e-15
stability1 = 211.796031 at x0(EZ) = -1.330000

Equation solved.

fsolve completed because the vector of function values is near zero
as measured by the selected value of the function tolerance, and
the problem appears regular as measured by the gradient.



Exit flag: 1
con2cov: iterations = 35168, max. relative error = 1.132475e-15
stability1 = 211.715798 at x0(EZ) = -1.320000

Equation solved.

fsolve completed because the vector of function values is near zero
as measured by the selected value of the function tolerance, and
the problem appears regular as measured by the gradient.



Exit flag: 1
con2cov: iterations = 35158, max. relative error = 1.132606e-15
stability1 = 211.635548 at x0(EZ) = -1.310000

Equation solved.

fsolve completed because the vector of function values is near zero
as measured by the selected value of the function tolerance, and
the problem appears regular as measured by the gradient.



Exit flag: 1
con2cov: iterations = 35148, max. relative error = 1.132745e-15
stability1 = 211.555279 at x0(EZ) = -1.300000

Equation solved.

fsolve completed because the vector of function values is near zero
as measured by the selected value of the function tolerance, and
the problem appears regular as measured by the gradient.



Exit flag: 1
con2cov: iterations = 35138, max. relative error = 1.132891e-15
stability1 = 211.474992 at x0(EZ) = -1.290000

Equation solved.

fsolve completed because the vector of function values is near zero
as measured by the selected value of the function tolerance, and
the problem appears regular as measured by the gradient.



Exit flag: 1
con2cov: iterations = 35128, max. relative error = 1.133045e-15
stability1 = 211.394688 at x0(EZ) = -1.280000

Equation solved.

fsolve completed because the vector of function values is near zero
as measured by the selected value of the function tolerance, and
the problem appears regular as measured by the gradient.



Exit flag: 1
con2cov: iterations = 35118, max. relative error = 1.133206e-15
stability1 = 211.314367 at x0(EZ) = -1.270000

Equation solved.

fsolve completed because the vector of function values is near zero
as measured by the selected value of the function tolerance, and
the problem appears regular as measured by the gradient.



Exit flag: 1
con2cov: iterations = 35108, max. relative error = 1.133375e-15
stability1 = 211.234030 at x0(EZ) = -1.260000

Equation solved.

fsolve completed because the vector of function values is near zero
as measured by the selected value of the function tolerance, and
the problem appears regular as measured by the gradient.



Exit flag: 1
con2cov: iterations = 35098, max. relative error = 1.133552e-15
stability1 = 211.153676 at x0(EZ) = -1.250000

Equation solved.

fsolve completed because the vector of function values is near zero
as measured by the selected value of the function tolerance, and
the problem appears regular as measured by the gradient.



Exit flag: 1
con2cov: iterations = 35088, max. relative error = 1.133736e-15
stability1 = 211.073307 at x0(EZ) = -1.240000

Equation solved.

fsolve completed because the vector of function values is near zero
as measured by the selected value of the function tolerance, and
the problem appears regular as measured by the gradient.



Exit flag: 1
con2cov: iterations = 35078, max. relative error = 1.133928e-15
stability1 = 210.992923 at x0(EZ) = -1.230000

Equation solved, inaccuracy possible.

The vector of function values is near zero, as measured by the selected value
of the function tolerance. However, the last step was ineffective.



Exit flag: 3
con2cov: iterations = 35068, max. relative error = 1.134127e-15
[Warning: stability1 is not a real number or is NaN at x0(EZ) = -1.220000] 
[> In mainK58 at 87
  In run at 63] 

Equation solved.

fsolve completed because the vector of function values is near zero
as measured by the selected value of the function tolerance, and
the problem appears regular as measured by the gradient.



con2cov: iterations = 35077, max. relative error = 1.133947e-15
Fine stability1 = 210.984883 at x0(EZ) = -1.229000

Equation solved, inaccuracy possible.

The vector of function values is near zero, as measured by the selected value
of the function tolerance. However, the last step was ineffective.



con2cov: iterations = 35076, max. relative error = 1.133967e-15
Fine stability1 = 210.976844 at x0(EZ) = -1.228000

Equation solved.

fsolve completed because the vector of function values is near zero
as measured by the selected value of the function tolerance, and
the problem appears regular as measured by the gradient.



con2cov: iterations = 35075, max. relative error = 1.133987e-15
Fine stability1 = 210.968804 at x0(EZ) = -1.227000

Equation solved.

fsolve completed because the vector of function values is near zero
as measured by the selected value of the function tolerance, and
the problem appears regular as measured by the gradient.



con2cov: iterations = 35074, max. relative error = 1.134007e-15
Fine stability1 = 210.960765 at x0(EZ) = -1.226000

Equation solved.

fsolve completed because the vector of function values is near zero
as measured by the selected value of the function tolerance, and
the problem appears regular as measured by the gradient.



con2cov: iterations = 35073, max. relative error = 1.134027e-15
Fine stability1 = 210.952725 at x0(EZ) = -1.225000

Equation solved, inaccuracy possible.

The vector of function values is near zero, as measured by the selected value
of the function tolerance. However, the last step was ineffective.



con2cov: iterations = 35072, max. relative error = 1.134047e-15
Fine stability1 = 210.944685 at x0(EZ) = -1.224000

Equation solved, inaccuracy possible.

The vector of function values is near zero, as measured by the selected value
of the function tolerance. However, the last step was ineffective.



con2cov: iterations = 35071, max. relative error = 1.134067e-15
Fine stability1 = 210.936645 at x0(EZ) = -1.223000

Equation solved, inaccuracy possible.

The vector of function values is near zero, as measured by the selected value
of the function tolerance. However, the last step was ineffective.



con2cov: iterations = 35070, max. relative error = 1.134087e-15
Fine stability1 = 210.928604 at x0(EZ) = -1.222000

Equation solved, inaccuracy possible.

The vector of function values is near zero, as measured by the selected value
of the function tolerance. However, the last step was ineffective.



con2cov: iterations = 35069, max. relative error = 1.134107e-15
Fine stability1 = 210.920564 at x0(EZ) = -1.221000
Processing original EZ = 76

Equation solved.

fsolve completed because the vector of function values is near zero
as measured by the selected value of the function tolerance, and
the problem appears regular as measured by the gradient.



Exit flag: 1
con2cov: iterations = 35292, max. relative error = 1.154269e-15
stability1 = 212.917286 at x0(EZ) = -1.500000

Equation solved.

fsolve completed because the vector of function values is near zero
as measured by the selected value of the function tolerance, and
the problem appears regular as measured by the gradient.



Exit flag: 1
con2cov: iterations = 35281, max. relative error = 1.153827e-15
stability1 = 212.834497 at x0(EZ) = -1.490000

Equation solved.

fsolve completed because the vector of function values is near zero
as measured by the selected value of the function tolerance, and
the problem appears regular as measured by the gradient.



Exit flag: 1
con2cov: iterations = 35270, max. relative error = 1.153390e-15
stability1 = 212.751685 at x0(EZ) = -1.480000

Equation solved.

fsolve completed because the vector of function values is near zero
as measured by the selected value of the function tolerance, and
the problem appears regular as measured by the gradient.



Exit flag: 1
con2cov: iterations = 35259, max. relative error = 1.152957e-15
stability1 = 212.668848 at x0(EZ) = -1.470000

Equation solved.

fsolve completed because the vector of function values is near zero
as measured by the selected value of the function tolerance, and
the problem appears regular as measured by the gradient.



Exit flag: 1
con2cov: iterations = 35248, max. relative error = 1.152529e-15
stability1 = 212.585988 at x0(EZ) = -1.460000

Equation solved.

fsolve completed because the vector of function values is near zero
as measured by the selected value of the function tolerance, and
the problem appears regular as measured by the gradient.



Exit flag: 1
con2cov: iterations = 35237, max. relative error = 1.152105e-15
stability1 = 212.503104 at x0(EZ) = -1.450000

Equation solved.

fsolve completed because the vector of function values is near zero
as measured by the selected value of the function tolerance, and
the problem appears regular as measured by the gradient.



Exit flag: 1
con2cov: iterations = 35226, max. relative error = 1.151687e-15
stability1 = 212.420196 at x0(EZ) = -1.440000

Equation solved.

fsolve completed because the vector of function values is near zero
as measured by the selected value of the function tolerance, and
the problem appears regular as measured by the gradient.



Exit flag: 1
con2cov: iterations = 35215, max. relative error = 1.151272e-15
stability1 = 212.337264 at x0(EZ) = -1.430000

Equation solved.

fsolve completed because the vector of function values is near zero
as measured by the selected value of the function tolerance, and
the problem appears regular as measured by the gradient.



Exit flag: 1
con2cov: iterations = 35204, max. relative error = 1.150863e-15
stability1 = 212.254309 at x0(EZ) = -1.420000

Equation solved.

fsolve completed because the vector of function values is near zero
as measured by the selected value of the function tolerance, and
the problem appears regular as measured by the gradient.



Exit flag: 1
con2cov: iterations = 35194, max. relative error = 1.149450e-15
stability1 = 212.171331 at x0(EZ) = -1.410000

Equation solved.

fsolve completed because the vector of function values is near zero
as measured by the selected value of the function tolerance, and
the problem appears regular as measured by the gradient.



Exit flag: 1
con2cov: iterations = 35183, max. relative error = 1.149050e-15
stability1 = 212.088329 at x0(EZ) = -1.400000

Equation solved.

fsolve completed because the vector of function values is near zero
as measured by the selected value of the function tolerance, and
the problem appears regular as measured by the gradient.



Exit flag: 1
con2cov: iterations = 35172, max. relative error = 1.148654e-15
stability1 = 212.005305 at x0(EZ) = -1.390000

Equation solved.

fsolve completed because the vector of function values is near zero
as measured by the selected value of the function tolerance, and
the problem appears regular as measured by the gradient.



Exit flag: 1
con2cov: iterations = 35161, max. relative error = 1.148263e-15
stability1 = 211.922257 at x0(EZ) = -1.380000

Equation solved.

fsolve completed because the vector of function values is near zero
as measured by the selected value of the function tolerance, and
the problem appears regular as measured by the gradient.



Exit flag: 1
con2cov: iterations = 35150, max. relative error = 1.147876e-15
stability1 = 211.839187 at x0(EZ) = -1.370000

Equation solved.

fsolve completed because the vector of function values is near zero
as measured by the selected value of the function tolerance, and
the problem appears regular as measured by the gradient.



Exit flag: 1
con2cov: iterations = 35139, max. relative error = 1.147493e-15
stability1 = 211.756093 at x0(EZ) = -1.360000

Equation solved.

fsolve completed because the vector of function values is near zero
as measured by the selected value of the function tolerance, and
the problem appears regular as measured by the gradient.



Exit flag: 1
con2cov: iterations = 35129, max. relative error = 1.146109e-15
stability1 = 211.672978 at x0(EZ) = -1.350000

Equation solved.

fsolve completed because the vector of function values is near zero
as measured by the selected value of the function tolerance, and
the problem appears regular as measured by the gradient.



Exit flag: 1
con2cov: iterations = 35118, max. relative error = 1.145735e-15
stability1 = 211.589839 at x0(EZ) = -1.340000

Equation solved.

fsolve completed because the vector of function values is near zero
as measured by the selected value of the function tolerance, and
the problem appears regular as measured by the gradient.



Exit flag: 1
con2cov: iterations = 35107, max. relative error = 1.145366e-15
stability1 = 211.506679 at x0(EZ) = -1.330000

Equation solved.

fsolve completed because the vector of function values is near zero
as measured by the selected value of the function tolerance, and
the problem appears regular as measured by the gradient.



Exit flag: 1
con2cov: iterations = 35096, max. relative error = 1.145001e-15
stability1 = 211.423496 at x0(EZ) = -1.320000

Equation solved.

fsolve completed because the vector of function values is near zero
as measured by the selected value of the function tolerance, and
the problem appears regular as measured by the gradient.



Exit flag: 1
con2cov: iterations = 35085, max. relative error = 1.144640e-15
stability1 = 211.340291 at x0(EZ) = -1.310000

Equation solved.

fsolve completed because the vector of function values is near zero
as measured by the selected value of the function tolerance, and
the problem appears regular as measured by the gradient.



Exit flag: 1
con2cov: iterations = 35075, max. relative error = 1.143277e-15
stability1 = 211.257064 at x0(EZ) = -1.300000

Equation solved.

fsolve completed because the vector of function values is near zero
as measured by the selected value of the function tolerance, and
the problem appears regular as measured by the gradient.



Exit flag: 1
con2cov: iterations = 35064, max. relative error = 1.142925e-15
stability1 = 211.173816 at x0(EZ) = -1.290000

Equation solved, inaccuracy possible.

The vector of function values is near zero, as measured by the selected value
of the function tolerance. However, the last step was ineffective.



Exit flag: 3
con2cov: iterations = 35053, max. relative error = 1.142577e-15
stability1 = 211.090545 at x0(EZ) = -1.280000

Equation solved.

fsolve completed because the vector of function values is near zero
as measured by the selected value of the function tolerance, and
the problem appears regular as measured by the gradient.



Exit flag: 1
con2cov: iterations = 35042, max. relative error = 1.142233e-15
stability1 = 211.007254 at x0(EZ) = -1.270000

Equation solved.

fsolve completed because the vector of function values is near zero
as measured by the selected value of the function tolerance, and
the problem appears regular as measured by the gradient.



Exit flag: 1
con2cov: iterations = 35032, max. relative error = 1.140888e-15
stability1 = 210.923941 at x0(EZ) = -1.260000

Equation solved.

fsolve completed because the vector of function values is near zero
as measured by the selected value of the function tolerance, and
the problem appears regular as measured by the gradient.



Exit flag: 1
con2cov: iterations = 35021, max. relative error = 1.140553e-15
stability1 = 210.840606 at x0(EZ) = -1.250000

Equation solved.

fsolve completed because the vector of function values is near zero
as measured by the selected value of the function tolerance, and
the problem appears regular as measured by the gradient.



Exit flag: 1
con2cov: iterations = 35010, max. relative error = 1.140222e-15
stability1 = 210.757251 at x0(EZ) = -1.240000

Equation solved.

fsolve completed because the vector of function values is near zero
as measured by the selected value of the function tolerance, and
the problem appears regular as measured by the gradient.



Exit flag: 1
con2cov: iterations = 34999, max. relative error = 1.139894e-15
stability1 = 210.673875 at x0(EZ) = -1.230000

Equation solved.

fsolve completed because the vector of function values is near zero
as measured by the selected value of the function tolerance, and
the problem appears regular as measured by the gradient.



Exit flag: 1
con2cov: iterations = 34989, max. relative error = 1.138566e-15
stability1 = 210.590478 at x0(EZ) = -1.220000

Equation solved.

fsolve completed because the vector of function values is near zero
as measured by the selected value of the function tolerance, and
the problem appears regular as measured by the gradient.



Exit flag: 1
con2cov: iterations = 34978, max. relative error = 1.138247e-15
stability1 = 210.507060 at x0(EZ) = -1.210000

Equation solved.

fsolve completed because the vector of function values is near zero
as measured by the selected value of the function tolerance, and
the problem appears regular as measured by the gradient.



Exit flag: 1
con2cov: iterations = 34967, max. relative error = 1.138664e-15
stability1 = 210.423623 at x0(EZ) = -1.200000

Equation solved.

fsolve completed because the vector of function values is near zero
as measured by the selected value of the function tolerance, and
the problem appears regular as measured by the gradient.



Exit flag: 1
con2cov: iterations = 34957, max. relative error = 1.138102e-15
stability1 = 210.340164 at x0(EZ) = -1.190000

Equation solved.

fsolve completed because the vector of function values is near zero
as measured by the selected value of the function tolerance, and
the problem appears regular as measured by the gradient.



Exit flag: 1
con2cov: iterations = 34946, max. relative error = 1.138552e-15
stability1 = 210.256686 at x0(EZ) = -1.180000

Equation solved.

fsolve completed because the vector of function values is near zero
as measured by the selected value of the function tolerance, and
the problem appears regular as measured by the gradient.



Exit flag: 1
con2cov: iterations = 34935, max. relative error = 1.139008e-15
stability1 = 210.173188 at x0(EZ) = -1.170000

Equation solved.

fsolve completed because the vector of function values is near zero
as measured by the selected value of the function tolerance, and
the problem appears regular as measured by the gradient.



Exit flag: 1
con2cov: iterations = 34925, max. relative error = 1.138464e-15
stability1 = 210.089671 at x0(EZ) = -1.160000

Equation solved.

fsolve completed because the vector of function values is near zero
as measured by the selected value of the function tolerance, and
the problem appears regular as measured by the gradient.



Exit flag: 1
con2cov: iterations = 34914, max. relative error = 1.138932e-15
stability1 = 210.006133 at x0(EZ) = -1.150000

Equation solved.

fsolve completed because the vector of function values is near zero
as measured by the selected value of the function tolerance, and
the problem appears regular as measured by the gradient.



Exit flag: 1
con2cov: iterations = 34903, max. relative error = 1.139407e-15
stability1 = 209.922577 at x0(EZ) = -1.140000

Equation solved.

fsolve completed because the vector of function values is near zero
as measured by the selected value of the function tolerance, and
the problem appears regular as measured by the gradient.



Exit flag: 1
con2cov: iterations = 34893, max. relative error = 1.138881e-15
stability1 = 209.839001 at x0(EZ) = -1.130000

Equation solved.

fsolve completed because the vector of function values is near zero
as measured by the selected value of the function tolerance, and
the problem appears regular as measured by the gradient.



Exit flag: 1
con2cov: iterations = 34882, max. relative error = 1.139368e-15
stability1 = 209.755407 at x0(EZ) = -1.120000

Equation solved.

fsolve completed because the vector of function values is near zero
as measured by the selected value of the function tolerance, and
the problem appears regular as measured by the gradient.



Exit flag: 1
con2cov: iterations = 34871, max. relative error = 1.139862e-15
stability1 = 209.671793 at x0(EZ) = -1.110000

Equation solved.

fsolve completed because the vector of function values is near zero
as measured by the selected value of the function tolerance, and
the problem appears regular as measured by the gradient.



Exit flag: 1
con2cov: iterations = 34861, max. relative error = 1.139353e-15
stability1 = 209.588161 at x0(EZ) = -1.100000

Equation solved.

fsolve completed because the vector of function values is near zero
as measured by the selected value of the function tolerance, and
the problem appears regular as measured by the gradient.



Exit flag: 1
con2cov: iterations = 34850, max. relative error = 1.139860e-15
stability1 = 209.504511 at x0(EZ) = -1.090000

Equation solved.

fsolve completed because the vector of function values is near zero
as measured by the selected value of the function tolerance, and
the problem appears regular as measured by the gradient.



Exit flag: 1
con2cov: iterations = 34840, max. relative error = 1.139362e-15
stability1 = 209.420842 at x0(EZ) = -1.080000

Equation solved.

fsolve completed because the vector of function values is near zero
as measured by the selected value of the function tolerance, and
the problem appears regular as measured by the gradient.



Exit flag: 1
con2cov: iterations = 34829, max. relative error = 1.139880e-15
stability1 = 209.337156 at x0(EZ) = -1.070000

Equation solved.

fsolve completed because the vector of function values is near zero
as measured by the selected value of the function tolerance, and
the problem appears regular as measured by the gradient.



Exit flag: 1
con2cov: iterations = 34818, max. relative error = 1.140406e-15
stability1 = 209.253451 at x0(EZ) = -1.060000

Equation solved.

fsolve completed because the vector of function values is near zero
as measured by the selected value of the function tolerance, and
the problem appears regular as measured by the gradient.



Exit flag: 1
con2cov: iterations = 34808, max. relative error = 1.139925e-15
stability1 = 209.169730 at x0(EZ) = -1.050000

Equation solved.

fsolve completed because the vector of function values is near zero
as measured by the selected value of the function tolerance, and
the problem appears regular as measured by the gradient.



Exit flag: 1
con2cov: iterations = 34797, max. relative error = 1.140463e-15
stability1 = 209.085991 at x0(EZ) = -1.040000

Equation solved.

fsolve completed because the vector of function values is near zero
as measured by the selected value of the function tolerance, and
the problem appears regular as measured by the gradient.



Exit flag: 1
con2cov: iterations = 34787, max. relative error = 1.139994e-15
stability1 = 209.002234 at x0(EZ) = -1.030000

Equation solved.

fsolve completed because the vector of function values is near zero
as measured by the selected value of the function tolerance, and
the problem appears regular as measured by the gradient.



Exit flag: 1
con2cov: iterations = 34776, max. relative error = 1.140543e-15
stability1 = 208.918461 at x0(EZ) = -1.020000

Equation solved.

fsolve completed because the vector of function values is near zero
as measured by the selected value of the function tolerance, and
the problem appears regular as measured by the gradient.



Exit flag: 1
con2cov: iterations = 34766, max. relative error = 1.140085e-15
stability1 = 208.834672 at x0(EZ) = -1.010000

Equation solved.

fsolve completed because the vector of function values is near zero
as measured by the selected value of the function tolerance, and
the problem appears regular as measured by the gradient.



Exit flag: 1
con2cov: iterations = 34755, max. relative error = 1.140647e-15
stability1 = 208.750866 at x0(EZ) = -1.000000
Processing original EZ = 78

Equation solved, inaccuracy possible.

The vector of function values is near zero, as measured by the selected value
of the function tolerance. However, the last step was ineffective.



Exit flag: 3
con2cov: iterations = 35397, max. relative error = 1.127437e-15
stability1 = 212.839289 at x0(EZ) = -1.500000

Equation solved.

fsolve completed because the vector of function values is near zero
as measured by the selected value of the function tolerance, and
the problem appears regular as measured by the gradient.



Exit flag: 1
con2cov: iterations = 35388, max. relative error = 1.127221e-15
stability1 = 212.755186 at x0(EZ) = -1.490000

Equation solved.

fsolve completed because the vector of function values is near zero
as measured by the selected value of the function tolerance, and
the problem appears regular as measured by the gradient.



Exit flag: 1
con2cov: iterations = 35378, max. relative error = 1.128002e-15
stability1 = 212.671057 at x0(EZ) = -1.480000

Equation solved.

fsolve completed because the vector of function values is near zero
as measured by the selected value of the function tolerance, and
the problem appears regular as measured by the gradient.



Exit flag: 1
con2cov: iterations = 35369, max. relative error = 1.127811e-15
stability1 = 212.586902 at x0(EZ) = -1.470000

Equation solved.

fsolve completed because the vector of function values is near zero
as measured by the selected value of the function tolerance, and
the problem appears regular as measured by the gradient.



Exit flag: 1
con2cov: iterations = 35360, max. relative error = 1.127632e-15
stability1 = 212.502721 at x0(EZ) = -1.460000

Equation solved.

fsolve completed because the vector of function values is near zero
as measured by the selected value of the function tolerance, and
the problem appears regular as measured by the gradient.



Exit flag: 1
con2cov: iterations = 35351, max. relative error = 1.127465e-15
stability1 = 212.418516 at x0(EZ) = -1.450000

Equation solved.

fsolve completed because the vector of function values is near zero
as measured by the selected value of the function tolerance, and
the problem appears regular as measured by the gradient.



Exit flag: 1
con2cov: iterations = 35341, max. relative error = 1.128296e-15
stability1 = 212.334287 at x0(EZ) = -1.440000

Equation solved.

fsolve completed because the vector of function values is near zero
as measured by the selected value of the function tolerance, and
the problem appears regular as measured by the gradient.



Exit flag: 1
con2cov: iterations = 35332, max. relative error = 1.128153e-15
stability1 = 212.250034 at x0(EZ) = -1.430000

Equation solved.

fsolve completed because the vector of function values is near zero
as measured by the selected value of the function tolerance, and
the problem appears regular as measured by the gradient.



Exit flag: 1
con2cov: iterations = 35323, max. relative error = 1.128023e-15
stability1 = 212.165757 at x0(EZ) = -1.420000

Equation solved.

fsolve completed because the vector of function values is near zero
as measured by the selected value of the function tolerance, and
the problem appears regular as measured by the gradient.



Exit flag: 1
con2cov: iterations = 35314, max. relative error = 1.127904e-15
stability1 = 212.081458 at x0(EZ) = -1.410000

Equation solved.

fsolve completed because the vector of function values is near zero
as measured by the selected value of the function tolerance, and
the problem appears regular as measured by the gradient.



Exit flag: 1
con2cov: iterations = 35304, max. relative error = 1.128785e-15
stability1 = 211.997137 at x0(EZ) = -1.400000

Equation solved.

fsolve completed because the vector of function values is near zero
as measured by the selected value of the function tolerance, and
the problem appears regular as measured by the gradient.



Exit flag: 1
con2cov: iterations = 35295, max. relative error = 1.128690e-15
stability1 = 211.912795 at x0(EZ) = -1.390000

Equation solved.

fsolve completed because the vector of function values is near zero
as measured by the selected value of the function tolerance, and
the problem appears regular as measured by the gradient.



Exit flag: 1
con2cov: iterations = 35286, max. relative error = 1.128607e-15
stability1 = 211.828431 at x0(EZ) = -1.380000

Equation solved.

fsolve completed because the vector of function values is near zero
as measured by the selected value of the function tolerance, and
the problem appears regular as measured by the gradient.



Exit flag: 1
con2cov: iterations = 35277, max. relative error = 1.128536e-15
stability1 = 211.744047 at x0(EZ) = -1.370000

Equation solved.

fsolve completed because the vector of function values is near zero
as measured by the selected value of the function tolerance, and
the problem appears regular as measured by the gradient.



Exit flag: 1
con2cov: iterations = 35268, max. relative error = 1.128476e-15
[Warning: stability1 is not a real number or is NaN at x0(EZ) = -1.360000] 
[> In mainK58 at 87
  In run at 63] 

Equation solved.

fsolve completed because the vector of function values is near zero
as measured by the selected value of the function tolerance, and
the problem appears regular as measured by the gradient.



con2cov: iterations = 35276, max. relative error = 1.128628e-15
Fine stability1 = 211.735608 at x0(EZ) = -1.369000

Equation solved.

fsolve completed because the vector of function values is near zero
as measured by the selected value of the function tolerance, and
the problem appears regular as measured by the gradient.



con2cov: iterations = 35275, max. relative error = 1.128720e-15
Fine stability1 = 211.727168 at x0(EZ) = -1.368000

Equation solved.

fsolve completed because the vector of function values is near zero
as measured by the selected value of the function tolerance, and
the problem appears regular as measured by the gradient.



con2cov: iterations = 35274, max. relative error = 1.128813e-15
Fine stability1 = 211.718728 at x0(EZ) = -1.367000

Equation solved.

fsolve completed because the vector of function values is near zero
as measured by the selected value of the function tolerance, and
the problem appears regular as measured by the gradient.



con2cov: iterations = 35273, max. relative error = 1.128906e-15
Fine stability1 = 211.710288 at x0(EZ) = -1.366000

Equation solved, inaccuracy possible.

The vector of function values is near zero, as measured by the selected value
of the function tolerance. However, the last step was ineffective.



con2cov: iterations = 35272, max. relative error = 1.128999e-15
Fine stability1 = 211.701848 at x0(EZ) = -1.365000

Equation solved.

fsolve completed because the vector of function values is near zero
as measured by the selected value of the function tolerance, and
the problem appears regular as measured by the gradient.



con2cov: iterations = 35271, max. relative error = 1.129092e-15
Fine stability1 = 211.693408 at x0(EZ) = -1.364000

Equation solved.

fsolve completed because the vector of function values is near zero
as measured by the selected value of the function tolerance, and
the problem appears regular as measured by the gradient.



con2cov: iterations = 35270, max. relative error = 1.129185e-15
Fine stability1 = 211.684967 at x0(EZ) = -1.363000

Equation solved.

fsolve completed because the vector of function values is near zero
as measured by the selected value of the function tolerance, and
the problem appears regular as measured by the gradient.



con2cov: iterations = 35270, max. relative error = 1.128289e-15
Fine stability1 = 211.676526 at x0(EZ) = -1.362000

Equation solved.

fsolve completed because the vector of function values is near zero
as measured by the selected value of the function tolerance, and
the problem appears regular as measured by the gradient.



con2cov: iterations = 35269, max. relative error = 1.128383e-15
Fine stability1 = 211.668085 at x0(EZ) = -1.361000
Saved StabilityMatrix_K58_EZ23_to_78.mat successfully.
