
                            < M A T L A B (R) >
                  Copyright 1984-2014 The MathWorks, Inc.
                   R2014b (8.4.0.150421) 64-bit (glnxa64)
                             September 15, 2014

 
To get started, type one of these: helpwin, helpdesk, or demo.
For product information, visit www.mathworks.com.
 
    ----------------------------------------------------
	Your MATLAB license will expire in 43 days.
	Please contact your system administrator or
	MathWorks to renew this license.
    ----------------------------------------------------

x0_EZ_range1 =

  Columns 1 through 3

  -1.500000000000000  -1.490000000000000  -1.480000000000000

  Columns 4 through 6

  -1.470000000000000  -1.460000000000000  -1.450000000000000

  Columns 7 through 9

  -1.440000000000000  -1.430000000000000  -1.420000000000000

  Columns 10 through 12

  -1.410000000000000  -1.400000000000000  -1.390000000000000

  Columns 13 through 15

  -1.380000000000000  -1.370000000000000  -1.360000000000000

  Columns 16 through 18

  -1.350000000000000  -1.340000000000000  -1.330000000000000

  Columns 19 through 21

  -1.320000000000000  -1.310000000000000  -1.300000000000000

  Columns 22 through 24

  -1.290000000000000  -1.280000000000000  -1.270000000000000

  Columns 25 through 27

  -1.260000000000000  -1.250000000000000  -1.240000000000000

  Columns 28 through 30

  -1.230000000000000  -1.220000000000000  -1.210000000000000

  Columns 31 through 33

  -1.200000000000000  -1.190000000000000  -1.180000000000000

  Columns 34 through 36

  -1.170000000000000  -1.160000000000000  -1.150000000000000

  Columns 37 through 39

  -1.140000000000000  -1.130000000000000  -1.120000000000000

  Columns 40 through 42

  -1.110000000000000  -1.100000000000000  -1.090000000000000

  Columns 43 through 45

  -1.080000000000000  -1.070000000000000  -1.060000000000000

  Columns 46 through 48

  -1.050000000000000  -1.040000000000000  -1.030000000000000

  Columns 49 through 51

  -1.020000000000000  -1.010000000000000  -1.000000000000000

  Columns 1 through 3

  -1.500000000000000  -1.490000000000000  -1.480000000000000

  Columns 4 through 6

  -1.470000000000000  -1.460000000000000  -1.450000000000000

  Columns 7 through 9

  -1.440000000000000  -1.430000000000000  -1.420000000000000

  Columns 10 through 12

  -1.410000000000000  -1.400000000000000  -1.390000000000000

  Columns 13 through 15

  -1.380000000000000  -1.370000000000000  -1.360000000000000

  Columns 16 through 18

  -1.350000000000000  -1.340000000000000  -1.330000000000000

  Columns 19 through 21

  -1.320000000000000  -1.310000000000000  -1.300000000000000

  Columns 22 through 24

  -1.290000000000000  -1.280000000000000  -1.270000000000000

  Columns 25 through 27

  -1.260000000000000  -1.250000000000000  -1.240000000000000

  Columns 28 through 30

  -1.230000000000000  -1.220000000000000  -1.210000000000000

  Columns 31 through 33

  -1.200000000000000  -1.190000000000000  -1.180000000000000

  Columns 34 through 36

  -1.170000000000000  -1.160000000000000  -1.150000000000000

  Columns 37 through 39

  -1.140000000000000  -1.130000000000000  -1.120000000000000

  Columns 40 through 42

  -1.110000000000000  -1.100000000000000  -1.090000000000000

  Columns 43 through 45

  -1.080000000000000  -1.070000000000000  -1.060000000000000

  Columns 46 through 48

  -1.050000000000000  -1.040000000000000  -1.030000000000000

  Columns 49 through 51

  -1.020000000000000  -1.010000000000000  -1.000000000000000

Processing original EZ = 23

Equation solved.

fsolve completed because the vector of function values is near zero
as measured by the selected value of the function tolerance, and
the problem appears regular as measured by the gradient.



Exit flag: 1
con2cov: iterations = 35313, max. relative error = 1.235422e-15
stability1 = 213.131285 at x0(EZ) = -1.500000

Equation solved.

fsolve completed because the vector of function values is near zero
as measured by the selected value of the function tolerance, and
the problem appears regular as measured by the gradient.



Exit flag: 1
con2cov: iterations = 35303, max. relative error = 1.234811e-15
stability1 = 213.049860 at x0(EZ) = -1.490000

Equation solved.

fsolve completed because the vector of function values is near zero
as measured by the selected value of the function tolerance, and
the problem appears regular as measured by the gradient.



Exit flag: 1
con2cov: iterations = 35292, max. relative error = 1.235287e-15
stability1 = 212.968409 at x0(EZ) = -1.480000

Equation solved.

fsolve completed because the vector of function values is near zero
as measured by the selected value of the function tolerance, and
the problem appears regular as measured by the gradient.



Exit flag: 1
con2cov: iterations = 35281, max. relative error = 1.235770e-15
stability1 = 212.886933 at x0(EZ) = -1.470000

Equation solved.

fsolve completed because the vector of function values is near zero
as measured by the selected value of the function tolerance, and
the problem appears regular as measured by the gradient.



Exit flag: 1
con2cov: iterations = 35271, max. relative error = 1.235180e-15
stability1 = 212.805433 at x0(EZ) = -1.460000

Equation solved.

fsolve completed because the vector of function values is near zero
as measured by the selected value of the function tolerance, and
the problem appears regular as measured by the gradient.



Exit flag: 1
con2cov: iterations = 35260, max. relative error = 1.235677e-15
stability1 = 212.723909 at x0(EZ) = -1.450000

Equation solved.

fsolve completed because the vector of function values is near zero
as measured by the selected value of the function tolerance, and
the problem appears regular as measured by the gradient.



Exit flag: 1
con2cov: iterations = 35249, max. relative error = 1.236182e-15
stability1 = 212.642360 at x0(EZ) = -1.440000

Equation solved.

fsolve completed because the vector of function values is near zero
as measured by the selected value of the function tolerance, and
the problem appears regular as measured by the gradient.



Exit flag: 1
con2cov: iterations = 35239, max. relative error = 1.235613e-15
stability1 = 212.560788 at x0(EZ) = -1.430000

Equation solved.

fsolve completed because the vector of function values is near zero
as measured by the selected value of the function tolerance, and
the problem appears regular as measured by the gradient.



Exit flag: 1
con2cov: iterations = 35228, max. relative error = 1.236132e-15
stability1 = 212.479192 at x0(EZ) = -1.420000

Equation solved.

fsolve completed because the vector of function values is near zero
as measured by the selected value of the function tolerance, and
the problem appears regular as measured by the gradient.



Exit flag: 1
con2cov: iterations = 35218, max. relative error = 1.235576e-15
stability1 = 212.397573 at x0(EZ) = -1.410000

Equation solved.

fsolve completed because the vector of function values is near zero
as measured by the selected value of the function tolerance, and
the problem appears regular as measured by the gradient.



Exit flag: 1
con2cov: iterations = 35207, max. relative error = 1.236109e-15
stability1 = 212.315931 at x0(EZ) = -1.400000

Equation solved.

fsolve completed because the vector of function values is near zero
as measured by the selected value of the function tolerance, and
the problem appears regular as measured by the gradient.



Exit flag: 1
con2cov: iterations = 35196, max. relative error = 1.236650e-15
stability1 = 212.234267 at x0(EZ) = -1.390000

Equation solved.

fsolve completed because the vector of function values is near zero
as measured by the selected value of the function tolerance, and
the problem appears regular as measured by the gradient.



Exit flag: 1
con2cov: iterations = 35186, max. relative error = 1.236114e-15
stability1 = 212.152580 at x0(EZ) = -1.380000

Equation solved, inaccuracy possible.

The vector of function values is near zero, as measured by the selected value
of the function tolerance. However, the last step was ineffective.



Exit flag: 3
con2cov: iterations = 35175, max. relative error = 1.236669e-15
stability1 = 212.070872 at x0(EZ) = -1.370000

Equation solved.

fsolve completed because the vector of function values is near zero
as measured by the selected value of the function tolerance, and
the problem appears regular as measured by the gradient.



Exit flag: 1
con2cov: iterations = 35165, max. relative error = 1.236146e-15
stability1 = 211.989141 at x0(EZ) = -1.360000

Equation solved.

fsolve completed because the vector of function values is near zero
as measured by the selected value of the function tolerance, and
the problem appears regular as measured by the gradient.



Exit flag: 1
con2cov: iterations = 35154, max. relative error = 1.236715e-15
stability1 = 211.907390 at x0(EZ) = -1.350000

Equation solved.

fsolve completed because the vector of function values is near zero
as measured by the selected value of the function tolerance, and
the problem appears regular as measured by the gradient.



Exit flag: 1
con2cov: iterations = 35144, max. relative error = 1.236205e-15
stability1 = 211.825617 at x0(EZ) = -1.340000

Equation solved.

fsolve completed because the vector of function values is near zero
as measured by the selected value of the function tolerance, and
the problem appears regular as measured by the gradient.



Exit flag: 1
con2cov: iterations = 35133, max. relative error = 1.236787e-15
stability1 = 211.743825 at x0(EZ) = -1.330000

Equation solved.

fsolve completed because the vector of function values is near zero
as measured by the selected value of the function tolerance, and
the problem appears regular as measured by the gradient.



Exit flag: 1
con2cov: iterations = 35123, max. relative error = 1.236290e-15
stability1 = 211.662011 at x0(EZ) = -1.320000

Equation solved.

fsolve completed because the vector of function values is near zero
as measured by the selected value of the function tolerance, and
the problem appears regular as measured by the gradient.



Exit flag: 1
con2cov: iterations = 35112, max. relative error = 1.236887e-15
stability1 = 211.580178 at x0(EZ) = -1.310000

Equation solved.

fsolve completed because the vector of function values is near zero
as measured by the selected value of the function tolerance, and
the problem appears regular as measured by the gradient.



Exit flag: 1
con2cov: iterations = 35102, max. relative error = 1.236402e-15
stability1 = 211.498326 at x0(EZ) = -1.300000

Equation solved.

fsolve completed because the vector of function values is near zero
as measured by the selected value of the function tolerance, and
the problem appears regular as measured by the gradient.



Exit flag: 1
con2cov: iterations = 35091, max. relative error = 1.237012e-15
stability1 = 211.416454 at x0(EZ) = -1.290000

Equation solved.

fsolve completed because the vector of function values is near zero
as measured by the selected value of the function tolerance, and
the problem appears regular as measured by the gradient.



Exit flag: 1
con2cov: iterations = 35081, max. relative error = 1.236541e-15
stability1 = 211.334564 at x0(EZ) = -1.280000

Equation solved.

fsolve completed because the vector of function values is near zero
as measured by the selected value of the function tolerance, and
the problem appears regular as measured by the gradient.



Exit flag: 1
con2cov: iterations = 35070, max. relative error = 1.237164e-15
stability1 = 211.252655 at x0(EZ) = -1.270000

Equation solved.

fsolve completed because the vector of function values is near zero
as measured by the selected value of the function tolerance, and
the problem appears regular as measured by the gradient.



Exit flag: 1
con2cov: iterations = 35060, max. relative error = 1.236705e-15
stability1 = 211.170729 at x0(EZ) = -1.260000

Equation solved.

fsolve completed because the vector of function values is near zero
as measured by the selected value of the function tolerance, and
the problem appears regular as measured by the gradient.



Exit flag: 1
con2cov: iterations = 35049, max. relative error = 1.237342e-15
stability1 = 211.088785 at x0(EZ) = -1.250000

Equation solved, inaccuracy possible.

The vector of function values is near zero, as measured by the selected value
of the function tolerance. However, the last step was ineffective.



Exit flag: 3
con2cov: iterations = 35039, max. relative error = 1.236896e-15
stability1 = 211.006825 at x0(EZ) = -1.240000

Equation solved.

fsolve completed because the vector of function values is near zero
as measured by the selected value of the function tolerance, and
the problem appears regular as measured by the gradient.



Exit flag: 1
con2cov: iterations = 35028, max. relative error = 1.237546e-15
[Warning: stability1 is not a real number or is NaN at x0(EZ) = -1.230000] 
[> In mainK62 at 87
  In run at 63] 

Equation solved, inaccuracy possible.

The vector of function values is near zero, as measured by the selected value
of the function tolerance. However, the last step was ineffective.



con2cov: iterations = 35038, max. relative error = 1.236851e-15
Fine stability1 = 210.998628 at x0(EZ) = -1.239000

Equation solved, inaccuracy possible.

The vector of function values is near zero, as measured by the selected value
of the function tolerance. However, the last step was ineffective.



con2cov: iterations = 35037, max. relative error = 1.236807e-15
Fine stability1 = 210.990430 at x0(EZ) = -1.238000

Equation solved, inaccuracy possible.

The vector of function values is near zero, as measured by the selected value
of the function tolerance. However, the last step was ineffective.



con2cov: iterations = 35036, max. relative error = 1.236763e-15
Fine stability1 = 210.982233 at x0(EZ) = -1.237000

Equation solved, inaccuracy possible.

The vector of function values is near zero, as measured by the selected value
of the function tolerance. However, the last step was ineffective.



con2cov: iterations = 35035, max. relative error = 1.236719e-15
Fine stability1 = 210.974036 at x0(EZ) = -1.236000

Equation solved.

fsolve completed because the vector of function values is near zero
as measured by the selected value of the function tolerance, and
the problem appears regular as measured by the gradient.



con2cov: iterations = 35034, max. relative error = 1.236675e-15
Fine stability1 = 210.965838 at x0(EZ) = -1.235000

Equation solved.

fsolve completed because the vector of function values is near zero
as measured by the selected value of the function tolerance, and
the problem appears regular as measured by the gradient.



con2cov: iterations = 35033, max. relative error = 1.236631e-15
Fine stability1 = 210.957640 at x0(EZ) = -1.234000

Equation solved.

fsolve completed because the vector of function values is near zero
as measured by the selected value of the function tolerance, and
the problem appears regular as measured by the gradient.



con2cov: iterations = 35032, max. relative error = 1.236587e-15
Fine stability1 = 210.949442 at x0(EZ) = -1.233000

Equation solved.

fsolve completed because the vector of function values is near zero
as measured by the selected value of the function tolerance, and
the problem appears regular as measured by the gradient.



con2cov: iterations = 35031, max. relative error = 1.236543e-15
Fine stability1 = 210.941244 at x0(EZ) = -1.232000

Equation solved.

fsolve completed because the vector of function values is near zero
as measured by the selected value of the function tolerance, and
the problem appears regular as measured by the gradient.



con2cov: iterations = 35029, max. relative error = 1.237590e-15
Fine stability1 = 210.933046 at x0(EZ) = -1.231000
Processing original EZ = 27

Equation solved.

fsolve completed because the vector of function values is near zero
as measured by the selected value of the function tolerance, and
the problem appears regular as measured by the gradient.



Exit flag: 1
con2cov: iterations = 35257, max. relative error = 1.224675e-15
stability1 = 212.997338 at x0(EZ) = -1.500000

Equation solved.

fsolve completed because the vector of function values is near zero
as measured by the selected value of the function tolerance, and
the problem appears regular as measured by the gradient.



Exit flag: 1
con2cov: iterations = 35246, max. relative error = 1.224417e-15
stability1 = 212.914380 at x0(EZ) = -1.490000

Equation solved.

fsolve completed because the vector of function values is near zero
as measured by the selected value of the function tolerance, and
the problem appears regular as measured by the gradient.



Exit flag: 1
con2cov: iterations = 35234, max. relative error = 1.225234e-15
stability1 = 212.831397 at x0(EZ) = -1.480000

Equation solved.

fsolve completed because the vector of function values is near zero
as measured by the selected value of the function tolerance, and
the problem appears regular as measured by the gradient.



Exit flag: 1
con2cov: iterations = 35223, max. relative error = 1.224986e-15
stability1 = 212.748391 at x0(EZ) = -1.470000

Equation solved.

fsolve completed because the vector of function values is near zero
as measured by the selected value of the function tolerance, and
the problem appears regular as measured by the gradient.



Exit flag: 1
con2cov: iterations = 35212, max. relative error = 1.224742e-15
stability1 = 212.665361 at x0(EZ) = -1.460000

Equation solved.

fsolve completed because the vector of function values is near zero
as measured by the selected value of the function tolerance, and
the problem appears regular as measured by the gradient.



Exit flag: 1
con2cov: iterations = 35200, max. relative error = 1.225575e-15
stability1 = 212.582307 at x0(EZ) = -1.450000

Equation solved.

fsolve completed because the vector of function values is near zero
as measured by the selected value of the function tolerance, and
the problem appears regular as measured by the gradient.



Exit flag: 1
con2cov: iterations = 35189, max. relative error = 1.225341e-15
stability1 = 212.499229 at x0(EZ) = -1.440000

Equation solved.

fsolve completed because the vector of function values is near zero
as measured by the selected value of the function tolerance, and
the problem appears regular as measured by the gradient.



Exit flag: 1
con2cov: iterations = 35177, max. relative error = 1.226185e-15
stability1 = 212.416128 at x0(EZ) = -1.430000

Equation solved.

fsolve completed because the vector of function values is near zero
as measured by the selected value of the function tolerance, and
the problem appears regular as measured by the gradient.



Exit flag: 1
con2cov: iterations = 35166, max. relative error = 1.225961e-15
stability1 = 212.333004 at x0(EZ) = -1.420000

Equation solved.

fsolve completed because the vector of function values is near zero
as measured by the selected value of the function tolerance, and
the problem appears regular as measured by the gradient.



Exit flag: 1
con2cov: iterations = 35155, max. relative error = 1.225741e-15
stability1 = 212.249856 at x0(EZ) = -1.410000

Equation solved.

fsolve completed because the vector of function values is near zero
as measured by the selected value of the function tolerance, and
the problem appears regular as measured by the gradient.



Exit flag: 1
con2cov: iterations = 35143, max. relative error = 1.226601e-15
stability1 = 212.166685 at x0(EZ) = -1.400000

Equation solved.

fsolve completed because the vector of function values is near zero
as measured by the selected value of the function tolerance, and
the problem appears regular as measured by the gradient.



Exit flag: 1
con2cov: iterations = 35132, max. relative error = 1.226391e-15
stability1 = 212.083491 at x0(EZ) = -1.390000

Equation solved.

fsolve completed because the vector of function values is near zero
as measured by the selected value of the function tolerance, and
the problem appears regular as measured by the gradient.



Exit flag: 1
con2cov: iterations = 35121, max. relative error = 1.226186e-15
stability1 = 212.000274 at x0(EZ) = -1.380000

Equation solved.

fsolve completed because the vector of function values is near zero
as measured by the selected value of the function tolerance, and
the problem appears regular as measured by the gradient.



Exit flag: 1
con2cov: iterations = 35109, max. relative error = 1.227062e-15
stability1 = 211.917035 at x0(EZ) = -1.370000

Equation solved, inaccuracy possible.

The vector of function values is near zero, as measured by the selected value
of the function tolerance. However, the last step was ineffective.



Exit flag: 3
con2cov: iterations = 35098, max. relative error = 1.226865e-15
stability1 = 211.833772 at x0(EZ) = -1.360000

Equation solved.

fsolve completed because the vector of function values is near zero
as measured by the selected value of the function tolerance, and
the problem appears regular as measured by the gradient.



Exit flag: 1
con2cov: iterations = 35087, max. relative error = 1.226674e-15
stability1 = 211.750488 at x0(EZ) = -1.350000

Equation solved.

fsolve completed because the vector of function values is near zero
as measured by the selected value of the function tolerance, and
the problem appears regular as measured by the gradient.



Exit flag: 1
con2cov: iterations = 35075, max. relative error = 1.227565e-15
stability1 = 211.667181 at x0(EZ) = -1.340000

Equation solved.

fsolve completed because the vector of function values is near zero
as measured by the selected value of the function tolerance, and
the problem appears regular as measured by the gradient.



Exit flag: 1
con2cov: iterations = 35064, max. relative error = 1.227383e-15
stability1 = 211.583851 at x0(EZ) = -1.330000

Equation solved.

fsolve completed because the vector of function values is near zero
as measured by the selected value of the function tolerance, and
the problem appears regular as measured by the gradient.



Exit flag: 1
con2cov: iterations = 35053, max. relative error = 1.227205e-15
stability1 = 211.500500 at x0(EZ) = -1.320000

Equation solved.

fsolve completed because the vector of function values is near zero
as measured by the selected value of the function tolerance, and
the problem appears regular as measured by the gradient.



Exit flag: 1
con2cov: iterations = 35041, max. relative error = 1.228112e-15
stability1 = 211.417127 at x0(EZ) = -1.310000

Equation solved, inaccuracy possible.

The vector of function values is near zero, as measured by the selected value
of the function tolerance. However, the last step was ineffective.



Exit flag: 3
con2cov: iterations = 35030, max. relative error = 1.227944e-15
stability1 = 211.333731 at x0(EZ) = -1.300000

Equation solved.

fsolve completed because the vector of function values is near zero
as measured by the selected value of the function tolerance, and
the problem appears regular as measured by the gradient.



Exit flag: 1
con2cov: iterations = 35019, max. relative error = 1.227780e-15
stability1 = 211.250315 at x0(EZ) = -1.290000

Equation solved.

fsolve completed because the vector of function values is near zero
as measured by the selected value of the function tolerance, and
the problem appears regular as measured by the gradient.



Exit flag: 1
con2cov: iterations = 35008, max. relative error = 1.227620e-15
stability1 = 211.166876 at x0(EZ) = -1.280000

Equation solved.

fsolve completed because the vector of function values is near zero
as measured by the selected value of the function tolerance, and
the problem appears regular as measured by the gradient.



Exit flag: 1
con2cov: iterations = 34996, max. relative error = 1.228547e-15
stability1 = 211.083417 at x0(EZ) = -1.270000

Equation solved.

fsolve completed because the vector of function values is near zero
as measured by the selected value of the function tolerance, and
the problem appears regular as measured by the gradient.



Exit flag: 1
con2cov: iterations = 34985, max. relative error = 1.228397e-15
stability1 = 210.999936 at x0(EZ) = -1.260000

Equation solved.

fsolve completed because the vector of function values is near zero
as measured by the selected value of the function tolerance, and
the problem appears regular as measured by the gradient.



Exit flag: 1
con2cov: iterations = 34974, max. relative error = 1.228250e-15
stability1 = 210.916434 at x0(EZ) = -1.250000

Equation solved.

fsolve completed because the vector of function values is near zero
as measured by the selected value of the function tolerance, and
the problem appears regular as measured by the gradient.



Exit flag: 1
con2cov: iterations = 34963, max. relative error = 1.228108e-15
stability1 = 210.832911 at x0(EZ) = -1.240000

Equation solved.

fsolve completed because the vector of function values is near zero
as measured by the selected value of the function tolerance, and
the problem appears regular as measured by the gradient.



Exit flag: 1
con2cov: iterations = 34951, max. relative error = 1.229055e-15
stability1 = 210.749367 at x0(EZ) = -1.230000

Equation solved.

fsolve completed because the vector of function values is near zero
as measured by the selected value of the function tolerance, and
the problem appears regular as measured by the gradient.



Exit flag: 1
con2cov: iterations = 34940, max. relative error = 1.228922e-15
stability1 = 210.665803 at x0(EZ) = -1.220000

Equation solved.

fsolve completed because the vector of function values is near zero
as measured by the selected value of the function tolerance, and
the problem appears regular as measured by the gradient.



Exit flag: 1
con2cov: iterations = 34929, max. relative error = 1.228793e-15
stability1 = 210.582219 at x0(EZ) = -1.210000

Equation solved.

fsolve completed because the vector of function values is near zero
as measured by the selected value of the function tolerance, and
the problem appears regular as measured by the gradient.



Exit flag: 1
con2cov: iterations = 34918, max. relative error = 1.228669e-15
stability1 = 210.498614 at x0(EZ) = -1.200000

Equation solved.

fsolve completed because the vector of function values is near zero
as measured by the selected value of the function tolerance, and
the problem appears regular as measured by the gradient.



Exit flag: 1
con2cov: iterations = 34906, max. relative error = 1.229635e-15
stability1 = 210.414990 at x0(EZ) = -1.190000

Equation solved.

fsolve completed because the vector of function values is near zero
as measured by the selected value of the function tolerance, and
the problem appears regular as measured by the gradient.



Exit flag: 1
con2cov: iterations = 34895, max. relative error = 1.229519e-15
stability1 = 210.331345 at x0(EZ) = -1.180000

Equation solved.

fsolve completed because the vector of function values is near zero
as measured by the selected value of the function tolerance, and
the problem appears regular as measured by the gradient.



Exit flag: 1
con2cov: iterations = 34884, max. relative error = 1.229408e-15
stability1 = 210.247681 at x0(EZ) = -1.170000

Equation solved.

fsolve completed because the vector of function values is near zero
as measured by the selected value of the function tolerance, and
the problem appears regular as measured by the gradient.



Exit flag: 1
con2cov: iterations = 34873, max. relative error = 1.229300e-15
stability1 = 210.163997 at x0(EZ) = -1.160000

Equation solved.

fsolve completed because the vector of function values is near zero
as measured by the selected value of the function tolerance, and
the problem appears regular as measured by the gradient.



Exit flag: 1
con2cov: iterations = 34862, max. relative error = 1.229197e-15
stability1 = 210.080294 at x0(EZ) = -1.150000

Equation solved.

fsolve completed because the vector of function values is near zero
as measured by the selected value of the function tolerance, and
the problem appears regular as measured by the gradient.



Exit flag: 1
con2cov: iterations = 34850, max. relative error = 1.230187e-15
stability1 = 209.996572 at x0(EZ) = -1.140000

Equation solved.

fsolve completed because the vector of function values is near zero
as measured by the selected value of the function tolerance, and
the problem appears regular as measured by the gradient.



Exit flag: 1
con2cov: iterations = 34839, max. relative error = 1.230092e-15
stability1 = 209.912831 at x0(EZ) = -1.130000

Equation solved.

fsolve completed because the vector of function values is near zero
as measured by the selected value of the function tolerance, and
the problem appears regular as measured by the gradient.



Exit flag: 1
con2cov: iterations = 34828, max. relative error = 1.230002e-15
stability1 = 209.829071 at x0(EZ) = -1.120000

Equation solved.

fsolve completed because the vector of function values is near zero
as measured by the selected value of the function tolerance, and
the problem appears regular as measured by the gradient.



Exit flag: 1
con2cov: iterations = 34817, max. relative error = 1.229915e-15
stability1 = 209.745292 at x0(EZ) = -1.110000

Equation solved, inaccuracy possible.

The vector of function values is near zero, as measured by the selected value
of the function tolerance. However, the last step was ineffective.



Exit flag: 3
con2cov: iterations = 34806, max. relative error = 1.229833e-15
stability1 = 209.661496 at x0(EZ) = -1.100000

Equation solved.

fsolve completed because the vector of function values is near zero
as measured by the selected value of the function tolerance, and
the problem appears regular as measured by the gradient.



Exit flag: 1
con2cov: iterations = 34795, max. relative error = 1.229755e-15
stability1 = 209.577681 at x0(EZ) = -1.090000

Equation solved.

fsolve completed because the vector of function values is near zero
as measured by the selected value of the function tolerance, and
the problem appears regular as measured by the gradient.



Exit flag: 1
con2cov: iterations = 34783, max. relative error = 1.230772e-15
stability1 = 209.493848 at x0(EZ) = -1.080000

Equation solved.

fsolve completed because the vector of function values is near zero
as measured by the selected value of the function tolerance, and
the problem appears regular as measured by the gradient.



Exit flag: 1
con2cov: iterations = 34772, max. relative error = 1.230702e-15
stability1 = 209.409998 at x0(EZ) = -1.070000

Equation solved.

fsolve completed because the vector of function values is near zero
as measured by the selected value of the function tolerance, and
the problem appears regular as measured by the gradient.



Exit flag: 1
con2cov: iterations = 34761, max. relative error = 1.230636e-15
stability1 = 209.326130 at x0(EZ) = -1.060000

Equation solved.

fsolve completed because the vector of function values is near zero
as measured by the selected value of the function tolerance, and
the problem appears regular as measured by the gradient.



Exit flag: 1
con2cov: iterations = 34750, max. relative error = 1.230574e-15
stability1 = 209.242245 at x0(EZ) = -1.050000

Equation solved.

fsolve completed because the vector of function values is near zero
as measured by the selected value of the function tolerance, and
the problem appears regular as measured by the gradient.



Exit flag: 1
con2cov: iterations = 34739, max. relative error = 1.230516e-15
stability1 = 209.158343 at x0(EZ) = -1.040000

Equation solved.

fsolve completed because the vector of function values is near zero
as measured by the selected value of the function tolerance, and
the problem appears regular as measured by the gradient.



Exit flag: 1
con2cov: iterations = 34728, max. relative error = 1.230462e-15
stability1 = 209.074424 at x0(EZ) = -1.030000

Equation solved, inaccuracy possible.

The vector of function values is near zero, as measured by the selected value
of the function tolerance. However, the last step was ineffective.



Exit flag: 3
con2cov: iterations = 34717, max. relative error = 1.230411e-15
stability1 = 208.990488 at x0(EZ) = -1.020000

Equation solved.

fsolve completed because the vector of function values is near zero
as measured by the selected value of the function tolerance, and
the problem appears regular as measured by the gradient.



Exit flag: 1
con2cov: iterations = 34706, max. relative error = 1.230365e-15
stability1 = 208.906536 at x0(EZ) = -1.010000

Equation solved.

fsolve completed because the vector of function values is near zero
as measured by the selected value of the function tolerance, and
the problem appears regular as measured by the gradient.



Exit flag: 1
con2cov: iterations = 34695, max. relative error = 1.230322e-15
stability1 = 208.822569 at x0(EZ) = -1.000000
Processing original EZ = 72

Equation solved.

fsolve completed because the vector of function values is near zero
as measured by the selected value of the function tolerance, and
the problem appears regular as measured by the gradient.



Exit flag: 1
con2cov: iterations = 35352, max. relative error = 1.162091e-15
stability1 = 213.256243 at x0(EZ) = -1.500000

Equation solved.

fsolve completed because the vector of function values is near zero
as measured by the selected value of the function tolerance, and
the problem appears regular as measured by the gradient.



Exit flag: 1
con2cov: iterations = 35342, max. relative error = 1.161361e-15
stability1 = 213.176446 at x0(EZ) = -1.490000

Equation solved.

fsolve completed because the vector of function values is near zero
as measured by the selected value of the function tolerance, and
the problem appears regular as measured by the gradient.



Exit flag: 1
con2cov: iterations = 35332, max. relative error = 1.160638e-15
stability1 = 213.096626 at x0(EZ) = -1.480000

Equation solved.

fsolve completed because the vector of function values is near zero
as measured by the selected value of the function tolerance, and
the problem appears regular as measured by the gradient.



Exit flag: 1
con2cov: iterations = 35322, max. relative error = 1.159921e-15
stability1 = 213.016783 at x0(EZ) = -1.470000

Equation solved.

fsolve completed because the vector of function values is near zero
as measured by the selected value of the function tolerance, and
the problem appears regular as measured by the gradient.



Exit flag: 1
con2cov: iterations = 35312, max. relative error = 1.159211e-15
stability1 = 212.936917 at x0(EZ) = -1.460000

Equation solved.

fsolve completed because the vector of function values is near zero
as measured by the selected value of the function tolerance, and
the problem appears regular as measured by the gradient.



Exit flag: 1
con2cov: iterations = 35302, max. relative error = 1.158508e-15
stability1 = 212.857028 at x0(EZ) = -1.450000

Equation solved.

fsolve completed because the vector of function values is near zero
as measured by the selected value of the function tolerance, and
the problem appears regular as measured by the gradient.



Exit flag: 1
con2cov: iterations = 35292, max. relative error = 1.157811e-15
stability1 = 212.777117 at x0(EZ) = -1.440000

Equation solved.

fsolve completed because the vector of function values is near zero
as measured by the selected value of the function tolerance, and
the problem appears regular as measured by the gradient.



Exit flag: 1
con2cov: iterations = 35282, max. relative error = 1.157120e-15
stability1 = 212.697183 at x0(EZ) = -1.430000

Equation solved.

fsolve completed because the vector of function values is near zero
as measured by the selected value of the function tolerance, and
the problem appears regular as measured by the gradient.



Exit flag: 1
con2cov: iterations = 35272, max. relative error = 1.156436e-15
stability1 = 212.617228 at x0(EZ) = -1.420000

Equation solved.

fsolve completed because the vector of function values is near zero
as measured by the selected value of the function tolerance, and
the problem appears regular as measured by the gradient.



Exit flag: 1
con2cov: iterations = 35261, max. relative error = 1.156772e-15
stability1 = 212.537250 at x0(EZ) = -1.410000

Equation solved.

fsolve completed because the vector of function values is near zero
as measured by the selected value of the function tolerance, and
the problem appears regular as measured by the gradient.



Exit flag: 1
con2cov: iterations = 35251, max. relative error = 1.156100e-15
stability1 = 212.457252 at x0(EZ) = -1.400000

Equation solved.

fsolve completed because the vector of function values is near zero
as measured by the selected value of the function tolerance, and
the problem appears regular as measured by the gradient.



Exit flag: 1
con2cov: iterations = 35241, max. relative error = 1.155435e-15
stability1 = 212.377233 at x0(EZ) = -1.390000

Equation solved.

fsolve completed because the vector of function values is near zero
as measured by the selected value of the function tolerance, and
the problem appears regular as measured by the gradient.



Exit flag: 1
con2cov: iterations = 35231, max. relative error = 1.154775e-15
stability1 = 212.297192 at x0(EZ) = -1.380000

Equation solved.

fsolve completed because the vector of function values is near zero
as measured by the selected value of the function tolerance, and
the problem appears regular as measured by the gradient.



Exit flag: 1
con2cov: iterations = 35221, max. relative error = 1.154123e-15
stability1 = 212.217132 at x0(EZ) = -1.370000

Equation solved.

fsolve completed because the vector of function values is near zero
as measured by the selected value of the function tolerance, and
the problem appears regular as measured by the gradient.



Exit flag: 1
con2cov: iterations = 35211, max. relative error = 1.153476e-15
stability1 = 212.137051 at x0(EZ) = -1.360000

Equation solved, inaccuracy possible.

The vector of function values is near zero, as measured by the selected value
of the function tolerance. However, the last step was ineffective.



Exit flag: 3
con2cov: iterations = 35202, max. relative error = 1.151823e-15
stability1 = 212.056951 at x0(EZ) = -1.350000

Equation solved.

fsolve completed because the vector of function values is near zero
as measured by the selected value of the function tolerance, and
the problem appears regular as measured by the gradient.



Exit flag: 1
con2cov: iterations = 35192, max. relative error = 1.151189e-15
stability1 = 211.976831 at x0(EZ) = -1.340000

Equation solved.

fsolve completed because the vector of function values is near zero
as measured by the selected value of the function tolerance, and
the problem appears regular as measured by the gradient.



Exit flag: 1
con2cov: iterations = 35182, max. relative error = 1.150561e-15
stability1 = 211.896692 at x0(EZ) = -1.330000

Equation solved.

fsolve completed because the vector of function values is near zero
as measured by the selected value of the function tolerance, and
the problem appears regular as measured by the gradient.



Exit flag: 1
con2cov: iterations = 35172, max. relative error = 1.149939e-15
stability1 = 211.816534 at x0(EZ) = -1.320000

Equation solved.

fsolve completed because the vector of function values is near zero
as measured by the selected value of the function tolerance, and
the problem appears regular as measured by the gradient.



Exit flag: 1
con2cov: iterations = 35162, max. relative error = 1.149323e-15
stability1 = 211.736358 at x0(EZ) = -1.310000

Equation solved.

fsolve completed because the vector of function values is near zero
as measured by the selected value of the function tolerance, and
the problem appears regular as measured by the gradient.



Exit flag: 1
con2cov: iterations = 35152, max. relative error = 1.148713e-15
stability1 = 211.656164 at x0(EZ) = -1.300000

Equation solved.

fsolve completed because the vector of function values is near zero
as measured by the selected value of the function tolerance, and
the problem appears regular as measured by the gradient.



Exit flag: 1
con2cov: iterations = 35142, max. relative error = 1.148109e-15
stability1 = 211.575952 at x0(EZ) = -1.290000

Equation solved.

fsolve completed because the vector of function values is near zero
as measured by the selected value of the function tolerance, and
the problem appears regular as measured by the gradient.



Exit flag: 1
con2cov: iterations = 35132, max. relative error = 1.147511e-15
stability1 = 211.495723 at x0(EZ) = -1.280000

Equation solved.

fsolve completed because the vector of function values is near zero
as measured by the selected value of the function tolerance, and
the problem appears regular as measured by the gradient.



Exit flag: 1
con2cov: iterations = 35122, max. relative error = 1.146919e-15
stability1 = 211.415478 at x0(EZ) = -1.270000

Equation solved.

fsolve completed because the vector of function values is near zero
as measured by the selected value of the function tolerance, and
the problem appears regular as measured by the gradient.



Exit flag: 1
con2cov: iterations = 35112, max. relative error = 1.146332e-15
stability1 = 211.335215 at x0(EZ) = -1.260000

Equation solved.

fsolve completed because the vector of function values is near zero
as measured by the selected value of the function tolerance, and
the problem appears regular as measured by the gradient.



Exit flag: 1
con2cov: iterations = 35102, max. relative error = 1.145752e-15
stability1 = 211.254937 at x0(EZ) = -1.250000

Equation solved.

fsolve completed because the vector of function values is near zero
as measured by the selected value of the function tolerance, and
the problem appears regular as measured by the gradient.



Exit flag: 1
con2cov: iterations = 35092, max. relative error = 1.145177e-15
stability1 = 211.174643 at x0(EZ) = -1.240000

Equation solved.

fsolve completed because the vector of function values is near zero
as measured by the selected value of the function tolerance, and
the problem appears regular as measured by the gradient.



Exit flag: 1
con2cov: iterations = 35083, max. relative error = 1.143599e-15
stability1 = 211.094335 at x0(EZ) = -1.230000

Equation solved, inaccuracy possible.

The vector of function values is near zero, as measured by the selected value
of the function tolerance. However, the last step was ineffective.



Exit flag: 3
con2cov: iterations = 35073, max. relative error = 1.143036e-15
[Warning: stability1 is not a real number or is NaN at x0(EZ) = -1.220000] 
[> In mainK62 at 87
  In run at 63] 

Equation solved.

fsolve completed because the vector of function values is near zero
as measured by the selected value of the function tolerance, and
the problem appears regular as measured by the gradient.



con2cov: iterations = 35082, max. relative error = 1.143542e-15
Fine stability1 = 211.086303 at x0(EZ) = -1.229000

Equation solved.

fsolve completed because the vector of function values is near zero
as measured by the selected value of the function tolerance, and
the problem appears regular as measured by the gradient.



con2cov: iterations = 35081, max. relative error = 1.143486e-15
Fine stability1 = 211.078271 at x0(EZ) = -1.228000

Equation solved.

fsolve completed because the vector of function values is near zero
as measured by the selected value of the function tolerance, and
the problem appears regular as measured by the gradient.



con2cov: iterations = 35080, max. relative error = 1.143429e-15
Fine stability1 = 211.070239 at x0(EZ) = -1.227000

Equation solved.

fsolve completed because the vector of function values is near zero
as measured by the selected value of the function tolerance, and
the problem appears regular as measured by the gradient.



con2cov: iterations = 35079, max. relative error = 1.143373e-15
Fine stability1 = 211.062207 at x0(EZ) = -1.226000

Equation solved.

fsolve completed because the vector of function values is near zero
as measured by the selected value of the function tolerance, and
the problem appears regular as measured by the gradient.



con2cov: iterations = 35078, max. relative error = 1.143316e-15
Fine stability1 = 211.054175 at x0(EZ) = -1.225000

Equation solved, inaccuracy possible.

The vector of function values is near zero, as measured by the selected value
of the function tolerance. However, the last step was ineffective.



con2cov: iterations = 35077, max. relative error = 1.143260e-15
Fine stability1 = 211.046142 at x0(EZ) = -1.224000

Equation solved, inaccuracy possible.

The vector of function values is near zero, as measured by the selected value
of the function tolerance. However, the last step was ineffective.



con2cov: iterations = 35076, max. relative error = 1.143204e-15
Fine stability1 = 211.038110 at x0(EZ) = -1.223000

Equation solved, inaccuracy possible.

The vector of function values is near zero, as measured by the selected value
of the function tolerance. However, the last step was ineffective.



con2cov: iterations = 35075, max. relative error = 1.143148e-15
Fine stability1 = 211.030077 at x0(EZ) = -1.222000

Equation solved, inaccuracy possible.

The vector of function values is near zero, as measured by the selected value
of the function tolerance. However, the last step was ineffective.



con2cov: iterations = 35074, max. relative error = 1.143092e-15
Fine stability1 = 211.022044 at x0(EZ) = -1.221000
Processing original EZ = 76

Equation solved.

fsolve completed because the vector of function values is near zero
as measured by the selected value of the function tolerance, and
the problem appears regular as measured by the gradient.



Exit flag: 1
con2cov: iterations = 35295, max. relative error = 1.193509e-15
stability1 = 213.000872 at x0(EZ) = -1.500000

Equation solved.

fsolve completed because the vector of function values is near zero
as measured by the selected value of the function tolerance, and
the problem appears regular as measured by the gradient.



Exit flag: 1
con2cov: iterations = 35284, max. relative error = 1.193112e-15
stability1 = 212.917930 at x0(EZ) = -1.490000

Equation solved.

fsolve completed because the vector of function values is near zero
as measured by the selected value of the function tolerance, and
the problem appears regular as measured by the gradient.



Exit flag: 1
con2cov: iterations = 35273, max. relative error = 1.192719e-15
stability1 = 212.834963 at x0(EZ) = -1.480000

Equation solved.

fsolve completed because the vector of function values is near zero
as measured by the selected value of the function tolerance, and
the problem appears regular as measured by the gradient.



Exit flag: 1
con2cov: iterations = 35262, max. relative error = 1.192332e-15
stability1 = 212.751972 at x0(EZ) = -1.470000

Equation solved.

fsolve completed because the vector of function values is near zero
as measured by the selected value of the function tolerance, and
the problem appears regular as measured by the gradient.



Exit flag: 1
con2cov: iterations = 35251, max. relative error = 1.191949e-15
stability1 = 212.668956 at x0(EZ) = -1.460000

Equation solved.

fsolve completed because the vector of function values is near zero
as measured by the selected value of the function tolerance, and
the problem appears regular as measured by the gradient.



Exit flag: 1
con2cov: iterations = 35241, max. relative error = 1.190529e-15
stability1 = 212.585916 at x0(EZ) = -1.450000

Equation solved.

fsolve completed because the vector of function values is near zero
as measured by the selected value of the function tolerance, and
the problem appears regular as measured by the gradient.



Exit flag: 1
con2cov: iterations = 35230, max. relative error = 1.190156e-15
stability1 = 212.502852 at x0(EZ) = -1.440000

Equation solved.

fsolve completed because the vector of function values is near zero
as measured by the selected value of the function tolerance, and
the problem appears regular as measured by the gradient.



Exit flag: 1
con2cov: iterations = 35219, max. relative error = 1.189787e-15
stability1 = 212.419764 at x0(EZ) = -1.430000

Equation solved.

fsolve completed because the vector of function values is near zero
as measured by the selected value of the function tolerance, and
the problem appears regular as measured by the gradient.



Exit flag: 1
con2cov: iterations = 35208, max. relative error = 1.189423e-15
stability1 = 212.336653 at x0(EZ) = -1.420000

Equation solved.

fsolve completed because the vector of function values is near zero
as measured by the selected value of the function tolerance, and
the problem appears regular as measured by the gradient.



Exit flag: 1
con2cov: iterations = 35197, max. relative error = 1.189064e-15
stability1 = 212.253517 at x0(EZ) = -1.410000

Equation solved.

fsolve completed because the vector of function values is near zero
as measured by the selected value of the function tolerance, and
the problem appears regular as measured by the gradient.



Exit flag: 1
con2cov: iterations = 35186, max. relative error = 1.188709e-15
stability1 = 212.170358 at x0(EZ) = -1.400000

Equation solved.

fsolve completed because the vector of function values is near zero
as measured by the selected value of the function tolerance, and
the problem appears regular as measured by the gradient.



Exit flag: 1
con2cov: iterations = 35176, max. relative error = 1.187318e-15
stability1 = 212.087176 at x0(EZ) = -1.390000

Equation solved.

fsolve completed because the vector of function values is near zero
as measured by the selected value of the function tolerance, and
the problem appears regular as measured by the gradient.



Exit flag: 1
con2cov: iterations = 35165, max. relative error = 1.186973e-15
stability1 = 212.003970 at x0(EZ) = -1.380000

Equation solved.

fsolve completed because the vector of function values is near zero
as measured by the selected value of the function tolerance, and
the problem appears regular as measured by the gradient.



Exit flag: 1
con2cov: iterations = 35154, max. relative error = 1.186632e-15
stability1 = 211.920741 at x0(EZ) = -1.370000

Equation solved.

fsolve completed because the vector of function values is near zero
as measured by the selected value of the function tolerance, and
the problem appears regular as measured by the gradient.



Exit flag: 1
con2cov: iterations = 35143, max. relative error = 1.186295e-15
stability1 = 211.837489 at x0(EZ) = -1.360000

Equation solved.

fsolve completed because the vector of function values is near zero
as measured by the selected value of the function tolerance, and
the problem appears regular as measured by the gradient.



Exit flag: 1
con2cov: iterations = 35133, max. relative error = 1.184922e-15
stability1 = 211.754215 at x0(EZ) = -1.350000

Equation solved.

fsolve completed because the vector of function values is near zero
as measured by the selected value of the function tolerance, and
the problem appears regular as measured by the gradient.



Exit flag: 1
con2cov: iterations = 35122, max. relative error = 1.184595e-15
stability1 = 211.670917 at x0(EZ) = -1.340000

Equation solved.

fsolve completed because the vector of function values is near zero
as measured by the selected value of the function tolerance, and
the problem appears regular as measured by the gradient.



Exit flag: 1
con2cov: iterations = 35111, max. relative error = 1.184272e-15
stability1 = 211.587597 at x0(EZ) = -1.330000

Equation solved.

fsolve completed because the vector of function values is near zero
as measured by the selected value of the function tolerance, and
the problem appears regular as measured by the gradient.



Exit flag: 1
con2cov: iterations = 35100, max. relative error = 1.183953e-15
stability1 = 211.504255 at x0(EZ) = -1.320000

Equation solved, inaccuracy possible.

The vector of function values is near zero, as measured by the selected value
of the function tolerance. However, the last step was ineffective.



Exit flag: 3
con2cov: iterations = 35090, max. relative error = 1.182598e-15
stability1 = 211.420890 at x0(EZ) = -1.310000

Equation solved.

fsolve completed because the vector of function values is near zero
as measured by the selected value of the function tolerance, and
the problem appears regular as measured by the gradient.



Exit flag: 1
con2cov: iterations = 35079, max. relative error = 1.182288e-15
stability1 = 211.337503 at x0(EZ) = -1.300000

Equation solved.

fsolve completed because the vector of function values is near zero
as measured by the selected value of the function tolerance, and
the problem appears regular as measured by the gradient.



Exit flag: 1
con2cov: iterations = 35068, max. relative error = 1.181982e-15
stability1 = 211.254095 at x0(EZ) = -1.290000

Equation solved.

fsolve completed because the vector of function values is near zero
as measured by the selected value of the function tolerance, and
the problem appears regular as measured by the gradient.



Exit flag: 1
con2cov: iterations = 35058, max. relative error = 1.180641e-15
stability1 = 211.170664 at x0(EZ) = -1.280000

Equation solved.

fsolve completed because the vector of function values is near zero
as measured by the selected value of the function tolerance, and
the problem appears regular as measured by the gradient.



Exit flag: 1
con2cov: iterations = 35047, max. relative error = 1.180344e-15
stability1 = 211.087212 at x0(EZ) = -1.270000

Equation solved.

fsolve completed because the vector of function values is near zero
as measured by the selected value of the function tolerance, and
the problem appears regular as measured by the gradient.



Exit flag: 1
con2cov: iterations = 35036, max. relative error = 1.180050e-15
stability1 = 211.003739 at x0(EZ) = -1.260000

Equation solved.

fsolve completed because the vector of function values is near zero
as measured by the selected value of the function tolerance, and
the problem appears regular as measured by the gradient.



Exit flag: 1
con2cov: iterations = 35026, max. relative error = 1.178722e-15
stability1 = 210.920244 at x0(EZ) = -1.250000

Equation solved.

fsolve completed because the vector of function values is near zero
as measured by the selected value of the function tolerance, and
the problem appears regular as measured by the gradient.



Exit flag: 1
con2cov: iterations = 35015, max. relative error = 1.178437e-15
stability1 = 210.836728 at x0(EZ) = -1.240000

Equation solved.

fsolve completed because the vector of function values is near zero
as measured by the selected value of the function tolerance, and
the problem appears regular as measured by the gradient.



Exit flag: 1
con2cov: iterations = 35004, max. relative error = 1.178156e-15
stability1 = 210.753192 at x0(EZ) = -1.230000

Equation solved.

fsolve completed because the vector of function values is near zero
as measured by the selected value of the function tolerance, and
the problem appears regular as measured by the gradient.



Exit flag: 1
con2cov: iterations = 34994, max. relative error = 1.176841e-15
stability1 = 210.669634 at x0(EZ) = -1.220000

Equation solved.

fsolve completed because the vector of function values is near zero
as measured by the selected value of the function tolerance, and
the problem appears regular as measured by the gradient.



Exit flag: 1
con2cov: iterations = 34983, max. relative error = 1.176568e-15
stability1 = 210.586056 at x0(EZ) = -1.210000

Equation solved.

fsolve completed because the vector of function values is near zero
as measured by the selected value of the function tolerance, and
the problem appears regular as measured by the gradient.



Exit flag: 1
con2cov: iterations = 34972, max. relative error = 1.176299e-15
stability1 = 210.502458 at x0(EZ) = -1.200000

Equation solved.

fsolve completed because the vector of function values is near zero
as measured by the selected value of the function tolerance, and
the problem appears regular as measured by the gradient.



Exit flag: 1
con2cov: iterations = 34962, max. relative error = 1.174996e-15
stability1 = 210.418840 at x0(EZ) = -1.190000

Equation solved.

fsolve completed because the vector of function values is near zero
as measured by the selected value of the function tolerance, and
the problem appears regular as measured by the gradient.



Exit flag: 1
con2cov: iterations = 34951, max. relative error = 1.174735e-15
stability1 = 210.335201 at x0(EZ) = -1.180000

Equation solved.

fsolve completed because the vector of function values is near zero
as measured by the selected value of the function tolerance, and
the problem appears regular as measured by the gradient.



Exit flag: 1
con2cov: iterations = 34940, max. relative error = 1.174478e-15
stability1 = 210.251543 at x0(EZ) = -1.170000

Equation solved.

fsolve completed because the vector of function values is near zero
as measured by the selected value of the function tolerance, and
the problem appears regular as measured by the gradient.



Exit flag: 1
con2cov: iterations = 34930, max. relative error = 1.173188e-15
stability1 = 210.167865 at x0(EZ) = -1.160000

Equation solved.

fsolve completed because the vector of function values is near zero
as measured by the selected value of the function tolerance, and
the problem appears regular as measured by the gradient.



Exit flag: 1
con2cov: iterations = 34919, max. relative error = 1.172938e-15
stability1 = 210.084168 at x0(EZ) = -1.150000

Equation solved.

fsolve completed because the vector of function values is near zero
as measured by the selected value of the function tolerance, and
the problem appears regular as measured by the gradient.



Exit flag: 1
con2cov: iterations = 34909, max. relative error = 1.171656e-15
stability1 = 210.000452 at x0(EZ) = -1.140000

Equation solved.

fsolve completed because the vector of function values is near zero
as measured by the selected value of the function tolerance, and
the problem appears regular as measured by the gradient.



Exit flag: 1
con2cov: iterations = 34898, max. relative error = 1.171414e-15
stability1 = 209.916717 at x0(EZ) = -1.130000

Equation solved, inaccuracy possible.

The vector of function values is near zero, as measured by the selected value
of the function tolerance. However, the last step was ineffective.



Exit flag: 3
con2cov: iterations = 34887, max. relative error = 1.171176e-15
stability1 = 209.832964 at x0(EZ) = -1.120000

Equation solved.

fsolve completed because the vector of function values is near zero
as measured by the selected value of the function tolerance, and
the problem appears regular as measured by the gradient.



Exit flag: 1
con2cov: iterations = 34877, max. relative error = 1.169905e-15
stability1 = 209.749191 at x0(EZ) = -1.110000

Equation solved.

fsolve completed because the vector of function values is near zero
as measured by the selected value of the function tolerance, and
the problem appears regular as measured by the gradient.



Exit flag: 1
con2cov: iterations = 34866, max. relative error = 1.169675e-15
stability1 = 209.665401 at x0(EZ) = -1.100000

Equation solved.

fsolve completed because the vector of function values is near zero
as measured by the selected value of the function tolerance, and
the problem appears regular as measured by the gradient.



Exit flag: 1
con2cov: iterations = 34856, max. relative error = 1.168412e-15
stability1 = 209.581593 at x0(EZ) = -1.090000

Equation solved.

fsolve completed because the vector of function values is near zero
as measured by the selected value of the function tolerance, and
the problem appears regular as measured by the gradient.



Exit flag: 1
con2cov: iterations = 34845, max. relative error = 1.168188e-15
stability1 = 209.497767 at x0(EZ) = -1.080000

Equation solved.

fsolve completed because the vector of function values is near zero
as measured by the selected value of the function tolerance, and
the problem appears regular as measured by the gradient.



Exit flag: 1
con2cov: iterations = 34835, max. relative error = 1.166933e-15
stability1 = 209.413923 at x0(EZ) = -1.070000

Equation solved.

fsolve completed because the vector of function values is near zero
as measured by the selected value of the function tolerance, and
the problem appears regular as measured by the gradient.



Exit flag: 1
con2cov: iterations = 34824, max. relative error = 1.166717e-15
stability1 = 209.330062 at x0(EZ) = -1.060000

Equation solved.

fsolve completed because the vector of function values is near zero
as measured by the selected value of the function tolerance, and
the problem appears regular as measured by the gradient.



Exit flag: 1
con2cov: iterations = 34814, max. relative error = 1.165470e-15
stability1 = 209.246184 at x0(EZ) = -1.050000

Equation solved, inaccuracy possible.

The vector of function values is near zero, as measured by the selected value
of the function tolerance. However, the last step was ineffective.



Exit flag: 3
con2cov: iterations = 34803, max. relative error = 1.165260e-15
stability1 = 209.162289 at x0(EZ) = -1.040000

Equation solved.

fsolve completed because the vector of function values is near zero
as measured by the selected value of the function tolerance, and
the problem appears regular as measured by the gradient.



Exit flag: 1
con2cov: iterations = 34793, max. relative error = 1.164020e-15
stability1 = 209.078378 at x0(EZ) = -1.030000

Equation solved.

fsolve completed because the vector of function values is near zero
as measured by the selected value of the function tolerance, and
the problem appears regular as measured by the gradient.



Exit flag: 1
con2cov: iterations = 34782, max. relative error = 1.163818e-15
stability1 = 208.994450 at x0(EZ) = -1.020000

Equation solved.

fsolve completed because the vector of function values is near zero
as measured by the selected value of the function tolerance, and
the problem appears regular as measured by the gradient.



Exit flag: 1
con2cov: iterations = 34772, max. relative error = 1.162586e-15
stability1 = 208.910506 at x0(EZ) = -1.010000

Equation solved, inaccuracy possible.

The vector of function values is near zero, as measured by the selected value
of the function tolerance. However, the last step was ineffective.



Exit flag: 3
con2cov: iterations = 34761, max. relative error = 1.162390e-15
stability1 = 208.826547 at x0(EZ) = -1.000000
Processing original EZ = 78

Equation solved, inaccuracy possible.

The vector of function values is near zero, as measured by the selected value
of the function tolerance. However, the last step was ineffective.



Exit flag: 3
con2cov: iterations = 35402, max. relative error = 1.169862e-15
stability1 = 212.947813 at x0(EZ) = -1.500000

Equation solved.

fsolve completed because the vector of function values is near zero
as measured by the selected value of the function tolerance, and
the problem appears regular as measured by the gradient.



Exit flag: 1
con2cov: iterations = 35393, max. relative error = 1.169100e-15
stability1 = 212.863901 at x0(EZ) = -1.490000

Equation solved.

fsolve completed because the vector of function values is near zero
as measured by the selected value of the function tolerance, and
the problem appears regular as measured by the gradient.



Exit flag: 1
con2cov: iterations = 35384, max. relative error = 1.168349e-15
stability1 = 212.779963 at x0(EZ) = -1.480000

Equation solved.

fsolve completed because the vector of function values is near zero
as measured by the selected value of the function tolerance, and
the problem appears regular as measured by the gradient.



Exit flag: 1
con2cov: iterations = 35374, max. relative error = 1.168631e-15
stability1 = 212.696000 at x0(EZ) = -1.470000

Equation solved.

fsolve completed because the vector of function values is near zero
as measured by the selected value of the function tolerance, and
the problem appears regular as measured by the gradient.



Exit flag: 1
con2cov: iterations = 35365, max. relative error = 1.167903e-15
stability1 = 212.612011 at x0(EZ) = -1.460000

Equation solved.

fsolve completed because the vector of function values is near zero
as measured by the selected value of the function tolerance, and
the problem appears regular as measured by the gradient.



Exit flag: 1
con2cov: iterations = 35356, max. relative error = 1.167187e-15
stability1 = 212.527997 at x0(EZ) = -1.450000

Equation solved.

fsolve completed because the vector of function values is near zero
as measured by the selected value of the function tolerance, and
the problem appears regular as measured by the gradient.



Exit flag: 1
con2cov: iterations = 35347, max. relative error = 1.166483e-15
stability1 = 212.443959 at x0(EZ) = -1.440000

Equation solved.

fsolve completed because the vector of function values is near zero
as measured by the selected value of the function tolerance, and
the problem appears regular as measured by the gradient.



Exit flag: 1
con2cov: iterations = 35338, max. relative error = 1.165791e-15
stability1 = 212.359898 at x0(EZ) = -1.430000

Equation solved.

fsolve completed because the vector of function values is near zero
as measured by the selected value of the function tolerance, and
the problem appears regular as measured by the gradient.



Exit flag: 1
con2cov: iterations = 35328, max. relative error = 1.166130e-15
stability1 = 212.275813 at x0(EZ) = -1.420000

Equation solved.

fsolve completed because the vector of function values is near zero
as measured by the selected value of the function tolerance, and
the problem appears regular as measured by the gradient.



Exit flag: 1
con2cov: iterations = 35319, max. relative error = 1.165459e-15
stability1 = 212.191706 at x0(EZ) = -1.410000

Equation solved.

fsolve completed because the vector of function values is near zero
as measured by the selected value of the function tolerance, and
the problem appears regular as measured by the gradient.



Exit flag: 1
con2cov: iterations = 35310, max. relative error = 1.164801e-15
stability1 = 212.107576 at x0(EZ) = -1.400000

Equation solved.

fsolve completed because the vector of function values is near zero
as measured by the selected value of the function tolerance, and
the problem appears regular as measured by the gradient.



Exit flag: 1
con2cov: iterations = 35301, max. relative error = 1.164153e-15
stability1 = 212.023425 at x0(EZ) = -1.390000

Equation solved, inaccuracy possible.

The vector of function values is near zero, as measured by the selected value
of the function tolerance. However, the last step was ineffective.



Exit flag: 3
con2cov: iterations = 35292, max. relative error = 1.163517e-15
stability1 = 211.939254 at x0(EZ) = -1.380000

Equation solved.

fsolve completed because the vector of function values is near zero
as measured by the selected value of the function tolerance, and
the problem appears regular as measured by the gradient.



Exit flag: 1
con2cov: iterations = 35283, max. relative error = 1.162892e-15
stability1 = 211.855061 at x0(EZ) = -1.370000

Equation solved.

fsolve completed because the vector of function values is near zero
as measured by the selected value of the function tolerance, and
the problem appears regular as measured by the gradient.



Exit flag: 1
con2cov: iterations = 35274, max. relative error = 1.162277e-15
[Warning: stability1 is not a real number or is NaN at x0(EZ) = -1.360000] 
[> In mainK62 at 87
  In run at 63] 

Equation solved.

fsolve completed because the vector of function values is near zero
as measured by the selected value of the function tolerance, and
the problem appears regular as measured by the gradient.



con2cov: iterations = 35282, max. relative error = 1.162932e-15
Fine stability1 = 211.846641 at x0(EZ) = -1.369000

Equation solved.

fsolve completed because the vector of function values is near zero
as measured by the selected value of the function tolerance, and
the problem appears regular as measured by the gradient.



con2cov: iterations = 35281, max. relative error = 1.162972e-15
Fine stability1 = 211.838221 at x0(EZ) = -1.368000

Equation solved.

fsolve completed because the vector of function values is near zero
as measured by the selected value of the function tolerance, and
the problem appears regular as measured by the gradient.



con2cov: iterations = 35280, max. relative error = 1.163012e-15
Fine stability1 = 211.829800 at x0(EZ) = -1.367000

Equation solved.

fsolve completed because the vector of function values is near zero
as measured by the selected value of the function tolerance, and
the problem appears regular as measured by the gradient.



con2cov: iterations = 35279, max. relative error = 1.163052e-15
Fine stability1 = 211.821379 at x0(EZ) = -1.366000

Equation solved.

fsolve completed because the vector of function values is near zero
as measured by the selected value of the function tolerance, and
the problem appears regular as measured by the gradient.



con2cov: iterations = 35278, max. relative error = 1.163093e-15
Fine stability1 = 211.812958 at x0(EZ) = -1.365000

Equation solved.

fsolve completed because the vector of function values is near zero
as measured by the selected value of the function tolerance, and
the problem appears regular as measured by the gradient.



con2cov: iterations = 35277, max. relative error = 1.163133e-15
Fine stability1 = 211.804537 at x0(EZ) = -1.364000

Equation solved.

fsolve completed because the vector of function values is near zero
as measured by the selected value of the function tolerance, and
the problem appears regular as measured by the gradient.



con2cov: iterations = 35276, max. relative error = 1.163174e-15
Fine stability1 = 211.796115 at x0(EZ) = -1.363000

Equation solved.

fsolve completed because the vector of function values is near zero
as measured by the selected value of the function tolerance, and
the problem appears regular as measured by the gradient.



con2cov: iterations = 35276, max. relative error = 1.162196e-15
Fine stability1 = 211.787694 at x0(EZ) = -1.362000

Equation solved.

fsolve completed because the vector of function values is near zero
as measured by the selected value of the function tolerance, and
the problem appears regular as measured by the gradient.



con2cov: iterations = 35275, max. relative error = 1.162236e-15
Fine stability1 = 211.779272 at x0(EZ) = -1.361000
Saved StabilityMatrix_K62_EZ23_to_78.mat successfully.
