
                            < M A T L A B (R) >
                  Copyright 1984-2014 The MathWorks, Inc.
                   R2014b (8.4.0.150421) 64-bit (glnxa64)
                             September 15, 2014

 
To get started, type one of these: helpwin, helpdesk, or demo.
For product information, visit www.mathworks.com.
 
    ----------------------------------------------------
	Your MATLAB license will expire in 43 days.
	Please contact your system administrator or
	MathWorks to renew this license.
    ----------------------------------------------------

x0_EZ_range1 =

  Columns 1 through 3

  -1.500000000000000  -1.490000000000000  -1.480000000000000

  Columns 4 through 6

  -1.470000000000000  -1.460000000000000  -1.450000000000000

  Columns 7 through 9

  -1.440000000000000  -1.430000000000000  -1.420000000000000

  Columns 10 through 12

  -1.410000000000000  -1.400000000000000  -1.390000000000000

  Columns 13 through 15

  -1.380000000000000  -1.370000000000000  -1.360000000000000

  Columns 16 through 18

  -1.350000000000000  -1.340000000000000  -1.330000000000000

  Columns 19 through 21

  -1.320000000000000  -1.310000000000000  -1.300000000000000

  Columns 22 through 24

  -1.290000000000000  -1.280000000000000  -1.270000000000000

  Columns 25 through 27

  -1.260000000000000  -1.250000000000000  -1.240000000000000

  Columns 28 through 30

  -1.230000000000000  -1.220000000000000  -1.210000000000000

  Columns 31 through 33

  -1.200000000000000  -1.190000000000000  -1.180000000000000

  Columns 34 through 36

  -1.170000000000000  -1.160000000000000  -1.150000000000000

  Columns 37 through 39

  -1.140000000000000  -1.130000000000000  -1.120000000000000

  Columns 40 through 42

  -1.110000000000000  -1.100000000000000  -1.090000000000000

  Columns 43 through 45

  -1.080000000000000  -1.070000000000000  -1.060000000000000

  Columns 46 through 48

  -1.050000000000000  -1.040000000000000  -1.030000000000000

  Columns 49 through 51

  -1.020000000000000  -1.010000000000000  -1.000000000000000

  Columns 1 through 3

  -1.500000000000000  -1.490000000000000  -1.480000000000000

  Columns 4 through 6

  -1.470000000000000  -1.460000000000000  -1.450000000000000

  Columns 7 through 9

  -1.440000000000000  -1.430000000000000  -1.420000000000000

  Columns 10 through 12

  -1.410000000000000  -1.400000000000000  -1.390000000000000

  Columns 13 through 15

  -1.380000000000000  -1.370000000000000  -1.360000000000000

  Columns 16 through 18

  -1.350000000000000  -1.340000000000000  -1.330000000000000

  Columns 19 through 21

  -1.320000000000000  -1.310000000000000  -1.300000000000000

  Columns 22 through 24

  -1.290000000000000  -1.280000000000000  -1.270000000000000

  Columns 25 through 27

  -1.260000000000000  -1.250000000000000  -1.240000000000000

  Columns 28 through 30

  -1.230000000000000  -1.220000000000000  -1.210000000000000

  Columns 31 through 33

  -1.200000000000000  -1.190000000000000  -1.180000000000000

  Columns 34 through 36

  -1.170000000000000  -1.160000000000000  -1.150000000000000

  Columns 37 through 39

  -1.140000000000000  -1.130000000000000  -1.120000000000000

  Columns 40 through 42

  -1.110000000000000  -1.100000000000000  -1.090000000000000

  Columns 43 through 45

  -1.080000000000000  -1.070000000000000  -1.060000000000000

  Columns 46 through 48

  -1.050000000000000  -1.040000000000000  -1.030000000000000

  Columns 49 through 51

  -1.020000000000000  -1.010000000000000  -1.000000000000000

Processing original EZ = 23

Equation solved.

fsolve completed because the vector of function values is near zero
as measured by the selected value of the function tolerance, and
the problem appears regular as measured by the gradient.



Exit flag: 1
con2cov: iterations = 35307, max. relative error = 1.265317e-15
stability1 = 214.751353 at x0(EZ) = -1.500000

Equation solved.

fsolve completed because the vector of function values is near zero
as measured by the selected value of the function tolerance, and
the problem appears regular as measured by the gradient.



Exit flag: 1
con2cov: iterations = 35296, max. relative error = 1.265828e-15
stability1 = 214.669449 at x0(EZ) = -1.490000

Equation solved.

fsolve completed because the vector of function values is near zero
as measured by the selected value of the function tolerance, and
the problem appears regular as measured by the gradient.



Exit flag: 1
con2cov: iterations = 35286, max. relative error = 1.265241e-15
stability1 = 214.587519 at x0(EZ) = -1.480000

Equation solved.

fsolve completed because the vector of function values is near zero
as measured by the selected value of the function tolerance, and
the problem appears regular as measured by the gradient.



Exit flag: 1
con2cov: iterations = 35275, max. relative error = 1.265766e-15
stability1 = 214.505565 at x0(EZ) = -1.470000

Equation solved.

fsolve completed because the vector of function values is near zero
as measured by the selected value of the function tolerance, and
the problem appears regular as measured by the gradient.



Exit flag: 1
con2cov: iterations = 35264, max. relative error = 1.266300e-15
stability1 = 214.423585 at x0(EZ) = -1.460000

Equation solved.

fsolve completed because the vector of function values is near zero
as measured by the selected value of the function tolerance, and
the problem appears regular as measured by the gradient.



Exit flag: 1
con2cov: iterations = 35254, max. relative error = 1.265734e-15
stability1 = 214.341581 at x0(EZ) = -1.450000

Equation solved.

fsolve completed because the vector of function values is near zero
as measured by the selected value of the function tolerance, and
the problem appears regular as measured by the gradient.



Exit flag: 1
con2cov: iterations = 35243, max. relative error = 1.266282e-15
stability1 = 214.259553 at x0(EZ) = -1.440000

Equation solved.

fsolve completed because the vector of function values is near zero
as measured by the selected value of the function tolerance, and
the problem appears regular as measured by the gradient.



Exit flag: 1
con2cov: iterations = 35232, max. relative error = 1.266839e-15
stability1 = 214.177501 at x0(EZ) = -1.430000

Equation solved.

fsolve completed because the vector of function values is near zero
as measured by the selected value of the function tolerance, and
the problem appears regular as measured by the gradient.



Exit flag: 1
con2cov: iterations = 35222, max. relative error = 1.266294e-15
stability1 = 214.095426 at x0(EZ) = -1.420000

Equation solved.

fsolve completed because the vector of function values is near zero
as measured by the selected value of the function tolerance, and
the problem appears regular as measured by the gradient.



Exit flag: 1
con2cov: iterations = 35211, max. relative error = 1.266865e-15
stability1 = 214.013327 at x0(EZ) = -1.410000

Equation solved.

fsolve completed because the vector of function values is near zero
as measured by the selected value of the function tolerance, and
the problem appears regular as measured by the gradient.



Exit flag: 1
con2cov: iterations = 35201, max. relative error = 1.266334e-15
stability1 = 213.931205 at x0(EZ) = -1.400000

Equation solved.

fsolve completed because the vector of function values is near zero
as measured by the selected value of the function tolerance, and
the problem appears regular as measured by the gradient.



Exit flag: 1
con2cov: iterations = 35190, max. relative error = 1.266920e-15
stability1 = 213.849060 at x0(EZ) = -1.390000

Equation solved.

fsolve completed because the vector of function values is near zero
as measured by the selected value of the function tolerance, and
the problem appears regular as measured by the gradient.



Exit flag: 1
con2cov: iterations = 35179, max. relative error = 1.267513e-15
stability1 = 213.766893 at x0(EZ) = -1.380000

Equation solved.

fsolve completed because the vector of function values is near zero
as measured by the selected value of the function tolerance, and
the problem appears regular as measured by the gradient.



Exit flag: 1
con2cov: iterations = 35169, max. relative error = 1.267003e-15
stability1 = 213.684704 at x0(EZ) = -1.370000

Equation solved.

fsolve completed because the vector of function values is near zero
as measured by the selected value of the function tolerance, and
the problem appears regular as measured by the gradient.



Exit flag: 1
con2cov: iterations = 35158, max. relative error = 1.267611e-15
stability1 = 213.602494 at x0(EZ) = -1.360000

Equation solved.

fsolve completed because the vector of function values is near zero
as measured by the selected value of the function tolerance, and
the problem appears regular as measured by the gradient.



Exit flag: 1
con2cov: iterations = 35148, max. relative error = 1.267114e-15
stability1 = 213.520262 at x0(EZ) = -1.350000

Equation solved.

fsolve completed because the vector of function values is near zero
as measured by the selected value of the function tolerance, and
the problem appears regular as measured by the gradient.



Exit flag: 1
con2cov: iterations = 35137, max. relative error = 1.267736e-15
stability1 = 213.438009 at x0(EZ) = -1.340000

Equation solved.

fsolve completed because the vector of function values is near zero
as measured by the selected value of the function tolerance, and
the problem appears regular as measured by the gradient.



Exit flag: 1
con2cov: iterations = 35127, max. relative error = 1.267253e-15
stability1 = 213.355735 at x0(EZ) = -1.330000

Equation solved.

fsolve completed because the vector of function values is near zero
as measured by the selected value of the function tolerance, and
the problem appears regular as measured by the gradient.



Exit flag: 1
con2cov: iterations = 35116, max. relative error = 1.267890e-15
stability1 = 213.273441 at x0(EZ) = -1.320000

Equation solved.

fsolve completed because the vector of function values is near zero
as measured by the selected value of the function tolerance, and
the problem appears regular as measured by the gradient.



Exit flag: 1
con2cov: iterations = 35106, max. relative error = 1.267419e-15
stability1 = 213.191127 at x0(EZ) = -1.310000

Equation solved.

fsolve completed because the vector of function values is near zero
as measured by the selected value of the function tolerance, and
the problem appears regular as measured by the gradient.



Exit flag: 1
con2cov: iterations = 35095, max. relative error = 1.268070e-15
stability1 = 213.108794 at x0(EZ) = -1.300000

Equation solved.

fsolve completed because the vector of function values is near zero
as measured by the selected value of the function tolerance, and
the problem appears regular as measured by the gradient.



Exit flag: 1
con2cov: iterations = 35084, max. relative error = 1.268729e-15
stability1 = 213.026442 at x0(EZ) = -1.290000

Equation solved.

fsolve completed because the vector of function values is near zero
as measured by the selected value of the function tolerance, and
the problem appears regular as measured by the gradient.



Exit flag: 1
con2cov: iterations = 35074, max. relative error = 1.268278e-15
stability1 = 212.944071 at x0(EZ) = -1.280000

Equation solved.

fsolve completed because the vector of function values is near zero
as measured by the selected value of the function tolerance, and
the problem appears regular as measured by the gradient.



Exit flag: 1
con2cov: iterations = 35063, max. relative error = 1.268951e-15
stability1 = 212.861681 at x0(EZ) = -1.270000

Equation solved.

fsolve completed because the vector of function values is near zero
as measured by the selected value of the function tolerance, and
the problem appears regular as measured by the gradient.



Exit flag: 1
con2cov: iterations = 35053, max. relative error = 1.268514e-15
stability1 = 212.779274 at x0(EZ) = -1.260000

Equation solved, inaccuracy possible.

The vector of function values is near zero, as measured by the selected value
of the function tolerance. However, the last step was ineffective.



Exit flag: 3
con2cov: iterations = 35042, max. relative error = 1.269200e-15
stability1 = 212.696850 at x0(EZ) = -1.250000

Equation solved.

fsolve completed because the vector of function values is near zero
as measured by the selected value of the function tolerance, and
the problem appears regular as measured by the gradient.



Exit flag: 1
con2cov: iterations = 35032, max. relative error = 1.268776e-15
stability1 = 212.614408 at x0(EZ) = -1.240000

Equation solved.

fsolve completed because the vector of function values is near zero
as measured by the selected value of the function tolerance, and
the problem appears regular as measured by the gradient.



Exit flag: 1
con2cov: iterations = 35022, max. relative error = 1.268357e-15
stability1 = 212.531951 at x0(EZ) = -1.230000

Equation solved.

fsolve completed because the vector of function values is near zero
as measured by the selected value of the function tolerance, and
the problem appears regular as measured by the gradient.



Exit flag: 1
con2cov: iterations = 35011, max. relative error = 1.269064e-15
[Warning: stability1 is not a real number or is NaN at x0(EZ) = -1.220000] 
[> In mainK45 at 87
  In run at 63] 

Equation solved.

fsolve completed because the vector of function values is near zero
as measured by the selected value of the function tolerance, and
the problem appears regular as measured by the gradient.



con2cov: iterations = 35020, max. relative error = 1.269435e-15
Fine stability1 = 212.523704 at x0(EZ) = -1.229000

Equation solved.

fsolve completed because the vector of function values is near zero
as measured by the selected value of the function tolerance, and
the problem appears regular as measured by the gradient.



con2cov: iterations = 35019, max. relative error = 1.269393e-15
Fine stability1 = 212.515457 at x0(EZ) = -1.228000

Equation solved.

fsolve completed because the vector of function values is near zero
as measured by the selected value of the function tolerance, and
the problem appears regular as measured by the gradient.



con2cov: iterations = 35018, max. relative error = 1.269352e-15
Fine stability1 = 212.507210 at x0(EZ) = -1.227000

Equation solved.

fsolve completed because the vector of function values is near zero
as measured by the selected value of the function tolerance, and
the problem appears regular as measured by the gradient.



con2cov: iterations = 35017, max. relative error = 1.269311e-15
Fine stability1 = 212.498963 at x0(EZ) = -1.226000

Equation solved.

fsolve completed because the vector of function values is near zero
as measured by the selected value of the function tolerance, and
the problem appears regular as measured by the gradient.



con2cov: iterations = 35016, max. relative error = 1.269269e-15
Fine stability1 = 212.490716 at x0(EZ) = -1.225000

Equation solved.

fsolve completed because the vector of function values is near zero
as measured by the selected value of the function tolerance, and
the problem appears regular as measured by the gradient.



con2cov: iterations = 35015, max. relative error = 1.269228e-15
Fine stability1 = 212.482468 at x0(EZ) = -1.224000

Equation solved.

fsolve completed because the vector of function values is near zero
as measured by the selected value of the function tolerance, and
the problem appears regular as measured by the gradient.



con2cov: iterations = 35014, max. relative error = 1.269187e-15
Fine stability1 = 212.474221 at x0(EZ) = -1.223000

Equation solved.

fsolve completed because the vector of function values is near zero
as measured by the selected value of the function tolerance, and
the problem appears regular as measured by the gradient.



con2cov: iterations = 35013, max. relative error = 1.269146e-15
Fine stability1 = 212.465973 at x0(EZ) = -1.222000

Equation solved.

fsolve completed because the vector of function values is near zero
as measured by the selected value of the function tolerance, and
the problem appears regular as measured by the gradient.



con2cov: iterations = 35012, max. relative error = 1.269105e-15
Fine stability1 = 212.457725 at x0(EZ) = -1.221000
Processing original EZ = 27

Equation solved.

fsolve completed because the vector of function values is near zero
as measured by the selected value of the function tolerance, and
the problem appears regular as measured by the gradient.



Exit flag: 1
con2cov: iterations = 35243, max. relative error = 1.206293e-15
stability1 = 214.627309 at x0(EZ) = -1.500000

Equation solved.

fsolve completed because the vector of function values is near zero
as measured by the selected value of the function tolerance, and
the problem appears regular as measured by the gradient.



Exit flag: 1
con2cov: iterations = 35232, max. relative error = 1.204992e-15
stability1 = 214.544008 at x0(EZ) = -1.490000

Equation solved.

fsolve completed because the vector of function values is near zero
as measured by the selected value of the function tolerance, and
the problem appears regular as measured by the gradient.



Exit flag: 1
con2cov: iterations = 35220, max. relative error = 1.204746e-15
stability1 = 214.460682 at x0(EZ) = -1.480000

Equation solved.

fsolve completed because the vector of function values is near zero
as measured by the selected value of the function tolerance, and
the problem appears regular as measured by the gradient.



Exit flag: 1
con2cov: iterations = 35209, max. relative error = 1.203450e-15
stability1 = 214.377333 at x0(EZ) = -1.470000

Equation solved.

fsolve completed because the vector of function values is near zero
as measured by the selected value of the function tolerance, and
the problem appears regular as measured by the gradient.



Exit flag: 1
con2cov: iterations = 35197, max. relative error = 1.203208e-15
stability1 = 214.293960 at x0(EZ) = -1.460000

Equation solved.

fsolve completed because the vector of function values is near zero
as measured by the selected value of the function tolerance, and
the problem appears regular as measured by the gradient.



Exit flag: 1
con2cov: iterations = 35185, max. relative error = 1.202969e-15
stability1 = 214.210563 at x0(EZ) = -1.450000

Equation solved.

fsolve completed because the vector of function values is near zero
as measured by the selected value of the function tolerance, and
the problem appears regular as measured by the gradient.



Exit flag: 1
con2cov: iterations = 35174, max. relative error = 1.201679e-15
stability1 = 214.127142 at x0(EZ) = -1.440000

Equation solved.

fsolve completed because the vector of function values is near zero
as measured by the selected value of the function tolerance, and
the problem appears regular as measured by the gradient.



Exit flag: 1
con2cov: iterations = 35162, max. relative error = 1.201444e-15
stability1 = 214.043698 at x0(EZ) = -1.430000

Equation solved.

fsolve completed because the vector of function values is near zero
as measured by the selected value of the function tolerance, and
the problem appears regular as measured by the gradient.



Exit flag: 1
con2cov: iterations = 35151, max. relative error = 1.200158e-15
stability1 = 213.960230 at x0(EZ) = -1.420000

Equation solved.

fsolve completed because the vector of function values is near zero
as measured by the selected value of the function tolerance, and
the problem appears regular as measured by the gradient.



Exit flag: 1
con2cov: iterations = 35139, max. relative error = 1.199926e-15
stability1 = 213.876739 at x0(EZ) = -1.410000

Equation solved.

fsolve completed because the vector of function values is near zero
as measured by the selected value of the function tolerance, and
the problem appears regular as measured by the gradient.



Exit flag: 1
con2cov: iterations = 35128, max. relative error = 1.198645e-15
stability1 = 213.793225 at x0(EZ) = -1.400000

Equation solved.

fsolve completed because the vector of function values is near zero
as measured by the selected value of the function tolerance, and
the problem appears regular as measured by the gradient.



Exit flag: 1
con2cov: iterations = 35116, max. relative error = 1.198417e-15
stability1 = 213.709688 at x0(EZ) = -1.390000

Equation solved.

fsolve completed because the vector of function values is near zero
as measured by the selected value of the function tolerance, and
the problem appears regular as measured by the gradient.



Exit flag: 1
con2cov: iterations = 35105, max. relative error = 1.197140e-15
stability1 = 213.626128 at x0(EZ) = -1.380000

Equation solved.

fsolve completed because the vector of function values is near zero
as measured by the selected value of the function tolerance, and
the problem appears regular as measured by the gradient.



Exit flag: 1
con2cov: iterations = 35093, max. relative error = 1.196915e-15
stability1 = 213.542545 at x0(EZ) = -1.370000

Equation solved.

fsolve completed because the vector of function values is near zero
as measured by the selected value of the function tolerance, and
the problem appears regular as measured by the gradient.



Exit flag: 1
con2cov: iterations = 35081, max. relative error = 1.196693e-15
stability1 = 213.458939 at x0(EZ) = -1.360000

Equation solved.

fsolve completed because the vector of function values is near zero
as measured by the selected value of the function tolerance, and
the problem appears regular as measured by the gradient.



Exit flag: 1
con2cov: iterations = 35070, max. relative error = 1.195421e-15
stability1 = 213.375311 at x0(EZ) = -1.350000

Equation solved.

fsolve completed because the vector of function values is near zero
as measured by the selected value of the function tolerance, and
the problem appears regular as measured by the gradient.



Exit flag: 1
con2cov: iterations = 35058, max. relative error = 1.195202e-15
stability1 = 213.291661 at x0(EZ) = -1.340000

Equation solved.

fsolve completed because the vector of function values is near zero
as measured by the selected value of the function tolerance, and
the problem appears regular as measured by the gradient.



Exit flag: 1
con2cov: iterations = 35047, max. relative error = 1.194357e-15
stability1 = 213.207988 at x0(EZ) = -1.330000

Equation solved.

fsolve completed because the vector of function values is near zero
as measured by the selected value of the function tolerance, and
the problem appears regular as measured by the gradient.



Exit flag: 1
con2cov: iterations = 35035, max. relative error = 1.195028e-15
stability1 = 213.124293 at x0(EZ) = -1.320000

Equation solved.

fsolve completed because the vector of function values is near zero
as measured by the selected value of the function tolerance, and
the problem appears regular as measured by the gradient.



Exit flag: 1
con2cov: iterations = 35024, max. relative error = 1.194653e-15
stability1 = 213.040576 at x0(EZ) = -1.310000

Equation solved, inaccuracy possible.

The vector of function values is near zero, as measured by the selected value
of the function tolerance. However, the last step was ineffective.



Exit flag: 3
con2cov: iterations = 35012, max. relative error = 1.195334e-15
stability1 = 212.956838 at x0(EZ) = -1.300000

Equation solved.

fsolve completed because the vector of function values is near zero
as measured by the selected value of the function tolerance, and
the problem appears regular as measured by the gradient.



Exit flag: 1
con2cov: iterations = 35001, max. relative error = 1.194967e-15
stability1 = 212.873077 at x0(EZ) = -1.290000

Equation solved.

fsolve completed because the vector of function values is near zero
as measured by the selected value of the function tolerance, and
the problem appears regular as measured by the gradient.



Exit flag: 1
con2cov: iterations = 34989, max. relative error = 1.195657e-15
stability1 = 212.789295 at x0(EZ) = -1.280000

Equation solved.

fsolve completed because the vector of function values is near zero
as measured by the selected value of the function tolerance, and
the problem appears regular as measured by the gradient.



Exit flag: 1
con2cov: iterations = 34978, max. relative error = 1.195297e-15
stability1 = 212.705492 at x0(EZ) = -1.270000

Equation solved.

fsolve completed because the vector of function values is near zero
as measured by the selected value of the function tolerance, and
the problem appears regular as measured by the gradient.



Exit flag: 1
con2cov: iterations = 34967, max. relative error = 1.194942e-15
stability1 = 212.621667 at x0(EZ) = -1.260000

Equation solved.

fsolve completed because the vector of function values is near zero
as measured by the selected value of the function tolerance, and
the problem appears regular as measured by the gradient.



Exit flag: 1
con2cov: iterations = 34955, max. relative error = 1.195645e-15
stability1 = 212.537822 at x0(EZ) = -1.250000

Equation solved.

fsolve completed because the vector of function values is near zero
as measured by the selected value of the function tolerance, and
the problem appears regular as measured by the gradient.



Exit flag: 1
con2cov: iterations = 34944, max. relative error = 1.195298e-15
stability1 = 212.453955 at x0(EZ) = -1.240000

Equation solved.

fsolve completed because the vector of function values is near zero
as measured by the selected value of the function tolerance, and
the problem appears regular as measured by the gradient.



Exit flag: 1
con2cov: iterations = 34932, max. relative error = 1.196010e-15
stability1 = 212.370068 at x0(EZ) = -1.230000

Equation solved.

fsolve completed because the vector of function values is near zero
as measured by the selected value of the function tolerance, and
the problem appears regular as measured by the gradient.



Exit flag: 1
con2cov: iterations = 34921, max. relative error = 1.195670e-15
stability1 = 212.286160 at x0(EZ) = -1.220000

Equation solved.

fsolve completed because the vector of function values is near zero
as measured by the selected value of the function tolerance, and
the problem appears regular as measured by the gradient.



Exit flag: 1
con2cov: iterations = 34909, max. relative error = 1.196391e-15
stability1 = 212.202232 at x0(EZ) = -1.210000

Equation solved.

fsolve completed because the vector of function values is near zero
as measured by the selected value of the function tolerance, and
the problem appears regular as measured by the gradient.



Exit flag: 1
con2cov: iterations = 34898, max. relative error = 1.196060e-15
stability1 = 212.118283 at x0(EZ) = -1.200000

Equation solved.

fsolve completed because the vector of function values is near zero
as measured by the selected value of the function tolerance, and
the problem appears regular as measured by the gradient.



Exit flag: 1
con2cov: iterations = 34886, max. relative error = 1.196789e-15
stability1 = 212.034314 at x0(EZ) = -1.190000

Equation solved.

fsolve completed because the vector of function values is near zero
as measured by the selected value of the function tolerance, and
the problem appears regular as measured by the gradient.



Exit flag: 1
con2cov: iterations = 34875, max. relative error = 1.196465e-15
stability1 = 211.950326 at x0(EZ) = -1.180000

Equation solved.

fsolve completed because the vector of function values is near zero
as measured by the selected value of the function tolerance, and
the problem appears regular as measured by the gradient.



Exit flag: 1
con2cov: iterations = 34864, max. relative error = 1.196145e-15
stability1 = 211.866317 at x0(EZ) = -1.170000

Equation solved.

fsolve completed because the vector of function values is near zero
as measured by the selected value of the function tolerance, and
the problem appears regular as measured by the gradient.



Exit flag: 1
con2cov: iterations = 34852, max. relative error = 1.196887e-15
stability1 = 211.782290 at x0(EZ) = -1.160000

Equation solved.

fsolve completed because the vector of function values is near zero
as measured by the selected value of the function tolerance, and
the problem appears regular as measured by the gradient.



Exit flag: 1
con2cov: iterations = 34841, max. relative error = 1.196575e-15
stability1 = 211.698242 at x0(EZ) = -1.150000

Equation solved.

fsolve completed because the vector of function values is near zero
as measured by the selected value of the function tolerance, and
the problem appears regular as measured by the gradient.



Exit flag: 1
con2cov: iterations = 34829, max. relative error = 1.197326e-15
stability1 = 211.614176 at x0(EZ) = -1.140000

Equation solved.

fsolve completed because the vector of function values is near zero
as measured by the selected value of the function tolerance, and
the problem appears regular as measured by the gradient.



Exit flag: 1
con2cov: iterations = 34818, max. relative error = 1.197020e-15
stability1 = 211.530091 at x0(EZ) = -1.130000

Equation solved.

fsolve completed because the vector of function values is near zero
as measured by the selected value of the function tolerance, and
the problem appears regular as measured by the gradient.



Exit flag: 1
con2cov: iterations = 34807, max. relative error = 1.196719e-15
stability1 = 211.445987 at x0(EZ) = -1.120000

Equation solved.

fsolve completed because the vector of function values is near zero
as measured by the selected value of the function tolerance, and
the problem appears regular as measured by the gradient.



Exit flag: 1
con2cov: iterations = 34795, max. relative error = 1.197482e-15
stability1 = 211.361864 at x0(EZ) = -1.110000

Equation solved, inaccuracy possible.

The vector of function values is near zero, as measured by the selected value
of the function tolerance. However, the last step was ineffective.



Exit flag: 3
con2cov: iterations = 34784, max. relative error = 1.197188e-15
stability1 = 211.277723 at x0(EZ) = -1.100000

Equation solved.

fsolve completed because the vector of function values is near zero
as measured by the selected value of the function tolerance, and
the problem appears regular as measured by the gradient.



Exit flag: 1
con2cov: iterations = 34773, max. relative error = 1.196897e-15
stability1 = 211.193564 at x0(EZ) = -1.090000

Equation solved.

fsolve completed because the vector of function values is near zero
as measured by the selected value of the function tolerance, and
the problem appears regular as measured by the gradient.



Exit flag: 1
con2cov: iterations = 34761, max. relative error = 1.197673e-15
stability1 = 211.109387 at x0(EZ) = -1.080000

Equation solved.

fsolve completed because the vector of function values is near zero
as measured by the selected value of the function tolerance, and
the problem appears regular as measured by the gradient.



Exit flag: 1
con2cov: iterations = 34750, max. relative error = 1.197389e-15
stability1 = 211.025192 at x0(EZ) = -1.070000

Equation solved.

fsolve completed because the vector of function values is near zero
as measured by the selected value of the function tolerance, and
the problem appears regular as measured by the gradient.



Exit flag: 1
con2cov: iterations = 34739, max. relative error = 1.197109e-15
stability1 = 210.940980 at x0(EZ) = -1.060000

Equation solved.

fsolve completed because the vector of function values is near zero
as measured by the selected value of the function tolerance, and
the problem appears regular as measured by the gradient.



Exit flag: 1
con2cov: iterations = 34727, max. relative error = 1.197897e-15
stability1 = 210.856750 at x0(EZ) = -1.050000

Equation solved.

fsolve completed because the vector of function values is near zero
as measured by the selected value of the function tolerance, and
the problem appears regular as measured by the gradient.



Exit flag: 1
con2cov: iterations = 34716, max. relative error = 1.197624e-15
stability1 = 210.772503 at x0(EZ) = -1.040000

Equation solved.

fsolve completed because the vector of function values is near zero
as measured by the selected value of the function tolerance, and
the problem appears regular as measured by the gradient.



Exit flag: 1
con2cov: iterations = 34705, max. relative error = 1.197355e-15
stability1 = 210.688240 at x0(EZ) = -1.030000

Equation solved, inaccuracy possible.

The vector of function values is near zero, as measured by the selected value
of the function tolerance. However, the last step was ineffective.



Exit flag: 3
con2cov: iterations = 34693, max. relative error = 1.198154e-15
stability1 = 210.603959 at x0(EZ) = -1.020000

Equation solved.

fsolve completed because the vector of function values is near zero
as measured by the selected value of the function tolerance, and
the problem appears regular as measured by the gradient.



Exit flag: 1
con2cov: iterations = 34682, max. relative error = 1.197892e-15
stability1 = 210.519663 at x0(EZ) = -1.010000

Equation solved.

fsolve completed because the vector of function values is near zero
as measured by the selected value of the function tolerance, and
the problem appears regular as measured by the gradient.



Exit flag: 1
con2cov: iterations = 34671, max. relative error = 1.197633e-15
stability1 = 210.435350 at x0(EZ) = -1.000000
Processing original EZ = 72

Equation solved.

fsolve completed because the vector of function values is near zero
as measured by the selected value of the function tolerance, and
the problem appears regular as measured by the gradient.



Exit flag: 1
con2cov: iterations = 35351, max. relative error = 1.152855e-15
stability1 = 214.784732 at x0(EZ) = -1.500000

Equation solved.

fsolve completed because the vector of function values is near zero
as measured by the selected value of the function tolerance, and
the problem appears regular as measured by the gradient.



Exit flag: 1
con2cov: iterations = 35341, max. relative error = 1.151434e-15
stability1 = 214.703229 at x0(EZ) = -1.490000

Equation solved.

fsolve completed because the vector of function values is near zero
as measured by the selected value of the function tolerance, and
the problem appears regular as measured by the gradient.



Exit flag: 1
con2cov: iterations = 35331, max. relative error = 1.150017e-15
stability1 = 214.621702 at x0(EZ) = -1.480000

Equation solved.

fsolve completed because the vector of function values is near zero
as measured by the selected value of the function tolerance, and
the problem appears regular as measured by the gradient.



Exit flag: 1
con2cov: iterations = 35321, max. relative error = 1.148607e-15
stability1 = 214.540150 at x0(EZ) = -1.470000

Equation solved.

fsolve completed because the vector of function values is near zero
as measured by the selected value of the function tolerance, and
the problem appears regular as measured by the gradient.



Exit flag: 1
con2cov: iterations = 35311, max. relative error = 1.147201e-15
stability1 = 214.458573 at x0(EZ) = -1.460000

Equation solved.

fsolve completed because the vector of function values is near zero
as measured by the selected value of the function tolerance, and
the problem appears regular as measured by the gradient.



Exit flag: 1
con2cov: iterations = 35301, max. relative error = 1.145801e-15
stability1 = 214.376973 at x0(EZ) = -1.450000

Equation solved.

fsolve completed because the vector of function values is near zero
as measured by the selected value of the function tolerance, and
the problem appears regular as measured by the gradient.



Exit flag: 1
con2cov: iterations = 35291, max. relative error = 1.144407e-15
stability1 = 214.295349 at x0(EZ) = -1.440000

Equation solved.

fsolve completed because the vector of function values is near zero
as measured by the selected value of the function tolerance, and
the problem appears regular as measured by the gradient.



Exit flag: 1
con2cov: iterations = 35281, max. relative error = 1.143018e-15
stability1 = 214.213703 at x0(EZ) = -1.430000

Equation solved.

fsolve completed because the vector of function values is near zero
as measured by the selected value of the function tolerance, and
the problem appears regular as measured by the gradient.



Exit flag: 1
con2cov: iterations = 35271, max. relative error = 1.141633e-15
stability1 = 214.132033 at x0(EZ) = -1.420000

Equation solved.

fsolve completed because the vector of function values is near zero
as measured by the selected value of the function tolerance, and
the problem appears regular as measured by the gradient.



Exit flag: 1
con2cov: iterations = 35261, max. relative error = 1.140254e-15
stability1 = 214.050341 at x0(EZ) = -1.410000

Equation solved.

fsolve completed because the vector of function values is near zero
as measured by the selected value of the function tolerance, and
the problem appears regular as measured by the gradient.



Exit flag: 1
con2cov: iterations = 35251, max. relative error = 1.138881e-15
stability1 = 213.968627 at x0(EZ) = -1.400000

Equation solved, inaccuracy possible.

The vector of function values is near zero, as measured by the selected value
of the function tolerance. However, the last step was ineffective.



Exit flag: 3
con2cov: iterations = 35241, max. relative error = 1.137512e-15
stability1 = 213.886891 at x0(EZ) = -1.390000

Equation solved.

fsolve completed because the vector of function values is near zero
as measured by the selected value of the function tolerance, and
the problem appears regular as measured by the gradient.



Exit flag: 1
con2cov: iterations = 35231, max. relative error = 1.136148e-15
stability1 = 213.805134 at x0(EZ) = -1.380000

Equation solved.

fsolve completed because the vector of function values is near zero
as measured by the selected value of the function tolerance, and
the problem appears regular as measured by the gradient.



Exit flag: 1
con2cov: iterations = 35221, max. relative error = 1.135721e-15
stability1 = 213.723356 at x0(EZ) = -1.370000

Equation solved.

fsolve completed because the vector of function values is near zero
as measured by the selected value of the function tolerance, and
the problem appears regular as measured by the gradient.



Exit flag: 1
con2cov: iterations = 35211, max. relative error = 1.135865e-15
stability1 = 213.641558 at x0(EZ) = -1.360000

Equation solved.

fsolve completed because the vector of function values is near zero
as measured by the selected value of the function tolerance, and
the problem appears regular as measured by the gradient.



Exit flag: 1
con2cov: iterations = 35201, max. relative error = 1.136017e-15
stability1 = 213.559740 at x0(EZ) = -1.350000

Equation solved.

fsolve completed because the vector of function values is near zero
as measured by the selected value of the function tolerance, and
the problem appears regular as measured by the gradient.



Exit flag: 1
con2cov: iterations = 35191, max. relative error = 1.136177e-15
stability1 = 213.477902 at x0(EZ) = -1.340000

Equation solved.

fsolve completed because the vector of function values is near zero
as measured by the selected value of the function tolerance, and
the problem appears regular as measured by the gradient.



Exit flag: 1
con2cov: iterations = 35181, max. relative error = 1.136345e-15
stability1 = 213.396045 at x0(EZ) = -1.330000

Equation solved.

fsolve completed because the vector of function values is near zero
as measured by the selected value of the function tolerance, and
the problem appears regular as measured by the gradient.



Exit flag: 1
con2cov: iterations = 35171, max. relative error = 1.136521e-15
stability1 = 213.314169 at x0(EZ) = -1.320000

Equation solved.

fsolve completed because the vector of function values is near zero
as measured by the selected value of the function tolerance, and
the problem appears regular as measured by the gradient.



Exit flag: 1
con2cov: iterations = 35161, max. relative error = 1.136704e-15
stability1 = 213.232275 at x0(EZ) = -1.310000

Equation solved.

fsolve completed because the vector of function values is near zero
as measured by the selected value of the function tolerance, and
the problem appears regular as measured by the gradient.



Exit flag: 1
con2cov: iterations = 35151, max. relative error = 1.136896e-15
stability1 = 213.150364 at x0(EZ) = -1.300000

Equation solved.

fsolve completed because the vector of function values is near zero
as measured by the selected value of the function tolerance, and
the problem appears regular as measured by the gradient.



Exit flag: 1
con2cov: iterations = 35141, max. relative error = 1.137095e-15
stability1 = 213.068435 at x0(EZ) = -1.290000

Equation solved.

fsolve completed because the vector of function values is near zero
as measured by the selected value of the function tolerance, and
the problem appears regular as measured by the gradient.



Exit flag: 1
con2cov: iterations = 35131, max. relative error = 1.137302e-15
stability1 = 212.986490 at x0(EZ) = -1.280000

Equation solved, inaccuracy possible.

The vector of function values is near zero, as measured by the selected value
of the function tolerance. However, the last step was ineffective.



Exit flag: 3
con2cov: iterations = 35122, max. relative error = 1.136515e-15
[Warning: stability1 is not a real number or is NaN at x0(EZ) = -1.270000] 
[> In mainK45 at 87
  In run at 63] 

Equation solved.

fsolve completed because the vector of function values is near zero
as measured by the selected value of the function tolerance, and
the problem appears regular as measured by the gradient.



con2cov: iterations = 35130, max. relative error = 1.137323e-15
Fine stability1 = 212.978294 at x0(EZ) = -1.279000

Equation solved.

fsolve completed because the vector of function values is near zero
as measured by the selected value of the function tolerance, and
the problem appears regular as measured by the gradient.



con2cov: iterations = 35129, max. relative error = 1.137344e-15
Fine stability1 = 212.970099 at x0(EZ) = -1.278000

Equation solved.

fsolve completed because the vector of function values is near zero
as measured by the selected value of the function tolerance, and
the problem appears regular as measured by the gradient.



con2cov: iterations = 35128, max. relative error = 1.137365e-15
Fine stability1 = 212.961903 at x0(EZ) = -1.277000

Equation solved.

fsolve completed because the vector of function values is near zero
as measured by the selected value of the function tolerance, and
the problem appears regular as measured by the gradient.



con2cov: iterations = 35127, max. relative error = 1.137386e-15
Fine stability1 = 212.953707 at x0(EZ) = -1.276000

Equation solved.

fsolve completed because the vector of function values is near zero
as measured by the selected value of the function tolerance, and
the problem appears regular as measured by the gradient.



con2cov: iterations = 35126, max. relative error = 1.137408e-15
Fine stability1 = 212.945511 at x0(EZ) = -1.275000

Equation solved.

fsolve completed because the vector of function values is near zero
as measured by the selected value of the function tolerance, and
the problem appears regular as measured by the gradient.



con2cov: iterations = 35125, max. relative error = 1.137429e-15
Fine stability1 = 212.937315 at x0(EZ) = -1.274000

Equation solved.

fsolve completed because the vector of function values is near zero
as measured by the selected value of the function tolerance, and
the problem appears regular as measured by the gradient.



con2cov: iterations = 35125, max. relative error = 1.136450e-15
Fine stability1 = 212.929118 at x0(EZ) = -1.273000

Equation solved.

fsolve completed because the vector of function values is near zero
as measured by the selected value of the function tolerance, and
the problem appears regular as measured by the gradient.



con2cov: iterations = 35124, max. relative error = 1.136472e-15
Fine stability1 = 212.920922 at x0(EZ) = -1.272000

Equation solved.

fsolve completed because the vector of function values is near zero
as measured by the selected value of the function tolerance, and
the problem appears regular as measured by the gradient.



con2cov: iterations = 35123, max. relative error = 1.136494e-15
Fine stability1 = 212.912725 at x0(EZ) = -1.271000
Processing original EZ = 76

Equation solved.

fsolve completed because the vector of function values is near zero
as measured by the selected value of the function tolerance, and
the problem appears regular as measured by the gradient.



Exit flag: 1
con2cov: iterations = 35290, max. relative error = 1.218060e-15
stability1 = 214.577997 at x0(EZ) = -1.500000

Equation solved.

fsolve completed because the vector of function values is near zero
as measured by the selected value of the function tolerance, and
the problem appears regular as measured by the gradient.



Exit flag: 1
con2cov: iterations = 35279, max. relative error = 1.217642e-15
stability1 = 214.494030 at x0(EZ) = -1.490000

Equation solved.

fsolve completed because the vector of function values is near zero
as measured by the selected value of the function tolerance, and
the problem appears regular as measured by the gradient.



Exit flag: 1
con2cov: iterations = 35268, max. relative error = 1.217229e-15
stability1 = 214.410037 at x0(EZ) = -1.480000

Equation solved.

fsolve completed because the vector of function values is near zero
as measured by the selected value of the function tolerance, and
the problem appears regular as measured by the gradient.



Exit flag: 1
con2cov: iterations = 35257, max. relative error = 1.216822e-15
stability1 = 214.326020 at x0(EZ) = -1.470000

Equation solved.

fsolve completed because the vector of function values is near zero
as measured by the selected value of the function tolerance, and
the problem appears regular as measured by the gradient.



Exit flag: 1
con2cov: iterations = 35246, max. relative error = 1.216419e-15
stability1 = 214.241977 at x0(EZ) = -1.460000

Equation solved.

fsolve completed because the vector of function values is near zero
as measured by the selected value of the function tolerance, and
the problem appears regular as measured by the gradient.



Exit flag: 1
con2cov: iterations = 35235, max. relative error = 1.216021e-15
stability1 = 214.157910 at x0(EZ) = -1.450000

Equation solved.

fsolve completed because the vector of function values is near zero
as measured by the selected value of the function tolerance, and
the problem appears regular as measured by the gradient.



Exit flag: 1
con2cov: iterations = 35224, max. relative error = 1.215629e-15
stability1 = 214.073818 at x0(EZ) = -1.440000

Equation solved.

fsolve completed because the vector of function values is near zero
as measured by the selected value of the function tolerance, and
the problem appears regular as measured by the gradient.



Exit flag: 1
con2cov: iterations = 35213, max. relative error = 1.215241e-15
stability1 = 213.989702 at x0(EZ) = -1.430000

Equation solved.

fsolve completed because the vector of function values is near zero
as measured by the selected value of the function tolerance, and
the problem appears regular as measured by the gradient.



Exit flag: 1
con2cov: iterations = 35203, max. relative error = 1.213795e-15
stability1 = 213.905561 at x0(EZ) = -1.420000

Equation solved.

fsolve completed because the vector of function values is near zero
as measured by the selected value of the function tolerance, and
the problem appears regular as measured by the gradient.



Exit flag: 1
con2cov: iterations = 35192, max. relative error = 1.213416e-15
stability1 = 213.821397 at x0(EZ) = -1.410000

Equation solved.

fsolve completed because the vector of function values is near zero
as measured by the selected value of the function tolerance, and
the problem appears regular as measured by the gradient.



Exit flag: 1
con2cov: iterations = 35181, max. relative error = 1.213043e-15
stability1 = 213.737208 at x0(EZ) = -1.400000

Equation solved.

fsolve completed because the vector of function values is near zero
as measured by the selected value of the function tolerance, and
the problem appears regular as measured by the gradient.



Exit flag: 1
con2cov: iterations = 35170, max. relative error = 1.212675e-15
stability1 = 213.652995 at x0(EZ) = -1.390000

Equation solved.

fsolve completed because the vector of function values is near zero
as measured by the selected value of the function tolerance, and
the problem appears regular as measured by the gradient.



Exit flag: 1
con2cov: iterations = 35159, max. relative error = 1.212311e-15
stability1 = 213.568758 at x0(EZ) = -1.380000

Equation solved.

fsolve completed because the vector of function values is near zero
as measured by the selected value of the function tolerance, and
the problem appears regular as measured by the gradient.



Exit flag: 1
con2cov: iterations = 35148, max. relative error = 1.211952e-15
stability1 = 213.484498 at x0(EZ) = -1.370000

Equation solved.

fsolve completed because the vector of function values is near zero
as measured by the selected value of the function tolerance, and
the problem appears regular as measured by the gradient.



Exit flag: 1
con2cov: iterations = 35138, max. relative error = 1.210535e-15
stability1 = 213.400214 at x0(EZ) = -1.360000

Equation solved.

fsolve completed because the vector of function values is near zero
as measured by the selected value of the function tolerance, and
the problem appears regular as measured by the gradient.



Exit flag: 1
con2cov: iterations = 35127, max. relative error = 1.210185e-15
stability1 = 213.315907 at x0(EZ) = -1.350000

Equation solved.

fsolve completed because the vector of function values is near zero
as measured by the selected value of the function tolerance, and
the problem appears regular as measured by the gradient.



Exit flag: 1
con2cov: iterations = 35116, max. relative error = 1.209840e-15
stability1 = 213.231577 at x0(EZ) = -1.340000

Equation solved.

fsolve completed because the vector of function values is near zero
as measured by the selected value of the function tolerance, and
the problem appears regular as measured by the gradient.



Exit flag: 1
con2cov: iterations = 35105, max. relative error = 1.209499e-15
stability1 = 213.147224 at x0(EZ) = -1.330000

Equation solved.

fsolve completed because the vector of function values is near zero
as measured by the selected value of the function tolerance, and
the problem appears regular as measured by the gradient.



Exit flag: 1
con2cov: iterations = 35094, max. relative error = 1.209163e-15
stability1 = 213.062847 at x0(EZ) = -1.320000

Equation solved, inaccuracy possible.

The vector of function values is near zero, as measured by the selected value
of the function tolerance. However, the last step was ineffective.



Exit flag: 3
con2cov: iterations = 35084, max. relative error = 1.207769e-15
stability1 = 212.978448 at x0(EZ) = -1.310000

Equation solved.

fsolve completed because the vector of function values is near zero
as measured by the selected value of the function tolerance, and
the problem appears regular as measured by the gradient.



Exit flag: 1
con2cov: iterations = 35073, max. relative error = 1.207442e-15
stability1 = 212.894027 at x0(EZ) = -1.300000

Equation solved.

fsolve completed because the vector of function values is near zero
as measured by the selected value of the function tolerance, and
the problem appears regular as measured by the gradient.



Exit flag: 1
con2cov: iterations = 35062, max. relative error = 1.207120e-15
stability1 = 212.809583 at x0(EZ) = -1.290000

Equation solved.

fsolve completed because the vector of function values is near zero
as measured by the selected value of the function tolerance, and
the problem appears regular as measured by the gradient.



Exit flag: 1
con2cov: iterations = 35051, max. relative error = 1.206802e-15
stability1 = 212.725117 at x0(EZ) = -1.280000

Equation solved.

fsolve completed because the vector of function values is near zero
as measured by the selected value of the function tolerance, and
the problem appears regular as measured by the gradient.



Exit flag: 1
con2cov: iterations = 35040, max. relative error = 1.206488e-15
stability1 = 212.640629 at x0(EZ) = -1.270000

Equation solved.

fsolve completed because the vector of function values is near zero
as measured by the selected value of the function tolerance, and
the problem appears regular as measured by the gradient.



Exit flag: 1
con2cov: iterations = 35030, max. relative error = 1.205117e-15
stability1 = 212.556118 at x0(EZ) = -1.260000

Equation solved.

fsolve completed because the vector of function values is near zero
as measured by the selected value of the function tolerance, and
the problem appears regular as measured by the gradient.



Exit flag: 1
con2cov: iterations = 35019, max. relative error = 1.204812e-15
stability1 = 212.471587 at x0(EZ) = -1.250000

Equation solved.

fsolve completed because the vector of function values is near zero
as measured by the selected value of the function tolerance, and
the problem appears regular as measured by the gradient.



Exit flag: 1
con2cov: iterations = 35008, max. relative error = 1.204511e-15
stability1 = 212.387033 at x0(EZ) = -1.240000

Equation solved.

fsolve completed because the vector of function values is near zero
as measured by the selected value of the function tolerance, and
the problem appears regular as measured by the gradient.



Exit flag: 1
con2cov: iterations = 34997, max. relative error = 1.204214e-15
stability1 = 212.302459 at x0(EZ) = -1.230000

Equation solved.

fsolve completed because the vector of function values is near zero
as measured by the selected value of the function tolerance, and
the problem appears regular as measured by the gradient.



Exit flag: 1
con2cov: iterations = 34987, max. relative error = 1.202861e-15
stability1 = 212.217863 at x0(EZ) = -1.220000

Equation solved.

fsolve completed because the vector of function values is near zero
as measured by the selected value of the function tolerance, and
the problem appears regular as measured by the gradient.



Exit flag: 1
con2cov: iterations = 34976, max. relative error = 1.202573e-15
stability1 = 212.133246 at x0(EZ) = -1.210000

Equation solved.

fsolve completed because the vector of function values is near zero
as measured by the selected value of the function tolerance, and
the problem appears regular as measured by the gradient.



Exit flag: 1
con2cov: iterations = 34965, max. relative error = 1.202289e-15
stability1 = 212.048608 at x0(EZ) = -1.200000

Equation solved.

fsolve completed because the vector of function values is near zero
as measured by the selected value of the function tolerance, and
the problem appears regular as measured by the gradient.



Exit flag: 1
con2cov: iterations = 34955, max. relative error = 1.200948e-15
stability1 = 211.963950 at x0(EZ) = -1.190000

Equation solved.

fsolve completed because the vector of function values is near zero
as measured by the selected value of the function tolerance, and
the problem appears regular as measured by the gradient.



Exit flag: 1
con2cov: iterations = 34944, max. relative error = 1.200672e-15
stability1 = 211.879272 at x0(EZ) = -1.180000

Equation solved.

fsolve completed because the vector of function values is near zero
as measured by the selected value of the function tolerance, and
the problem appears regular as measured by the gradient.



Exit flag: 1
con2cov: iterations = 34933, max. relative error = 1.200400e-15
stability1 = 211.794573 at x0(EZ) = -1.170000

Equation solved.

fsolve completed because the vector of function values is near zero
as measured by the selected value of the function tolerance, and
the problem appears regular as measured by the gradient.



Exit flag: 1
con2cov: iterations = 34923, max. relative error = 1.199072e-15
stability1 = 211.709854 at x0(EZ) = -1.160000

Equation solved.

fsolve completed because the vector of function values is near zero
as measured by the selected value of the function tolerance, and
the problem appears regular as measured by the gradient.



Exit flag: 1
con2cov: iterations = 34912, max. relative error = 1.198809e-15
stability1 = 211.625116 at x0(EZ) = -1.150000

Equation solved.

fsolve completed because the vector of function values is near zero
as measured by the selected value of the function tolerance, and
the problem appears regular as measured by the gradient.



Exit flag: 1
con2cov: iterations = 34901, max. relative error = 1.198549e-15
stability1 = 211.540358 at x0(EZ) = -1.140000

Equation solved.

fsolve completed because the vector of function values is near zero
as measured by the selected value of the function tolerance, and
the problem appears regular as measured by the gradient.



Exit flag: 1
con2cov: iterations = 34891, max. relative error = 1.197233e-15
stability1 = 211.455580 at x0(EZ) = -1.130000

Equation solved, inaccuracy possible.

The vector of function values is near zero, as measured by the selected value
of the function tolerance. However, the last step was ineffective.



Exit flag: 3
con2cov: iterations = 34880, max. relative error = 1.196982e-15
stability1 = 211.370784 at x0(EZ) = -1.120000

Equation solved.

fsolve completed because the vector of function values is near zero
as measured by the selected value of the function tolerance, and
the problem appears regular as measured by the gradient.



Exit flag: 1
con2cov: iterations = 34869, max. relative error = 1.196734e-15
stability1 = 211.285969 at x0(EZ) = -1.110000

Equation solved.

fsolve completed because the vector of function values is near zero
as measured by the selected value of the function tolerance, and
the problem appears regular as measured by the gradient.



Exit flag: 1
con2cov: iterations = 34859, max. relative error = 1.195430e-15
stability1 = 211.201135 at x0(EZ) = -1.100000

Equation solved.

fsolve completed because the vector of function values is near zero
as measured by the selected value of the function tolerance, and
the problem appears regular as measured by the gradient.



Exit flag: 1
con2cov: iterations = 34848, max. relative error = 1.195190e-15
stability1 = 211.116282 at x0(EZ) = -1.090000

Equation solved.

fsolve completed because the vector of function values is near zero
as measured by the selected value of the function tolerance, and
the problem appears regular as measured by the gradient.



Exit flag: 1
con2cov: iterations = 34838, max. relative error = 1.193894e-15
stability1 = 211.031412 at x0(EZ) = -1.080000

Equation solved.

fsolve completed because the vector of function values is near zero
as measured by the selected value of the function tolerance, and
the problem appears regular as measured by the gradient.



Exit flag: 1
con2cov: iterations = 34827, max. relative error = 1.193662e-15
stability1 = 210.946523 at x0(EZ) = -1.070000

Equation solved.

fsolve completed because the vector of function values is near zero
as measured by the selected value of the function tolerance, and
the problem appears regular as measured by the gradient.



Exit flag: 1
con2cov: iterations = 34816, max. relative error = 1.193433e-15
stability1 = 210.861617 at x0(EZ) = -1.060000

Equation solved, inaccuracy possible.

The vector of function values is near zero, as measured by the selected value
of the function tolerance. However, the last step was ineffective.



Exit flag: 3
con2cov: iterations = 34806, max. relative error = 1.192149e-15
stability1 = 210.776694 at x0(EZ) = -1.050000

Equation solved.

fsolve completed because the vector of function values is near zero
as measured by the selected value of the function tolerance, and
the problem appears regular as measured by the gradient.



Exit flag: 1
con2cov: iterations = 34795, max. relative error = 1.191927e-15
stability1 = 210.691753 at x0(EZ) = -1.040000

Equation solved, inaccuracy possible.

The vector of function values is near zero, as measured by the selected value
of the function tolerance. However, the last step was ineffective.



Exit flag: 3
con2cov: iterations = 34785, max. relative error = 1.190651e-15
stability1 = 210.606796 at x0(EZ) = -1.030000

Equation solved.

fsolve completed because the vector of function values is near zero
as measured by the selected value of the function tolerance, and
the problem appears regular as measured by the gradient.



Exit flag: 1
con2cov: iterations = 34774, max. relative error = 1.190437e-15
stability1 = 210.521822 at x0(EZ) = -1.020000

Equation solved, inaccuracy possible.

The vector of function values is near zero, as measured by the selected value
of the function tolerance. However, the last step was ineffective.



Exit flag: 3
con2cov: iterations = 34763, max. relative error = 1.190226e-15
stability1 = 210.436831 at x0(EZ) = -1.010000

Equation solved, inaccuracy possible.

The vector of function values is near zero, as measured by the selected value
of the function tolerance. However, the last step was ineffective.



Exit flag: 3
con2cov: iterations = 34753, max. relative error = 1.188961e-15
stability1 = 210.351824 at x0(EZ) = -1.000000
Processing original EZ = 78

Equation solved.

fsolve completed because the vector of function values is near zero
as measured by the selected value of the function tolerance, and
the problem appears regular as measured by the gradient.



Exit flag: 1
con2cov: iterations = 35405, max. relative error = 1.130539e-15
stability1 = 214.434063 at x0(EZ) = -1.500000

Equation solved.

fsolve completed because the vector of function values is near zero
as measured by the selected value of the function tolerance, and
the problem appears regular as measured by the gradient.



Exit flag: 1
con2cov: iterations = 35396, max. relative error = 1.130453e-15
stability1 = 214.347886 at x0(EZ) = -1.490000

Equation solved.

fsolve completed because the vector of function values is near zero
as measured by the selected value of the function tolerance, and
the problem appears regular as measured by the gradient.



Exit flag: 1
con2cov: iterations = 35386, max. relative error = 1.131367e-15
stability1 = 214.261682 at x0(EZ) = -1.480000

Equation solved.

fsolve completed because the vector of function values is near zero
as measured by the selected value of the function tolerance, and
the problem appears regular as measured by the gradient.



Exit flag: 1
con2cov: iterations = 35377, max. relative error = 1.131307e-15
stability1 = 214.175451 at x0(EZ) = -1.470000

Equation solved.

fsolve completed because the vector of function values is near zero
as measured by the selected value of the function tolerance, and
the problem appears regular as measured by the gradient.



Exit flag: 1
con2cov: iterations = 35368, max. relative error = 1.131259e-15
stability1 = 214.089195 at x0(EZ) = -1.460000

Equation solved.

fsolve completed because the vector of function values is near zero
as measured by the selected value of the function tolerance, and
the problem appears regular as measured by the gradient.



Exit flag: 1
con2cov: iterations = 35359, max. relative error = 1.131224e-15
stability1 = 214.002913 at x0(EZ) = -1.450000

Equation solved.

fsolve completed because the vector of function values is near zero
as measured by the selected value of the function tolerance, and
the problem appears regular as measured by the gradient.



Exit flag: 1
con2cov: iterations = 35350, max. relative error = 1.131202e-15
stability1 = 213.916607 at x0(EZ) = -1.440000

Equation solved.

fsolve completed because the vector of function values is near zero
as measured by the selected value of the function tolerance, and
the problem appears regular as measured by the gradient.



Exit flag: 1
con2cov: iterations = 35341, max. relative error = 1.131193e-15
stability1 = 213.830278 at x0(EZ) = -1.430000

Equation solved, inaccuracy possible.

The vector of function values is near zero, as measured by the selected value
of the function tolerance. However, the last step was ineffective.



Exit flag: 3
con2cov: iterations = 35332, max. relative error = 1.131196e-15
stability1 = 213.743925 at x0(EZ) = -1.420000

Equation solved.

fsolve completed because the vector of function values is near zero
as measured by the selected value of the function tolerance, and
the problem appears regular as measured by the gradient.



Exit flag: 1
con2cov: iterations = 35323, max. relative error = 1.131211e-15
stability1 = 213.657549 at x0(EZ) = -1.410000

Equation solved.

fsolve completed because the vector of function values is near zero
as measured by the selected value of the function tolerance, and
the problem appears regular as measured by the gradient.



Exit flag: 1
con2cov: iterations = 35313, max. relative error = 1.132229e-15
[Warning: stability1 is not a real number or is NaN at x0(EZ) = -1.400000] 
[> In mainK45 at 87
  In run at 63] 

Equation solved.

fsolve completed because the vector of function values is near zero
as measured by the selected value of the function tolerance, and
the problem appears regular as measured by the gradient.



con2cov: iterations = 35322, max. relative error = 1.131312e-15
Fine stability1 = 213.648911 at x0(EZ) = -1.409000

Equation solved.

fsolve completed because the vector of function values is near zero
as measured by the selected value of the function tolerance, and
the problem appears regular as measured by the gradient.



con2cov: iterations = 35321, max. relative error = 1.131414e-15
Fine stability1 = 213.640272 at x0(EZ) = -1.408000

Equation solved.

fsolve completed because the vector of function values is near zero
as measured by the selected value of the function tolerance, and
the problem appears regular as measured by the gradient.



con2cov: iterations = 35320, max. relative error = 1.131515e-15
Fine stability1 = 213.631633 at x0(EZ) = -1.407000

Equation solved.

fsolve completed because the vector of function values is near zero
as measured by the selected value of the function tolerance, and
the problem appears regular as measured by the gradient.



con2cov: iterations = 35319, max. relative error = 1.131617e-15
Fine stability1 = 213.622993 at x0(EZ) = -1.406000

Equation solved, inaccuracy possible.

The vector of function values is near zero, as measured by the selected value
of the function tolerance. However, the last step was ineffective.



con2cov: iterations = 35318, max. relative error = 1.131718e-15
Fine stability1 = 213.614354 at x0(EZ) = -1.405000

Equation solved.

fsolve completed because the vector of function values is near zero
as measured by the selected value of the function tolerance, and
the problem appears regular as measured by the gradient.



con2cov: iterations = 35317, max. relative error = 1.131820e-15
Fine stability1 = 213.605714 at x0(EZ) = -1.404000

Equation solved.

fsolve completed because the vector of function values is near zero
as measured by the selected value of the function tolerance, and
the problem appears regular as measured by the gradient.



con2cov: iterations = 35316, max. relative error = 1.131922e-15
Fine stability1 = 213.597074 at x0(EZ) = -1.403000

Equation solved.

fsolve completed because the vector of function values is near zero
as measured by the selected value of the function tolerance, and
the problem appears regular as measured by the gradient.



con2cov: iterations = 35315, max. relative error = 1.132024e-15
Fine stability1 = 213.588434 at x0(EZ) = -1.402000

Equation solved.

fsolve completed because the vector of function values is near zero
as measured by the selected value of the function tolerance, and
the problem appears regular as measured by the gradient.



con2cov: iterations = 35314, max. relative error = 1.132127e-15
Fine stability1 = 213.579793 at x0(EZ) = -1.401000
Saved StabilityMatrix_K45_EZ23_to_78.mat successfully.
