
                            < M A T L A B (R) >
                  Copyright 1984-2014 The MathWorks, Inc.
                   R2014b (8.4.0.150421) 64-bit (glnxa64)
                             September 15, 2014

 
To get started, type one of these: helpwin, helpdesk, or demo.
For product information, visit www.mathworks.com.
 
    ----------------------------------------------------
	Your MATLAB license will expire in 43 days.
	Please contact your system administrator or
	MathWorks to renew this license.
    ----------------------------------------------------

x0_EZ_range1 =

  Columns 1 through 3

  -1.500000000000000  -1.490000000000000  -1.480000000000000

  Columns 4 through 6

  -1.470000000000000  -1.460000000000000  -1.450000000000000

  Columns 7 through 9

  -1.440000000000000  -1.430000000000000  -1.420000000000000

  Columns 10 through 12

  -1.410000000000000  -1.400000000000000  -1.390000000000000

  Columns 13 through 15

  -1.380000000000000  -1.370000000000000  -1.360000000000000

  Columns 16 through 18

  -1.350000000000000  -1.340000000000000  -1.330000000000000

  Columns 19 through 21

  -1.320000000000000  -1.310000000000000  -1.300000000000000

  Columns 22 through 24

  -1.290000000000000  -1.280000000000000  -1.270000000000000

  Columns 25 through 27

  -1.260000000000000  -1.250000000000000  -1.240000000000000

  Columns 28 through 30

  -1.230000000000000  -1.220000000000000  -1.210000000000000

  Columns 31 through 33

  -1.200000000000000  -1.190000000000000  -1.180000000000000

  Columns 34 through 36

  -1.170000000000000  -1.160000000000000  -1.150000000000000

  Columns 37 through 39

  -1.140000000000000  -1.130000000000000  -1.120000000000000

  Columns 40 through 42

  -1.110000000000000  -1.100000000000000  -1.090000000000000

  Columns 43 through 45

  -1.080000000000000  -1.070000000000000  -1.060000000000000

  Columns 46 through 48

  -1.050000000000000  -1.040000000000000  -1.030000000000000

  Columns 49 through 51

  -1.020000000000000  -1.010000000000000  -1.000000000000000

  Columns 1 through 3

  -1.500000000000000  -1.490000000000000  -1.480000000000000

  Columns 4 through 6

  -1.470000000000000  -1.460000000000000  -1.450000000000000

  Columns 7 through 9

  -1.440000000000000  -1.430000000000000  -1.420000000000000

  Columns 10 through 12

  -1.410000000000000  -1.400000000000000  -1.390000000000000

  Columns 13 through 15

  -1.380000000000000  -1.370000000000000  -1.360000000000000

  Columns 16 through 18

  -1.350000000000000  -1.340000000000000  -1.330000000000000

  Columns 19 through 21

  -1.320000000000000  -1.310000000000000  -1.300000000000000

  Columns 22 through 24

  -1.290000000000000  -1.280000000000000  -1.270000000000000

  Columns 25 through 27

  -1.260000000000000  -1.250000000000000  -1.240000000000000

  Columns 28 through 30

  -1.230000000000000  -1.220000000000000  -1.210000000000000

  Columns 31 through 33

  -1.200000000000000  -1.190000000000000  -1.180000000000000

  Columns 34 through 36

  -1.170000000000000  -1.160000000000000  -1.150000000000000

  Columns 37 through 39

  -1.140000000000000  -1.130000000000000  -1.120000000000000

  Columns 40 through 42

  -1.110000000000000  -1.100000000000000  -1.090000000000000

  Columns 43 through 45

  -1.080000000000000  -1.070000000000000  -1.060000000000000

  Columns 46 through 48

  -1.050000000000000  -1.040000000000000  -1.030000000000000

  Columns 49 through 51

  -1.020000000000000  -1.010000000000000  -1.000000000000000

Processing original EZ = 23

Equation solved.

fsolve completed because the vector of function values is near zero
as measured by the selected value of the function tolerance, and
the problem appears regular as measured by the gradient.



Exit flag: 1
con2cov: iterations = 35308, max. relative error = 1.299924e-15
stability1 = 215.437051 at x0(EZ) = -1.500000

Equation solved.

fsolve completed because the vector of function values is near zero
as measured by the selected value of the function tolerance, and
the problem appears regular as measured by the gradient.



Exit flag: 1
con2cov: iterations = 35297, max. relative error = 1.300488e-15
stability1 = 215.354715 at x0(EZ) = -1.490000

Equation solved.

fsolve completed because the vector of function values is near zero
as measured by the selected value of the function tolerance, and
the problem appears regular as measured by the gradient.



Exit flag: 1
con2cov: iterations = 35287, max. relative error = 1.299925e-15
stability1 = 215.272354 at x0(EZ) = -1.480000

Equation solved.

fsolve completed because the vector of function values is near zero
as measured by the selected value of the function tolerance, and
the problem appears regular as measured by the gradient.



Exit flag: 1
con2cov: iterations = 35276, max. relative error = 1.300505e-15
stability1 = 215.189967 at x0(EZ) = -1.470000

Equation solved.

fsolve completed because the vector of function values is near zero
as measured by the selected value of the function tolerance, and
the problem appears regular as measured by the gradient.



Exit flag: 1
con2cov: iterations = 35265, max. relative error = 1.301094e-15
stability1 = 215.107555 at x0(EZ) = -1.460000

Equation solved.

fsolve completed because the vector of function values is near zero
as measured by the selected value of the function tolerance, and
the problem appears regular as measured by the gradient.



Exit flag: 1
con2cov: iterations = 35255, max. relative error = 1.300553e-15
stability1 = 215.025119 at x0(EZ) = -1.450000

Equation solved.

fsolve completed because the vector of function values is near zero
as measured by the selected value of the function tolerance, and
the problem appears regular as measured by the gradient.



Exit flag: 1
con2cov: iterations = 35244, max. relative error = 1.301157e-15
stability1 = 214.942658 at x0(EZ) = -1.440000

Equation solved.

fsolve completed because the vector of function values is near zero
as measured by the selected value of the function tolerance, and
the problem appears regular as measured by the gradient.



Exit flag: 1
con2cov: iterations = 35233, max. relative error = 1.301770e-15
stability1 = 214.860174 at x0(EZ) = -1.430000

Equation solved.

fsolve completed because the vector of function values is near zero
as measured by the selected value of the function tolerance, and
the problem appears regular as measured by the gradient.



Exit flag: 1
con2cov: iterations = 35223, max. relative error = 1.301252e-15
stability1 = 214.777665 at x0(EZ) = -1.420000

Equation solved.

fsolve completed because the vector of function values is near zero
as measured by the selected value of the function tolerance, and
the problem appears regular as measured by the gradient.



Exit flag: 1
con2cov: iterations = 35212, max. relative error = 1.301881e-15
stability1 = 214.695134 at x0(EZ) = -1.410000

Equation solved.

fsolve completed because the vector of function values is near zero
as measured by the selected value of the function tolerance, and
the problem appears regular as measured by the gradient.



Exit flag: 1
con2cov: iterations = 35202, max. relative error = 1.301377e-15
stability1 = 214.612579 at x0(EZ) = -1.400000

Equation solved.

fsolve completed because the vector of function values is near zero
as measured by the selected value of the function tolerance, and
the problem appears regular as measured by the gradient.



Exit flag: 1
con2cov: iterations = 35191, max. relative error = 1.302021e-15
stability1 = 214.530001 at x0(EZ) = -1.390000

Equation solved.

fsolve completed because the vector of function values is near zero
as measured by the selected value of the function tolerance, and
the problem appears regular as measured by the gradient.



Exit flag: 1
con2cov: iterations = 35180, max. relative error = 1.302674e-15
stability1 = 214.447401 at x0(EZ) = -1.380000

Equation solved.

fsolve completed because the vector of function values is near zero
as measured by the selected value of the function tolerance, and
the problem appears regular as measured by the gradient.



Exit flag: 1
con2cov: iterations = 35170, max. relative error = 1.302192e-15
stability1 = 214.364778 at x0(EZ) = -1.370000

Equation solved.

fsolve completed because the vector of function values is near zero
as measured by the selected value of the function tolerance, and
the problem appears regular as measured by the gradient.



Exit flag: 1
con2cov: iterations = 35159, max. relative error = 1.302860e-15
stability1 = 214.282134 at x0(EZ) = -1.360000

Equation solved.

fsolve completed because the vector of function values is near zero
as measured by the selected value of the function tolerance, and
the problem appears regular as measured by the gradient.



Exit flag: 1
con2cov: iterations = 35149, max. relative error = 1.302393e-15
stability1 = 214.199469 at x0(EZ) = -1.350000

Equation solved.

fsolve completed because the vector of function values is near zero
as measured by the selected value of the function tolerance, and
the problem appears regular as measured by the gradient.



Exit flag: 1
con2cov: iterations = 35138, max. relative error = 1.303076e-15
stability1 = 214.116782 at x0(EZ) = -1.340000

Equation solved.

fsolve completed because the vector of function values is near zero
as measured by the selected value of the function tolerance, and
the problem appears regular as measured by the gradient.



Exit flag: 1
con2cov: iterations = 35128, max. relative error = 1.302623e-15
stability1 = 214.034075 at x0(EZ) = -1.330000

Equation solved.

fsolve completed because the vector of function values is near zero
as measured by the selected value of the function tolerance, and
the problem appears regular as measured by the gradient.



Exit flag: 1
con2cov: iterations = 35117, max. relative error = 1.303322e-15
stability1 = 213.951348 at x0(EZ) = -1.320000

Equation solved.

fsolve completed because the vector of function values is near zero
as measured by the selected value of the function tolerance, and
the problem appears regular as measured by the gradient.



Exit flag: 1
con2cov: iterations = 35107, max. relative error = 1.302883e-15
stability1 = 213.868600 at x0(EZ) = -1.310000

Equation solved.

fsolve completed because the vector of function values is near zero
as measured by the selected value of the function tolerance, and
the problem appears regular as measured by the gradient.



Exit flag: 1
con2cov: iterations = 35096, max. relative error = 1.303597e-15
stability1 = 213.785834 at x0(EZ) = -1.300000

Equation solved.

fsolve completed because the vector of function values is near zero
as measured by the selected value of the function tolerance, and
the problem appears regular as measured by the gradient.



Exit flag: 1
con2cov: iterations = 35086, max. relative error = 1.303172e-15
stability1 = 213.703048 at x0(EZ) = -1.290000

Equation solved.

fsolve completed because the vector of function values is near zero
as measured by the selected value of the function tolerance, and
the problem appears regular as measured by the gradient.



Exit flag: 1
con2cov: iterations = 35075, max. relative error = 1.303901e-15
stability1 = 213.620244 at x0(EZ) = -1.280000

Equation solved.

fsolve completed because the vector of function values is near zero
as measured by the selected value of the function tolerance, and
the problem appears regular as measured by the gradient.



Exit flag: 1
con2cov: iterations = 35065, max. relative error = 1.303490e-15
stability1 = 213.537422 at x0(EZ) = -1.270000

Equation solved.

fsolve completed because the vector of function values is near zero
as measured by the selected value of the function tolerance, and
the problem appears regular as measured by the gradient.



Exit flag: 1
con2cov: iterations = 35054, max. relative error = 1.304234e-15
stability1 = 213.454581 at x0(EZ) = -1.260000

Equation solved, inaccuracy possible.

The vector of function values is near zero, as measured by the selected value
of the function tolerance. However, the last step was ineffective.



Exit flag: 3
con2cov: iterations = 35044, max. relative error = 1.303837e-15
stability1 = 213.371724 at x0(EZ) = -1.250000

Equation solved.

fsolve completed because the vector of function values is near zero
as measured by the selected value of the function tolerance, and
the problem appears regular as measured by the gradient.



Exit flag: 1
con2cov: iterations = 35033, max. relative error = 1.304596e-15
stability1 = 213.288850 at x0(EZ) = -1.240000

Equation solved.

fsolve completed because the vector of function values is near zero
as measured by the selected value of the function tolerance, and
the problem appears regular as measured by the gradient.



Exit flag: 1
con2cov: iterations = 35023, max. relative error = 1.304213e-15
[Warning: stability1 is not a real number or is NaN at x0(EZ) = -1.230000] 
[> In mainK43 at 87
  In run at 63] 

Equation solved.

fsolve completed because the vector of function values is near zero
as measured by the selected value of the function tolerance, and
the problem appears regular as measured by the gradient.



con2cov: iterations = 35032, max. relative error = 1.304557e-15
Fine stability1 = 213.280562 at x0(EZ) = -1.239000

Equation solved.

fsolve completed because the vector of function values is near zero
as measured by the selected value of the function tolerance, and
the problem appears regular as measured by the gradient.



con2cov: iterations = 35031, max. relative error = 1.304519e-15
Fine stability1 = 213.272273 at x0(EZ) = -1.238000

Equation solved.

fsolve completed because the vector of function values is near zero
as measured by the selected value of the function tolerance, and
the problem appears regular as measured by the gradient.



con2cov: iterations = 35030, max. relative error = 1.304480e-15
Fine stability1 = 213.263985 at x0(EZ) = -1.237000

Equation solved.

fsolve completed because the vector of function values is near zero
as measured by the selected value of the function tolerance, and
the problem appears regular as measured by the gradient.



con2cov: iterations = 35029, max. relative error = 1.304442e-15
Fine stability1 = 213.255696 at x0(EZ) = -1.236000

Equation solved.

fsolve completed because the vector of function values is near zero
as measured by the selected value of the function tolerance, and
the problem appears regular as measured by the gradient.



con2cov: iterations = 35028, max. relative error = 1.304403e-15
Fine stability1 = 213.247407 at x0(EZ) = -1.235000

Equation solved.

fsolve completed because the vector of function values is near zero
as measured by the selected value of the function tolerance, and
the problem appears regular as measured by the gradient.



con2cov: iterations = 35027, max. relative error = 1.304365e-15
Fine stability1 = 213.239118 at x0(EZ) = -1.234000

Equation solved.

fsolve completed because the vector of function values is near zero
as measured by the selected value of the function tolerance, and
the problem appears regular as measured by the gradient.



con2cov: iterations = 35026, max. relative error = 1.304327e-15
Fine stability1 = 213.230829 at x0(EZ) = -1.233000

Equation solved.

fsolve completed because the vector of function values is near zero
as measured by the selected value of the function tolerance, and
the problem appears regular as measured by the gradient.



con2cov: iterations = 35025, max. relative error = 1.304289e-15
Fine stability1 = 213.222539 at x0(EZ) = -1.232000

Equation solved.

fsolve completed because the vector of function values is near zero
as measured by the selected value of the function tolerance, and
the problem appears regular as measured by the gradient.



con2cov: iterations = 35024, max. relative error = 1.304251e-15
Fine stability1 = 213.214250 at x0(EZ) = -1.231000
Processing original EZ = 27

Equation solved.

fsolve completed because the vector of function values is near zero
as measured by the selected value of the function tolerance, and
the problem appears regular as measured by the gradient.



Exit flag: 1
con2cov: iterations = 35243, max. relative error = 1.237758e-15
stability1 = 215.319642 at x0(EZ) = -1.500000

Equation solved.

fsolve completed because the vector of function values is near zero
as measured by the selected value of the function tolerance, and
the problem appears regular as measured by the gradient.



Exit flag: 1
con2cov: iterations = 35232, max. relative error = 1.236420e-15
stability1 = 215.235998 at x0(EZ) = -1.490000

Equation solved.

fsolve completed because the vector of function values is near zero
as measured by the selected value of the function tolerance, and
the problem appears regular as measured by the gradient.



Exit flag: 1
con2cov: iterations = 35220, max. relative error = 1.236165e-15
stability1 = 215.152330 at x0(EZ) = -1.480000

Equation solved.

fsolve completed because the vector of function values is near zero
as measured by the selected value of the function tolerance, and
the problem appears regular as measured by the gradient.



Exit flag: 1
con2cov: iterations = 35208, max. relative error = 1.235912e-15
stability1 = 215.068637 at x0(EZ) = -1.470000

Equation solved.

fsolve completed because the vector of function values is near zero
as measured by the selected value of the function tolerance, and
the problem appears regular as measured by the gradient.



Exit flag: 1
con2cov: iterations = 35197, max. relative error = 1.234582e-15
stability1 = 214.984921 at x0(EZ) = -1.460000

Equation solved.

fsolve completed because the vector of function values is near zero
as measured by the selected value of the function tolerance, and
the problem appears regular as measured by the gradient.



Exit flag: 1
con2cov: iterations = 35185, max. relative error = 1.234333e-15
stability1 = 214.901180 at x0(EZ) = -1.450000

Equation solved.

fsolve completed because the vector of function values is near zero
as measured by the selected value of the function tolerance, and
the problem appears regular as measured by the gradient.



Exit flag: 1
con2cov: iterations = 35174, max. relative error = 1.233007e-15
stability1 = 214.817416 at x0(EZ) = -1.440000

Equation solved.

fsolve completed because the vector of function values is near zero
as measured by the selected value of the function tolerance, and
the problem appears regular as measured by the gradient.



Exit flag: 1
con2cov: iterations = 35162, max. relative error = 1.232763e-15
stability1 = 214.733628 at x0(EZ) = -1.430000

Equation solved.

fsolve completed because the vector of function values is near zero
as measured by the selected value of the function tolerance, and
the problem appears regular as measured by the gradient.



Exit flag: 1
con2cov: iterations = 35150, max. relative error = 1.232520e-15
stability1 = 214.649816 at x0(EZ) = -1.420000

Equation solved.

fsolve completed because the vector of function values is near zero
as measured by the selected value of the function tolerance, and
the problem appears regular as measured by the gradient.



Exit flag: 1
con2cov: iterations = 35139, max. relative error = 1.231201e-15
stability1 = 214.565981 at x0(EZ) = -1.410000

Equation solved.

fsolve completed because the vector of function values is near zero
as measured by the selected value of the function tolerance, and
the problem appears regular as measured by the gradient.



Exit flag: 1
con2cov: iterations = 35127, max. relative error = 1.230963e-15
stability1 = 214.482122 at x0(EZ) = -1.400000

Equation solved.

fsolve completed because the vector of function values is near zero
as measured by the selected value of the function tolerance, and
the problem appears regular as measured by the gradient.



Exit flag: 1
con2cov: iterations = 35116, max. relative error = 1.229647e-15
stability1 = 214.398240 at x0(EZ) = -1.390000

Equation solved.

fsolve completed because the vector of function values is near zero
as measured by the selected value of the function tolerance, and
the problem appears regular as measured by the gradient.



Exit flag: 1
con2cov: iterations = 35104, max. relative error = 1.229413e-15
stability1 = 214.314335 at x0(EZ) = -1.380000

Equation solved.

fsolve completed because the vector of function values is near zero
as measured by the selected value of the function tolerance, and
the problem appears regular as measured by the gradient.



Exit flag: 1
con2cov: iterations = 35093, max. relative error = 1.228102e-15
stability1 = 214.230407 at x0(EZ) = -1.370000

Equation solved.

fsolve completed because the vector of function values is near zero
as measured by the selected value of the function tolerance, and
the problem appears regular as measured by the gradient.



Exit flag: 1
con2cov: iterations = 35081, max. relative error = 1.227871e-15
stability1 = 214.146456 at x0(EZ) = -1.360000

Equation solved.

fsolve completed because the vector of function values is near zero
as measured by the selected value of the function tolerance, and
the problem appears regular as measured by the gradient.



Exit flag: 1
con2cov: iterations = 35070, max. relative error = 1.226565e-15
stability1 = 214.062482 at x0(EZ) = -1.350000

Equation solved.

fsolve completed because the vector of function values is near zero
as measured by the selected value of the function tolerance, and
the problem appears regular as measured by the gradient.



Exit flag: 1
con2cov: iterations = 35058, max. relative error = 1.226338e-15
stability1 = 213.978486 at x0(EZ) = -1.340000

Equation solved.

fsolve completed because the vector of function values is near zero
as measured by the selected value of the function tolerance, and
the problem appears regular as measured by the gradient.



Exit flag: 1
con2cov: iterations = 35047, max. relative error = 1.225035e-15
stability1 = 213.894468 at x0(EZ) = -1.330000

Equation solved.

fsolve completed because the vector of function values is near zero
as measured by the selected value of the function tolerance, and
the problem appears regular as measured by the gradient.



Exit flag: 1
con2cov: iterations = 35035, max. relative error = 1.224811e-15
stability1 = 213.810427 at x0(EZ) = -1.320000

Equation solved.

fsolve completed because the vector of function values is near zero
as measured by the selected value of the function tolerance, and
the problem appears regular as measured by the gradient.



Exit flag: 1
con2cov: iterations = 35024, max. relative error = 1.223513e-15
stability1 = 213.726364 at x0(EZ) = -1.310000

Equation solved, inaccuracy possible.

The vector of function values is near zero, as measured by the selected value
of the function tolerance. However, the last step was ineffective.



Exit flag: 3
con2cov: iterations = 35012, max. relative error = 1.223292e-15
stability1 = 213.642278 at x0(EZ) = -1.300000

Equation solved.

fsolve completed because the vector of function values is near zero
as measured by the selected value of the function tolerance, and
the problem appears regular as measured by the gradient.



Exit flag: 1
con2cov: iterations = 35001, max. relative error = 1.221998e-15
stability1 = 213.558172 at x0(EZ) = -1.290000

Equation solved.

fsolve completed because the vector of function values is near zero
as measured by the selected value of the function tolerance, and
the problem appears regular as measured by the gradient.



Exit flag: 1
con2cov: iterations = 34989, max. relative error = 1.221780e-15
stability1 = 213.474043 at x0(EZ) = -1.280000

Equation solved.

fsolve completed because the vector of function values is near zero
as measured by the selected value of the function tolerance, and
the problem appears regular as measured by the gradient.



Exit flag: 1
con2cov: iterations = 34978, max. relative error = 1.220489e-15
stability1 = 213.389893 at x0(EZ) = -1.270000

Equation solved.

fsolve completed because the vector of function values is near zero
as measured by the selected value of the function tolerance, and
the problem appears regular as measured by the gradient.



Exit flag: 1
con2cov: iterations = 34966, max. relative error = 1.220275e-15
stability1 = 213.305721 at x0(EZ) = -1.260000

Equation solved.

fsolve completed because the vector of function values is near zero
as measured by the selected value of the function tolerance, and
the problem appears regular as measured by the gradient.



Exit flag: 1
con2cov: iterations = 34955, max. relative error = 1.218987e-15
stability1 = 213.221528 at x0(EZ) = -1.250000

Equation solved.

fsolve completed because the vector of function values is near zero
as measured by the selected value of the function tolerance, and
the problem appears regular as measured by the gradient.



Exit flag: 1
con2cov: iterations = 34943, max. relative error = 1.218776e-15
stability1 = 213.137314 at x0(EZ) = -1.240000

Equation solved.

fsolve completed because the vector of function values is near zero
as measured by the selected value of the function tolerance, and
the problem appears regular as measured by the gradient.



Exit flag: 1
con2cov: iterations = 34932, max. relative error = 1.217492e-15
stability1 = 213.053080 at x0(EZ) = -1.230000

Equation solved.

fsolve completed because the vector of function values is near zero
as measured by the selected value of the function tolerance, and
the problem appears regular as measured by the gradient.



Exit flag: 1
con2cov: iterations = 34921, max. relative error = 1.216210e-15
stability1 = 212.968824 at x0(EZ) = -1.220000

Equation solved.

fsolve completed because the vector of function values is near zero
as measured by the selected value of the function tolerance, and
the problem appears regular as measured by the gradient.



Exit flag: 1
con2cov: iterations = 34909, max. relative error = 1.216003e-15
stability1 = 212.884548 at x0(EZ) = -1.210000

Equation solved.

fsolve completed because the vector of function values is near zero
as measured by the selected value of the function tolerance, and
the problem appears regular as measured by the gradient.



Exit flag: 1
con2cov: iterations = 34898, max. relative error = 1.214724e-15
stability1 = 212.800252 at x0(EZ) = -1.200000

Equation solved.

fsolve completed because the vector of function values is near zero
as measured by the selected value of the function tolerance, and
the problem appears regular as measured by the gradient.



Exit flag: 1
con2cov: iterations = 34886, max. relative error = 1.214519e-15
stability1 = 212.715935 at x0(EZ) = -1.190000

Equation solved.

fsolve completed because the vector of function values is near zero
as measured by the selected value of the function tolerance, and
the problem appears regular as measured by the gradient.



Exit flag: 1
con2cov: iterations = 34875, max. relative error = 1.213243e-15
stability1 = 212.631599 at x0(EZ) = -1.180000

Equation solved.

fsolve completed because the vector of function values is near zero
as measured by the selected value of the function tolerance, and
the problem appears regular as measured by the gradient.



Exit flag: 1
con2cov: iterations = 34863, max. relative error = 1.213041e-15
stability1 = 212.547242 at x0(EZ) = -1.170000

Equation solved.

fsolve completed because the vector of function values is near zero
as measured by the selected value of the function tolerance, and
the problem appears regular as measured by the gradient.



Exit flag: 1
con2cov: iterations = 34852, max. relative error = 1.211768e-15
stability1 = 212.462866 at x0(EZ) = -1.160000

Equation solved.

fsolve completed because the vector of function values is near zero
as measured by the selected value of the function tolerance, and
the problem appears regular as measured by the gradient.



Exit flag: 1
con2cov: iterations = 34841, max. relative error = 1.210497e-15
stability1 = 212.378470 at x0(EZ) = -1.150000

Equation solved.

fsolve completed because the vector of function values is near zero
as measured by the selected value of the function tolerance, and
the problem appears regular as measured by the gradient.



Exit flag: 1
con2cov: iterations = 34829, max. relative error = 1.210298e-15
stability1 = 212.294055 at x0(EZ) = -1.140000

Equation solved.

fsolve completed because the vector of function values is near zero
as measured by the selected value of the function tolerance, and
the problem appears regular as measured by the gradient.



Exit flag: 1
con2cov: iterations = 34818, max. relative error = 1.209030e-15
stability1 = 212.209622 at x0(EZ) = -1.130000

Equation solved.

fsolve completed because the vector of function values is near zero
as measured by the selected value of the function tolerance, and
the problem appears regular as measured by the gradient.



Exit flag: 1
con2cov: iterations = 34807, max. relative error = 1.207763e-15
stability1 = 212.125169 at x0(EZ) = -1.120000

Equation solved.

fsolve completed because the vector of function values is near zero
as measured by the selected value of the function tolerance, and
the problem appears regular as measured by the gradient.



Exit flag: 1
con2cov: iterations = 34795, max. relative error = 1.207568e-15
stability1 = 212.040697 at x0(EZ) = -1.110000

Equation solved, inaccuracy possible.

The vector of function values is near zero, as measured by the selected value
of the function tolerance. However, the last step was ineffective.



Exit flag: 3
con2cov: iterations = 34784, max. relative error = 1.206304e-15
stability1 = 211.956207 at x0(EZ) = -1.100000

Equation solved.

fsolve completed because the vector of function values is near zero
as measured by the selected value of the function tolerance, and
the problem appears regular as measured by the gradient.



Exit flag: 1
con2cov: iterations = 34772, max. relative error = 1.206110e-15
stability1 = 211.871699 at x0(EZ) = -1.090000

Equation solved.

fsolve completed because the vector of function values is near zero
as measured by the selected value of the function tolerance, and
the problem appears regular as measured by the gradient.



Exit flag: 1
con2cov: iterations = 34761, max. relative error = 1.204848e-15
stability1 = 211.787173 at x0(EZ) = -1.080000

Equation solved.

fsolve completed because the vector of function values is near zero
as measured by the selected value of the function tolerance, and
the problem appears regular as measured by the gradient.



Exit flag: 1
con2cov: iterations = 34750, max. relative error = 1.203588e-15
stability1 = 211.702629 at x0(EZ) = -1.070000

Equation solved.

fsolve completed because the vector of function values is near zero
as measured by the selected value of the function tolerance, and
the problem appears regular as measured by the gradient.



Exit flag: 1
con2cov: iterations = 34738, max. relative error = 1.203397e-15
stability1 = 211.618068 at x0(EZ) = -1.060000

Equation solved.

fsolve completed because the vector of function values is near zero
as measured by the selected value of the function tolerance, and
the problem appears regular as measured by the gradient.



Exit flag: 1
con2cov: iterations = 34727, max. relative error = 1.202140e-15
stability1 = 211.533489 at x0(EZ) = -1.050000

Equation solved.

fsolve completed because the vector of function values is near zero
as measured by the selected value of the function tolerance, and
the problem appears regular as measured by the gradient.



Exit flag: 1
con2cov: iterations = 34716, max. relative error = 1.200883e-15
stability1 = 211.448893 at x0(EZ) = -1.040000

Equation solved, inaccuracy possible.

The vector of function values is near zero, as measured by the selected value
of the function tolerance. However, the last step was ineffective.



Exit flag: 3
con2cov: iterations = 34704, max. relative error = 1.200695e-15
stability1 = 211.364280 at x0(EZ) = -1.030000

Equation solved.

fsolve completed because the vector of function values is near zero
as measured by the selected value of the function tolerance, and
the problem appears regular as measured by the gradient.



Exit flag: 1
con2cov: iterations = 34693, max. relative error = 1.199440e-15
stability1 = 211.279650 at x0(EZ) = -1.020000

Equation solved, inaccuracy possible.

The vector of function values is near zero, as measured by the selected value
of the function tolerance. However, the last step was ineffective.



Exit flag: 3
con2cov: iterations = 34682, max. relative error = 1.198187e-15
stability1 = 211.195005 at x0(EZ) = -1.010000

Equation solved.

fsolve completed because the vector of function values is near zero
as measured by the selected value of the function tolerance, and
the problem appears regular as measured by the gradient.



Exit flag: 1
con2cov: iterations = 34671, max. relative error = 1.197346e-15
stability1 = 211.110342 at x0(EZ) = -1.000000
Processing original EZ = 72

Equation solved.

fsolve completed because the vector of function values is near zero
as measured by the selected value of the function tolerance, and
the problem appears regular as measured by the gradient.



Exit flag: 1
con2cov: iterations = 35356, max. relative error = 1.179106e-15
stability1 = 215.490796 at x0(EZ) = -1.500000

Equation solved.

fsolve completed because the vector of function values is near zero
as measured by the selected value of the function tolerance, and
the problem appears regular as measured by the gradient.



Exit flag: 1
con2cov: iterations = 35346, max. relative error = 1.177673e-15
stability1 = 215.409130 at x0(EZ) = -1.490000

Equation solved.

fsolve completed because the vector of function values is near zero
as measured by the selected value of the function tolerance, and
the problem appears regular as measured by the gradient.



Exit flag: 1
con2cov: iterations = 35336, max. relative error = 1.176245e-15
stability1 = 215.327440 at x0(EZ) = -1.480000

Equation solved.

fsolve completed because the vector of function values is near zero
as measured by the selected value of the function tolerance, and
the problem appears regular as measured by the gradient.



Exit flag: 1
con2cov: iterations = 35326, max. relative error = 1.174824e-15
stability1 = 215.245725 at x0(EZ) = -1.470000

Equation solved.

fsolve completed because the vector of function values is near zero
as measured by the selected value of the function tolerance, and
the problem appears regular as measured by the gradient.



Exit flag: 1
con2cov: iterations = 35316, max. relative error = 1.173409e-15
stability1 = 215.163986 at x0(EZ) = -1.460000

Equation solved.

fsolve completed because the vector of function values is near zero
as measured by the selected value of the function tolerance, and
the problem appears regular as measured by the gradient.



Exit flag: 1
con2cov: iterations = 35306, max. relative error = 1.171999e-15
stability1 = 215.082223 at x0(EZ) = -1.450000

Equation solved.

fsolve completed because the vector of function values is near zero
as measured by the selected value of the function tolerance, and
the problem appears regular as measured by the gradient.



Exit flag: 1
con2cov: iterations = 35296, max. relative error = 1.170595e-15
stability1 = 215.000437 at x0(EZ) = -1.440000

Equation solved.

fsolve completed because the vector of function values is near zero
as measured by the selected value of the function tolerance, and
the problem appears regular as measured by the gradient.



Exit flag: 1
con2cov: iterations = 35286, max. relative error = 1.169196e-15
stability1 = 214.918627 at x0(EZ) = -1.430000

Equation solved.

fsolve completed because the vector of function values is near zero
as measured by the selected value of the function tolerance, and
the problem appears regular as measured by the gradient.



Exit flag: 1
con2cov: iterations = 35277, max. relative error = 1.166781e-15
stability1 = 214.836795 at x0(EZ) = -1.420000

Equation solved.

fsolve completed because the vector of function values is near zero
as measured by the selected value of the function tolerance, and
the problem appears regular as measured by the gradient.



Exit flag: 1
con2cov: iterations = 35267, max. relative error = 1.165395e-15
stability1 = 214.754941 at x0(EZ) = -1.410000

Equation solved.

fsolve completed because the vector of function values is near zero
as measured by the selected value of the function tolerance, and
the problem appears regular as measured by the gradient.



Exit flag: 1
con2cov: iterations = 35257, max. relative error = 1.164014e-15
stability1 = 214.673064 at x0(EZ) = -1.400000

Equation solved.

fsolve completed because the vector of function values is near zero
as measured by the selected value of the function tolerance, and
the problem appears regular as measured by the gradient.



Exit flag: 1
con2cov: iterations = 35247, max. relative error = 1.162638e-15
stability1 = 214.591166 at x0(EZ) = -1.390000

Equation solved.

fsolve completed because the vector of function values is near zero
as measured by the selected value of the function tolerance, and
the problem appears regular as measured by the gradient.



Exit flag: 1
con2cov: iterations = 35237, max. relative error = 1.161267e-15
stability1 = 214.509246 at x0(EZ) = -1.380000

Equation solved.

fsolve completed because the vector of function values is near zero
as measured by the selected value of the function tolerance, and
the problem appears regular as measured by the gradient.



Exit flag: 1
con2cov: iterations = 35227, max. relative error = 1.159902e-15
stability1 = 214.427306 at x0(EZ) = -1.370000

Equation solved.

fsolve completed because the vector of function values is near zero
as measured by the selected value of the function tolerance, and
the problem appears regular as measured by the gradient.



Exit flag: 1
con2cov: iterations = 35217, max. relative error = 1.158542e-15
stability1 = 214.345346 at x0(EZ) = -1.360000

Equation solved.

fsolve completed because the vector of function values is near zero
as measured by the selected value of the function tolerance, and
the problem appears regular as measured by the gradient.



Exit flag: 1
con2cov: iterations = 35207, max. relative error = 1.157187e-15
stability1 = 214.263365 at x0(EZ) = -1.350000

Equation solved.

fsolve completed because the vector of function values is near zero
as measured by the selected value of the function tolerance, and
the problem appears regular as measured by the gradient.



Exit flag: 1
con2cov: iterations = 35197, max. relative error = 1.155837e-15
stability1 = 214.181365 at x0(EZ) = -1.340000

Equation solved.

fsolve completed because the vector of function values is near zero
as measured by the selected value of the function tolerance, and
the problem appears regular as measured by the gradient.



Exit flag: 1
con2cov: iterations = 35187, max. relative error = 1.154492e-15
stability1 = 214.099346 at x0(EZ) = -1.330000

Equation solved.

fsolve completed because the vector of function values is near zero
as measured by the selected value of the function tolerance, and
the problem appears regular as measured by the gradient.



Exit flag: 1
con2cov: iterations = 35178, max. relative error = 1.152570e-15
stability1 = 214.017308 at x0(EZ) = -1.320000

Equation solved.

fsolve completed because the vector of function values is near zero
as measured by the selected value of the function tolerance, and
the problem appears regular as measured by the gradient.



Exit flag: 1
con2cov: iterations = 35168, max. relative error = 1.152837e-15
stability1 = 213.935252 at x0(EZ) = -1.310000

Equation solved.

fsolve completed because the vector of function values is near zero
as measured by the selected value of the function tolerance, and
the problem appears regular as measured by the gradient.



Exit flag: 1
con2cov: iterations = 35158, max. relative error = 1.153113e-15
stability1 = 213.853178 at x0(EZ) = -1.300000

Equation solved.

fsolve completed because the vector of function values is near zero
as measured by the selected value of the function tolerance, and
the problem appears regular as measured by the gradient.



Exit flag: 1
con2cov: iterations = 35148, max. relative error = 1.153397e-15
stability1 = 213.771088 at x0(EZ) = -1.290000

Equation solved.

fsolve completed because the vector of function values is near zero
as measured by the selected value of the function tolerance, and
the problem appears regular as measured by the gradient.



Exit flag: 1
con2cov: iterations = 35138, max. relative error = 1.153689e-15
[Warning: stability1 is not a real number or is NaN at x0(EZ) = -1.280000] 
[> In mainK43 at 87
  In run at 63] 

Equation solved.

fsolve completed because the vector of function values is near zero
as measured by the selected value of the function tolerance, and
the problem appears regular as measured by the gradient.



con2cov: iterations = 35147, max. relative error = 1.153425e-15
Fine stability1 = 213.762878 at x0(EZ) = -1.289000

Equation solved.

fsolve completed because the vector of function values is near zero
as measured by the selected value of the function tolerance, and
the problem appears regular as measured by the gradient.



con2cov: iterations = 35146, max. relative error = 1.153454e-15
Fine stability1 = 213.754667 at x0(EZ) = -1.288000

Equation solved.

fsolve completed because the vector of function values is near zero
as measured by the selected value of the function tolerance, and
the problem appears regular as measured by the gradient.



con2cov: iterations = 35145, max. relative error = 1.153483e-15
Fine stability1 = 213.746457 at x0(EZ) = -1.287000

Equation solved.

fsolve completed because the vector of function values is near zero
as measured by the selected value of the function tolerance, and
the problem appears regular as measured by the gradient.



con2cov: iterations = 35144, max. relative error = 1.153512e-15
Fine stability1 = 213.738247 at x0(EZ) = -1.286000

Equation solved.

fsolve completed because the vector of function values is near zero
as measured by the selected value of the function tolerance, and
the problem appears regular as measured by the gradient.



con2cov: iterations = 35143, max. relative error = 1.153542e-15
Fine stability1 = 213.730036 at x0(EZ) = -1.285000

Equation solved.

fsolve completed because the vector of function values is near zero
as measured by the selected value of the function tolerance, and
the problem appears regular as measured by the gradient.



con2cov: iterations = 35142, max. relative error = 1.153571e-15
Fine stability1 = 213.721825 at x0(EZ) = -1.284000

Equation solved.

fsolve completed because the vector of function values is near zero
as measured by the selected value of the function tolerance, and
the problem appears regular as measured by the gradient.



con2cov: iterations = 35141, max. relative error = 1.153600e-15
Fine stability1 = 213.713614 at x0(EZ) = -1.283000

Equation solved.

fsolve completed because the vector of function values is near zero
as measured by the selected value of the function tolerance, and
the problem appears regular as measured by the gradient.



con2cov: iterations = 35140, max. relative error = 1.153630e-15
Fine stability1 = 213.705403 at x0(EZ) = -1.282000

Equation solved.

fsolve completed because the vector of function values is near zero
as measured by the selected value of the function tolerance, and
the problem appears regular as measured by the gradient.



con2cov: iterations = 35139, max. relative error = 1.153659e-15
Fine stability1 = 213.697192 at x0(EZ) = -1.281000
Processing original EZ = 76

Equation solved.

fsolve completed because the vector of function values is near zero
as measured by the selected value of the function tolerance, and
the problem appears regular as measured by the gradient.



Exit flag: 1
con2cov: iterations = 35293, max. relative error = 1.246419e-15
stability1 = 215.279976 at x0(EZ) = -1.500000

Equation solved.

fsolve completed because the vector of function values is near zero
as measured by the selected value of the function tolerance, and
the problem appears regular as measured by the gradient.



Exit flag: 1
con2cov: iterations = 35282, max. relative error = 1.245987e-15
stability1 = 215.195791 at x0(EZ) = -1.490000

Equation solved.

fsolve completed because the vector of function values is near zero
as measured by the selected value of the function tolerance, and
the problem appears regular as measured by the gradient.



Exit flag: 1
con2cov: iterations = 35271, max. relative error = 1.245560e-15
stability1 = 215.111581 at x0(EZ) = -1.480000

Equation solved.

fsolve completed because the vector of function values is near zero
as measured by the selected value of the function tolerance, and
the problem appears regular as measured by the gradient.



Exit flag: 1
con2cov: iterations = 35260, max. relative error = 1.245139e-15
stability1 = 215.027346 at x0(EZ) = -1.470000

Equation solved.

fsolve completed because the vector of function values is near zero
as measured by the selected value of the function tolerance, and
the problem appears regular as measured by the gradient.



Exit flag: 1
con2cov: iterations = 35249, max. relative error = 1.244722e-15
stability1 = 214.943086 at x0(EZ) = -1.460000

Equation solved.

fsolve completed because the vector of function values is near zero
as measured by the selected value of the function tolerance, and
the problem appears regular as measured by the gradient.



Exit flag: 1
con2cov: iterations = 35239, max. relative error = 1.243223e-15
stability1 = 214.858801 at x0(EZ) = -1.450000

Equation solved.

fsolve completed because the vector of function values is near zero
as measured by the selected value of the function tolerance, and
the problem appears regular as measured by the gradient.



Exit flag: 1
con2cov: iterations = 35228, max. relative error = 1.242817e-15
stability1 = 214.774492 at x0(EZ) = -1.440000

Equation solved.

fsolve completed because the vector of function values is near zero
as measured by the selected value of the function tolerance, and
the problem appears regular as measured by the gradient.



Exit flag: 1
con2cov: iterations = 35217, max. relative error = 1.242416e-15
stability1 = 214.690158 at x0(EZ) = -1.430000

Equation solved.

fsolve completed because the vector of function values is near zero
as measured by the selected value of the function tolerance, and
the problem appears regular as measured by the gradient.



Exit flag: 1
con2cov: iterations = 35206, max. relative error = 1.242021e-15
stability1 = 214.605799 at x0(EZ) = -1.420000

Equation solved.

fsolve completed because the vector of function values is near zero
as measured by the selected value of the function tolerance, and
the problem appears regular as measured by the gradient.



Exit flag: 1
con2cov: iterations = 35195, max. relative error = 1.241630e-15
stability1 = 214.521416 at x0(EZ) = -1.410000

Equation solved.

fsolve completed because the vector of function values is near zero
as measured by the selected value of the function tolerance, and
the problem appears regular as measured by the gradient.



Exit flag: 1
con2cov: iterations = 35184, max. relative error = 1.241244e-15
stability1 = 214.437009 at x0(EZ) = -1.400000

Equation solved.

fsolve completed because the vector of function values is near zero
as measured by the selected value of the function tolerance, and
the problem appears regular as measured by the gradient.



Exit flag: 1
con2cov: iterations = 35174, max. relative error = 1.239776e-15
stability1 = 214.352578 at x0(EZ) = -1.390000

Equation solved.

fsolve completed because the vector of function values is near zero
as measured by the selected value of the function tolerance, and
the problem appears regular as measured by the gradient.



Exit flag: 1
con2cov: iterations = 35163, max. relative error = 1.239401e-15
stability1 = 214.268123 at x0(EZ) = -1.380000

Equation solved.

fsolve completed because the vector of function values is near zero
as measured by the selected value of the function tolerance, and
the problem appears regular as measured by the gradient.



Exit flag: 1
con2cov: iterations = 35152, max. relative error = 1.239030e-15
stability1 = 214.183644 at x0(EZ) = -1.370000

Equation solved.

fsolve completed because the vector of function values is near zero
as measured by the selected value of the function tolerance, and
the problem appears regular as measured by the gradient.



Exit flag: 1
con2cov: iterations = 35141, max. relative error = 1.238664e-15
stability1 = 214.099142 at x0(EZ) = -1.360000

Equation solved.

fsolve completed because the vector of function values is near zero
as measured by the selected value of the function tolerance, and
the problem appears regular as measured by the gradient.



Exit flag: 1
con2cov: iterations = 35131, max. relative error = 1.237216e-15
stability1 = 214.014616 at x0(EZ) = -1.350000

Equation solved.

fsolve completed because the vector of function values is near zero
as measured by the selected value of the function tolerance, and
the problem appears regular as measured by the gradient.



Exit flag: 1
con2cov: iterations = 35120, max. relative error = 1.236860e-15
stability1 = 213.930067 at x0(EZ) = -1.340000

Equation solved.

fsolve completed because the vector of function values is near zero
as measured by the selected value of the function tolerance, and
the problem appears regular as measured by the gradient.



Exit flag: 1
con2cov: iterations = 35109, max. relative error = 1.236509e-15
stability1 = 213.845495 at x0(EZ) = -1.330000

Equation solved.

fsolve completed because the vector of function values is near zero
as measured by the selected value of the function tolerance, and
the problem appears regular as measured by the gradient.



Exit flag: 1
con2cov: iterations = 35098, max. relative error = 1.236162e-15
stability1 = 213.760899 at x0(EZ) = -1.320000

Equation solved, inaccuracy possible.

The vector of function values is near zero, as measured by the selected value
of the function tolerance. However, the last step was ineffective.



Exit flag: 3
con2cov: iterations = 35088, max. relative error = 1.234734e-15
stability1 = 213.676281 at x0(EZ) = -1.310000

Equation solved.

fsolve completed because the vector of function values is near zero
as measured by the selected value of the function tolerance, and
the problem appears regular as measured by the gradient.



Exit flag: 1
con2cov: iterations = 35077, max. relative error = 1.234397e-15
stability1 = 213.591641 at x0(EZ) = -1.300000

Equation solved.

fsolve completed because the vector of function values is near zero
as measured by the selected value of the function tolerance, and
the problem appears regular as measured by the gradient.



Exit flag: 1
con2cov: iterations = 35066, max. relative error = 1.234064e-15
stability1 = 213.506977 at x0(EZ) = -1.290000

Equation solved.

fsolve completed because the vector of function values is near zero
as measured by the selected value of the function tolerance, and
the problem appears regular as measured by the gradient.



Exit flag: 1
con2cov: iterations = 35055, max. relative error = 1.233736e-15
stability1 = 213.422292 at x0(EZ) = -1.280000

Equation solved.

fsolve completed because the vector of function values is near zero
as measured by the selected value of the function tolerance, and
the problem appears regular as measured by the gradient.



Exit flag: 1
con2cov: iterations = 35045, max. relative error = 1.232327e-15
stability1 = 213.337584 at x0(EZ) = -1.270000

Equation solved.

fsolve completed because the vector of function values is near zero
as measured by the selected value of the function tolerance, and
the problem appears regular as measured by the gradient.



Exit flag: 1
con2cov: iterations = 35034, max. relative error = 1.232008e-15
stability1 = 213.252854 at x0(EZ) = -1.260000

Equation solved.

fsolve completed because the vector of function values is near zero
as measured by the selected value of the function tolerance, and
the problem appears regular as measured by the gradient.



Exit flag: 1
con2cov: iterations = 35023, max. relative error = 1.231694e-15
stability1 = 213.168103 at x0(EZ) = -1.250000

Equation solved.

fsolve completed because the vector of function values is near zero
as measured by the selected value of the function tolerance, and
the problem appears regular as measured by the gradient.



Exit flag: 1
con2cov: iterations = 35013, max. relative error = 1.230299e-15
stability1 = 213.083330 at x0(EZ) = -1.240000

Equation solved.

fsolve completed because the vector of function values is near zero
as measured by the selected value of the function tolerance, and
the problem appears regular as measured by the gradient.



Exit flag: 1
con2cov: iterations = 35002, max. relative error = 1.229993e-15
stability1 = 212.998535 at x0(EZ) = -1.230000

Equation solved.

fsolve completed because the vector of function values is near zero
as measured by the selected value of the function tolerance, and
the problem appears regular as measured by the gradient.



Exit flag: 1
con2cov: iterations = 34991, max. relative error = 1.229692e-15
stability1 = 212.913719 at x0(EZ) = -1.220000

Equation solved.

fsolve completed because the vector of function values is near zero
as measured by the selected value of the function tolerance, and
the problem appears regular as measured by the gradient.



Exit flag: 1
con2cov: iterations = 34981, max. relative error = 1.228311e-15
stability1 = 212.828883 at x0(EZ) = -1.210000

Equation solved.

fsolve completed because the vector of function values is near zero
as measured by the selected value of the function tolerance, and
the problem appears regular as measured by the gradient.



Exit flag: 1
con2cov: iterations = 34970, max. relative error = 1.228019e-15
stability1 = 212.744025 at x0(EZ) = -1.200000

Equation solved.

fsolve completed because the vector of function values is near zero
as measured by the selected value of the function tolerance, and
the problem appears regular as measured by the gradient.



Exit flag: 1
con2cov: iterations = 34959, max. relative error = 1.227731e-15
stability1 = 212.659146 at x0(EZ) = -1.190000

Equation solved.

fsolve completed because the vector of function values is near zero
as measured by the selected value of the function tolerance, and
the problem appears regular as measured by the gradient.



Exit flag: 1
con2cov: iterations = 34949, max. relative error = 1.226363e-15
stability1 = 212.574248 at x0(EZ) = -1.180000

Equation solved.

fsolve completed because the vector of function values is near zero
as measured by the selected value of the function tolerance, and
the problem appears regular as measured by the gradient.



Exit flag: 1
con2cov: iterations = 34938, max. relative error = 1.226083e-15
stability1 = 212.489328 at x0(EZ) = -1.170000

Equation solved.

fsolve completed because the vector of function values is near zero
as measured by the selected value of the function tolerance, and
the problem appears regular as measured by the gradient.



Exit flag: 1
con2cov: iterations = 34928, max. relative error = 1.224725e-15
stability1 = 212.404389 at x0(EZ) = -1.160000

Equation solved.

fsolve completed because the vector of function values is near zero
as measured by the selected value of the function tolerance, and
the problem appears regular as measured by the gradient.



Exit flag: 1
con2cov: iterations = 34917, max. relative error = 1.224453e-15
stability1 = 212.319430 at x0(EZ) = -1.150000

Equation solved.

fsolve completed because the vector of function values is near zero
as measured by the selected value of the function tolerance, and
the problem appears regular as measured by the gradient.



Exit flag: 1
con2cov: iterations = 34906, max. relative error = 1.224186e-15
stability1 = 212.234452 at x0(EZ) = -1.140000

Equation solved.

fsolve completed because the vector of function values is near zero
as measured by the selected value of the function tolerance, and
the problem appears regular as measured by the gradient.



Exit flag: 1
con2cov: iterations = 34896, max. relative error = 1.222841e-15
stability1 = 212.149454 at x0(EZ) = -1.130000

Equation solved.

fsolve completed because the vector of function values is near zero
as measured by the selected value of the function tolerance, and
the problem appears regular as measured by the gradient.



Exit flag: 1
con2cov: iterations = 34885, max. relative error = 1.222581e-15
stability1 = 212.064436 at x0(EZ) = -1.120000

Equation solved.

fsolve completed because the vector of function values is near zero
as measured by the selected value of the function tolerance, and
the problem appears regular as measured by the gradient.



Exit flag: 1
con2cov: iterations = 34875, max. relative error = 1.221245e-15
stability1 = 211.979400 at x0(EZ) = -1.110000

Equation solved, inaccuracy possible.

The vector of function values is near zero, as measured by the selected value
of the function tolerance. However, the last step was ineffective.



Exit flag: 3
con2cov: iterations = 34864, max. relative error = 1.220993e-15
stability1 = 211.894345 at x0(EZ) = -1.100000

Equation solved, inaccuracy possible.

The vector of function values is near zero, as measured by the selected value
of the function tolerance. However, the last step was ineffective.



Exit flag: 3
con2cov: iterations = 34854, max. relative error = 1.219665e-15
stability1 = 211.809272 at x0(EZ) = -1.090000

Equation solved, inaccuracy possible.

The vector of function values is near zero, as measured by the selected value
of the function tolerance. However, the last step was ineffective.



Exit flag: 3
con2cov: iterations = 34843, max. relative error = 1.219422e-15
stability1 = 211.724180 at x0(EZ) = -1.080000

Equation solved, inaccuracy possible.

The vector of function values is near zero, as measured by the selected value
of the function tolerance. However, the last step was ineffective.



Exit flag: 3
con2cov: iterations = 34832, max. relative error = 1.219183e-15
stability1 = 211.639071 at x0(EZ) = -1.070000

Equation solved.

fsolve completed because the vector of function values is near zero
as measured by the selected value of the function tolerance, and
the problem appears regular as measured by the gradient.



Exit flag: 1
con2cov: iterations = 34822, max. relative error = 1.217866e-15
stability1 = 211.553944 at x0(EZ) = -1.060000

Equation solved.

fsolve completed because the vector of function values is near zero
as measured by the selected value of the function tolerance, and
the problem appears regular as measured by the gradient.



Exit flag: 1
con2cov: iterations = 34811, max. relative error = 1.217635e-15
stability1 = 211.468799 at x0(EZ) = -1.050000

Equation solved, inaccuracy possible.

The vector of function values is near zero, as measured by the selected value
of the function tolerance. However, the last step was ineffective.



Exit flag: 3
con2cov: iterations = 34801, max. relative error = 1.216327e-15
stability1 = 211.383637 at x0(EZ) = -1.040000

Equation solved.

fsolve completed because the vector of function values is near zero
as measured by the selected value of the function tolerance, and
the problem appears regular as measured by the gradient.



Exit flag: 1
con2cov: iterations = 34790, max. relative error = 1.216103e-15
stability1 = 211.298458 at x0(EZ) = -1.030000

Equation solved.

fsolve completed because the vector of function values is near zero
as measured by the selected value of the function tolerance, and
the problem appears regular as measured by the gradient.



Exit flag: 1
con2cov: iterations = 34780, max. relative error = 1.214803e-15
stability1 = 211.213262 at x0(EZ) = -1.020000

Equation solved, inaccuracy possible.

The vector of function values is near zero, as measured by the selected value
of the function tolerance. However, the last step was ineffective.



Exit flag: 3
con2cov: iterations = 34769, max. relative error = 1.214586e-15
stability1 = 211.128050 at x0(EZ) = -1.010000

Equation solved, inaccuracy possible.

The vector of function values is near zero, as measured by the selected value
of the function tolerance. However, the last step was ineffective.



Exit flag: 3
con2cov: iterations = 34759, max. relative error = 1.213294e-15
stability1 = 211.042822 at x0(EZ) = -1.000000
Processing original EZ = 78

Equation solved.

fsolve completed because the vector of function values is near zero
as measured by the selected value of the function tolerance, and
the problem appears regular as measured by the gradient.



Exit flag: 1
con2cov: iterations = 35407, max. relative error = 1.147308e-15
stability1 = 215.189072 at x0(EZ) = -1.500000

Equation solved.

fsolve completed because the vector of function values is near zero
as measured by the selected value of the function tolerance, and
the problem appears regular as measured by the gradient.



Exit flag: 1
con2cov: iterations = 35398, max. relative error = 1.147244e-15
stability1 = 215.103407 at x0(EZ) = -1.490000

Equation solved.

fsolve completed because the vector of function values is near zero
as measured by the selected value of the function tolerance, and
the problem appears regular as measured by the gradient.



Exit flag: 1
con2cov: iterations = 35388, max. relative error = 1.148194e-15
stability1 = 215.017715 at x0(EZ) = -1.480000

Equation solved.

fsolve completed because the vector of function values is near zero
as measured by the selected value of the function tolerance, and
the problem appears regular as measured by the gradient.



Exit flag: 1
con2cov: iterations = 35379, max. relative error = 1.148156e-15
stability1 = 214.931997 at x0(EZ) = -1.470000

Equation solved.

fsolve completed because the vector of function values is near zero
as measured by the selected value of the function tolerance, and
the problem appears regular as measured by the gradient.



Exit flag: 1
con2cov: iterations = 35370, max. relative error = 1.148132e-15
stability1 = 214.846253 at x0(EZ) = -1.460000

Equation solved.

fsolve completed because the vector of function values is near zero
as measured by the selected value of the function tolerance, and
the problem appears regular as measured by the gradient.



Exit flag: 1
con2cov: iterations = 35361, max. relative error = 1.148120e-15
stability1 = 214.760484 at x0(EZ) = -1.450000

Equation solved.

fsolve completed because the vector of function values is near zero
as measured by the selected value of the function tolerance, and
the problem appears regular as measured by the gradient.



Exit flag: 1
con2cov: iterations = 35352, max. relative error = 1.148121e-15
stability1 = 214.674691 at x0(EZ) = -1.440000

Equation solved.

fsolve completed because the vector of function values is near zero
as measured by the selected value of the function tolerance, and
the problem appears regular as measured by the gradient.



Exit flag: 1
con2cov: iterations = 35343, max. relative error = 1.148136e-15
stability1 = 214.588874 at x0(EZ) = -1.430000

Equation solved.

fsolve completed because the vector of function values is near zero
as measured by the selected value of the function tolerance, and
the problem appears regular as measured by the gradient.



Exit flag: 1
con2cov: iterations = 35334, max. relative error = 1.148163e-15
stability1 = 214.503034 at x0(EZ) = -1.420000

Equation solved.

fsolve completed because the vector of function values is near zero
as measured by the selected value of the function tolerance, and
the problem appears regular as measured by the gradient.



Exit flag: 1
con2cov: iterations = 35325, max. relative error = 1.148203e-15
stability1 = 214.417172 at x0(EZ) = -1.410000

Equation solved.

fsolve completed because the vector of function values is near zero
as measured by the selected value of the function tolerance, and
the problem appears regular as measured by the gradient.



Exit flag: 1
con2cov: iterations = 35316, max. relative error = 1.148256e-15
stability1 = 214.331287 at x0(EZ) = -1.400000

Equation solved, inaccuracy possible.

The vector of function values is near zero, as measured by the selected value
of the function tolerance. However, the last step was ineffective.



Exit flag: 3
con2cov: iterations = 35307, max. relative error = 1.148321e-15
stability1 = 214.245381 at x0(EZ) = -1.390000

Equation solved.

fsolve completed because the vector of function values is near zero
as measured by the selected value of the function tolerance, and
the problem appears regular as measured by the gradient.



Exit flag: 1
con2cov: iterations = 35298, max. relative error = 1.148400e-15
stability1 = 214.159455 at x0(EZ) = -1.380000

Equation solved.

fsolve completed because the vector of function values is near zero
as measured by the selected value of the function tolerance, and
the problem appears regular as measured by the gradient.



Exit flag: 1
con2cov: iterations = 35289, max. relative error = 1.148490e-15
[Warning: stability1 is not a real number or is NaN at x0(EZ) = -1.370000] 
[> In mainK43 at 87
  In run at 63] 

Equation solved.

fsolve completed because the vector of function values is near zero
as measured by the selected value of the function tolerance, and
the problem appears regular as measured by the gradient.



con2cov: iterations = 35297, max. relative error = 1.148509e-15
Fine stability1 = 214.150861 at x0(EZ) = -1.379000

Equation solved.

fsolve completed because the vector of function values is near zero
as measured by the selected value of the function tolerance, and
the problem appears regular as measured by the gradient.



con2cov: iterations = 35296, max. relative error = 1.148618e-15
Fine stability1 = 214.142267 at x0(EZ) = -1.378000

Equation solved.

fsolve completed because the vector of function values is near zero
as measured by the selected value of the function tolerance, and
the problem appears regular as measured by the gradient.



con2cov: iterations = 35295, max. relative error = 1.148727e-15
Fine stability1 = 214.133673 at x0(EZ) = -1.377000

Equation solved.

fsolve completed because the vector of function values is near zero
as measured by the selected value of the function tolerance, and
the problem appears regular as measured by the gradient.



con2cov: iterations = 35294, max. relative error = 1.148837e-15
Fine stability1 = 214.125079 at x0(EZ) = -1.376000

Equation solved.

fsolve completed because the vector of function values is near zero
as measured by the selected value of the function tolerance, and
the problem appears regular as measured by the gradient.



con2cov: iterations = 35293, max. relative error = 1.148946e-15
Fine stability1 = 214.116484 at x0(EZ) = -1.375000

Equation solved.

fsolve completed because the vector of function values is near zero
as measured by the selected value of the function tolerance, and
the problem appears regular as measured by the gradient.



con2cov: iterations = 35292, max. relative error = 1.149056e-15
Fine stability1 = 214.107889 at x0(EZ) = -1.374000

Equation solved.

fsolve completed because the vector of function values is near zero
as measured by the selected value of the function tolerance, and
the problem appears regular as measured by the gradient.



con2cov: iterations = 35291, max. relative error = 1.149166e-15
Fine stability1 = 214.099294 at x0(EZ) = -1.373000

Equation solved.

fsolve completed because the vector of function values is near zero
as measured by the selected value of the function tolerance, and
the problem appears regular as measured by the gradient.



con2cov: iterations = 35290, max. relative error = 1.149276e-15
Fine stability1 = 214.090699 at x0(EZ) = -1.372000

Equation solved.

fsolve completed because the vector of function values is near zero
as measured by the selected value of the function tolerance, and
the problem appears regular as measured by the gradient.



con2cov: iterations = 35290, max. relative error = 1.148380e-15
Fine stability1 = 214.082104 at x0(EZ) = -1.371000
Saved StabilityMatrix_K43_EZ23_to_78.mat successfully.
